 Fermi distribution function

Geometry optimization step: 172


********************************************************************************
 iSCC Total electronic   Diff electronic      SCC error    
    8   -0.19522692E+03   -0.28421709E-13    0.65782988E-08
********************************************************************************

 Total charge:    -0.00000000

 Atomic gross charges (e)
 Atom           Charge
    1       0.76843231
    2       0.77317384
    3       0.77134904
    4       0.76980857
    5       0.77025855
    6       0.77098950
    7       0.77363398
    8       0.73616419
    9       0.73668276
   10       0.73367299
   11       0.73589163
   12       0.73631086
   13       0.73367060
   14       0.73124149
   15       0.73462191
   16       0.73136194
   17       0.72963340
   18       0.73019190
   19       0.73233261
   20       0.73313816
   21       0.73073227
   22       0.72943958
   23       0.73407494
   24       0.91020942
   25      -0.37443281
   26      -0.37374177
   27      -0.37350069
   28      -0.40278515
   29      -0.35276929
   30      -0.35838257
   31      -0.35707537
   32      -0.35319474
   33      -0.35349557
   34      -0.35720816
   35      -0.35739001
   36      -0.38508010
   37      -0.36059334
   38      -0.35975740
   39      -0.35833062
   40      -0.35988488
   41      -0.35984929
   42      -0.35864367
   43      -0.35934112
   44      -0.39004075
   45      -0.37733642
   46      -0.40610499
   47      -0.37622522
   48      -0.37580618
   49      -0.39456702
   50      -0.39677800
   51      -0.39568021
   52      -0.39451670
   53      -0.39511564
   54      -0.39531907
   55      -0.39788592
   56      -0.39768749
   57      -0.38260475
   58      -0.38111214
   59      -0.38120432
   60      -0.38265903
   61      -0.38376751
   62      -0.38062347
   63      -0.38012351
   64      -0.38322939
   65      -0.37143276
   66      -0.37359930
   67      -0.36899705
   68      -0.37363051
   69      -0.37018517
   70      -0.37295055
   71      -0.37057525
   72      -0.37180158

Nr. of electrons (up):    384.00000000
Atom populations (up)
 Atom       Population
    1       3.23156769
    2       3.22682616
    3       3.22865096
    4       3.23019143
    5       3.22974145
    6       3.22901050
    7       3.22636602
    8       3.26383581
    9       3.26331724
   10       3.26632701
   11       3.26410837
   12       3.26368914
   13       3.26632940
   14       3.26875851
   15       3.26537809
   16       3.26863806
   17       3.27036660
   18       3.26980810
   19       3.26766739
   20       3.26686184
   21       3.26926773
   22       3.27056042
   23       3.26592506
   24       3.08979058
   25       6.37443281
   26       6.37374177
   27       6.37350069
   28       6.40278515
   29       6.35276929
   30       6.35838257
   31       6.35707537
   32       6.35319474
   33       6.35349557
   34       6.35720816
   35       6.35739001
   36       6.38508010
   37       6.36059334
   38       6.35975740
   39       6.35833062
   40       6.35988488
   41       6.35984929
   42       6.35864367
   43       6.35934112
   44       6.39004075
   45       6.37733642
   46       6.40610499
   47       6.37622522
   48       6.37580618
   49       6.39456702
   50       6.39677800
   51       6.39568021
   52       6.39451670
   53       6.39511564
   54       6.39531907
   55       6.39788592
   56       6.39768749
   57       6.38260475
   58       6.38111214
   59       6.38120432
   60       6.38265903
   61       6.38376751
   62       6.38062347
   63       6.38012351
   64       6.38322939
   65       6.37143276
   66       6.37359930
   67       6.36899705
   68       6.37363051
   69       6.37018517
   70       6.37295055
   71       6.37057525
   72       6.37180158

l-shell populations (up)
 Atom Sh.   l       Population
    1   1   0       1.08406838
    1   2   1       1.43359268
    1   3   2       0.71390663
    2   1   0       1.07854625
    2   2   1       1.42977299
    2   3   2       0.71850692
    3   1   0       1.08537816
    3   2   1       1.43247997
    3   3   2       0.71079283
    4   1   0       1.08614670
    4   2   1       1.43435012
    4   3   2       0.70969461
    5   1   0       1.08663452
    5   2   1       1.43333710
    5   3   2       0.70976983
    6   1   0       1.08510752
    6   2   1       1.43363035
    6   3   2       0.71027264
    7   1   0       1.07885939
    7   2   1       1.42845286
    7   3   2       0.71905376
    8   1   0       1.09545571
    8   2   1       1.45095513
    8   3   2       0.71742497
    9   1   0       1.08657867
    9   2   1       1.44643229
    9   3   2       0.73030628
   10   1   0       1.09107958
   10   2   1       1.44850155
   10   3   2       0.72674588
   11   1   0       1.09548971
   11   2   1       1.45209054
   11   3   2       0.71652813
   12   1   0       1.09555190
   12   2   1       1.45203729
   12   3   2       0.71609995
   13   1   0       1.09118290
   13   2   1       1.44945814
   13   3   2       0.72568836
   14   1   0       1.09205552
   14   2   1       1.45154639
   14   3   2       0.72515660
   15   1   0       1.09545706
   15   2   1       1.45240838
   15   3   2       0.71751265
   16   1   0       1.09720132
   16   2   1       1.45515922
   16   3   2       0.71627753
   17   1   0       1.09195749
   17   2   1       1.45081535
   17   3   2       0.72759377
   18   1   0       1.09055363
   18   2   1       1.45143146
   18   3   2       0.72782300
   19   1   0       1.09689211
   19   2   1       1.45478061
   19   3   2       0.71599467
   20   1   0       1.09710826
   20   2   1       1.45330414
   20   3   2       0.71644944
   21   1   0       1.09101173
   21   2   1       1.45128978
   21   3   2       0.72696623
   22   1   0       1.09068187
   22   2   1       1.45257287
   22   3   2       0.72730568
   23   1   0       1.09268086
   23   2   1       1.45217011
   23   3   2       0.72107408
   24   1   0       0.91270747
   24   2   1       1.41070232
   24   3   2       0.76638079
   25   1   0       1.88082018
   25   2   1       4.49361263
   26   1   0       1.88256356
   26   2   1       4.49117821
   27   1   0       1.88289538
   27   2   1       4.49060531
   28   1   0       1.86315817
   28   2   1       4.53962699
   29   1   0       1.87996390
   29   2   1       4.47280540
   30   1   0       1.88342155
   30   2   1       4.47496102
   31   1   0       1.88408387
   31   2   1       4.47299150
   32   1   0       1.87933722
   32   2   1       4.47385752
   33   1   0       1.87884350
   33   2   1       4.47465207
   34   1   0       1.88411214
   34   2   1       4.47309602
   35   1   0       1.88374680
   35   2   1       4.47364321
   36   1   0       1.85968137
   36   2   1       4.52539874
   37   1   0       1.88607835
   37   2   1       4.47451499
   38   1   0       1.88040214
   38   2   1       4.47935526
   39   1   0       1.87975163
   39   2   1       4.47857899
   40   1   0       1.88582696
   40   2   1       4.47405792
   41   1   0       1.88571160
   41   2   1       4.47413769
   42   1   0       1.87946884
   42   2   1       4.47917482
   43   1   0       1.87943079
   43   2   1       4.47991033
   44   1   0       1.86700646
   44   2   1       4.52303429
   45   1   0       1.87970577
   45   2   1       4.49763065
   46   1   0       1.86117537
   46   2   1       4.54492962
   47   1   0       1.88161292
   47   2   1       4.49461230
   48   1   0       1.88165745
   48   2   1       4.49414874
   49   1   0       1.88694392
   49   2   1       4.50762311
   50   1   0       1.88714104
   50   2   1       4.50963696
   51   1   0       1.88751171
   51   2   1       4.50816849
   52   1   0       1.88702727
   52   2   1       4.50748942
   53   1   0       1.88673093
   53   2   1       4.50838471
   54   1   0       1.88766811
   54   2   1       4.50765095
   55   1   0       1.88746698
   55   2   1       4.51041894
   56   1   0       1.88648931
   56   2   1       4.51119819
   57   1   0       1.88498632
   57   2   1       4.49761843
   58   1   0       1.88589975
   58   2   1       4.49521239
   59   1   0       1.88578754
   59   2   1       4.49541679
   60   1   0       1.88488026
   60   2   1       4.49777878
   61   1   0       1.88439463
   61   2   1       4.49937288
   62   1   0       1.88637065
   62   2   1       4.49425282
   63   1   0       1.88659719
   63   2   1       4.49352632
   64   1   0       1.88479057
   64   2   1       4.49843883
   65   1   0       1.88416262
   65   2   1       4.48727014
   66   1   0       1.88302897
   66   2   1       4.49057033
   67   1   0       1.88505769
   67   2   1       4.48393936
   68   1   0       1.88208028
   68   2   1       4.49155023
   69   1   0       1.88400586
   69   2   1       4.48617931
   70   1   0       1.88241165
   70   2   1       4.49053890
   71   1   0       1.88422892
   71   2   1       4.48634633
   72   1   0       1.88285597
   72   2   1       4.48894561

Orbital populations (up)
 Atom Sh.   l   m       Population  Label
    1   1   0   0       1.08406838  s
    1   2   1  -1       0.48104368  p_y
    1   2   1   0       0.47951998  p_z
    1   2   1   1       0.47302902  p_x
    1   3   2  -2       0.19897406  d_xy
    1   3   2  -1       0.11760873  d_yz
    1   3   2   0       0.18524315  d_z2
    1   3   2   1       0.10882659  d_xz
    1   3   2   2       0.10325410  d_x2-y2
    2   1   0   0       1.07854625  s
    2   2   1  -1       0.47621787  p_y
    2   2   1   0       0.48337878  p_z
    2   2   1   1       0.47017634  p_x
    2   3   2  -2       0.20287545  d_xy
    2   3   2  -1       0.11541591  d_yz
    2   3   2   0       0.19589677  d_z2
    2   3   2   1       0.10133624  d_xz
    2   3   2   2       0.10298255  d_x2-y2
    3   1   0   0       1.08537816  s
    3   2   1  -1       0.47616182  p_y
    3   2   1   0       0.48352296  p_z
    3   2   1   1       0.47279520  p_x
    3   3   2  -2       0.20149339  d_xy
    3   3   2  -1       0.11625272  d_yz
    3   3   2   0       0.18753679  d_z2
    3   3   2   1       0.10548105  d_xz
    3   3   2   2       0.10002887  d_x2-y2
    4   1   0   0       1.08614670  s
    4   2   1  -1       0.47984642  p_y
    4   2   1   0       0.47873069  p_z
    4   2   1   1       0.47577300  p_x
    4   3   2  -2       0.19628168  d_xy
    4   3   2  -1       0.12067966  d_yz
    4   3   2   0       0.18162620  d_z2
    4   3   2   1       0.10886857  d_xz
    4   3   2   2       0.10223850  d_x2-y2
    5   1   0   0       1.08663452  s
    5   2   1  -1       0.47935948  p_y
    5   2   1   0       0.47783043  p_z
    5   2   1   1       0.47614719  p_x
    5   3   2  -2       0.19700204  d_xy
    5   3   2  -1       0.12241408  d_yz
    5   3   2   0       0.17974360  d_z2
    5   3   2   1       0.10938311  d_xz
    5   3   2   2       0.10122701  d_x2-y2
    6   1   0   0       1.08510752  s
    6   2   1  -1       0.47519585  p_y
    6   2   1   0       0.48445404  p_z
    6   2   1   1       0.47398046  p_x
    6   3   2  -2       0.20046779  d_xy
    6   3   2  -1       0.11655885  d_yz
    6   3   2   0       0.18632508  d_z2
    6   3   2   1       0.10587290  d_xz
    6   3   2   2       0.10104802  d_x2-y2
    7   1   0   0       1.07885939  s
    7   2   1  -1       0.47405070  p_y
    7   2   1   0       0.48433416  p_z
    7   2   1   1       0.47006800  p_x
    7   3   2  -2       0.20655087  d_xy
    7   3   2  -1       0.11393142  d_yz
    7   3   2   0       0.19370053  d_z2
    7   3   2   1       0.10164420  d_xz
    7   3   2   2       0.10322673  d_x2-y2
    8   1   0   0       1.09545571  s
    8   2   1  -1       0.49085808  p_y
    8   2   1   0       0.48736688  p_z
    8   2   1   1       0.47273017  p_x
    8   3   2  -2       0.15983752  d_xy
    8   3   2  -1       0.15991146  d_yz
    8   3   2   0       0.12082206  d_z2
    8   3   2   1       0.16360952  d_xz
    8   3   2   2       0.11324442  d_x2-y2
    9   1   0   0       1.08657867  s
    9   2   1  -1       0.48766433  p_y
    9   2   1   0       0.48602237  p_z
    9   2   1   1       0.47274558  p_x
    9   3   2  -2       0.15989666  d_xy
    9   3   2  -1       0.16151077  d_yz
    9   3   2   0       0.12478630  d_z2
    9   3   2   1       0.16140088  d_xz
    9   3   2   2       0.12271167  d_x2-y2
   10   1   0   0       1.09107958  s
   10   2   1  -1       0.48864252  p_y
   10   2   1   0       0.48686985  p_z
   10   2   1   1       0.47298918  p_x
   10   3   2  -2       0.16092933  d_xy
   10   3   2  -1       0.16329130  d_yz
   10   3   2   0       0.12259736  d_z2
   10   3   2   1       0.16140651  d_xz
   10   3   2   2       0.11852139  d_x2-y2
   11   1   0   0       1.09548971  s
   11   2   1  -1       0.49147952  p_y
   11   2   1   0       0.48710202  p_z
   11   2   1   1       0.47350900  p_x
   11   3   2  -2       0.15883217  d_xy
   11   3   2  -1       0.15930852  d_yz
   11   3   2   0       0.12116295  d_z2
   11   3   2   1       0.16374434  d_xz
   11   3   2   2       0.11348015  d_x2-y2
   12   1   0   0       1.09555190  s
   12   2   1  -1       0.49331337  p_y
   12   2   1   0       0.48611276  p_z
   12   2   1   1       0.47261116  p_x
   12   3   2  -2       0.15677476  d_xy
   12   3   2  -1       0.16005972  d_yz
   12   3   2   0       0.12065698  d_z2
   12   3   2   1       0.16489660  d_xz
   12   3   2   2       0.11371190  d_x2-y2
   13   1   0   0       1.09118290  s
   13   2   1  -1       0.48765251  p_y
   13   2   1   0       0.48823734  p_z
   13   2   1   1       0.47356830  p_x
   13   3   2  -2       0.16164727  d_xy
   13   3   2  -1       0.16445514  d_yz
   13   3   2   0       0.12221621  d_z2
   13   3   2   1       0.15978854  d_xz
   13   3   2   2       0.11758119  d_x2-y2
   14   1   0   0       1.09205552  s
   14   2   1  -1       0.48817820  p_y
   14   2   1   0       0.48945093  p_z
   14   2   1   1       0.47391726  p_x
   14   3   2  -2       0.16120724  d_xy
   14   3   2  -1       0.16348332  d_yz
   14   3   2   0       0.12253501  d_z2
   14   3   2   1       0.15995955  d_xz
   14   3   2   2       0.11797148  d_x2-y2
   15   1   0   0       1.09545706  s
   15   2   1  -1       0.49313781  p_y
   15   2   1   0       0.48728384  p_z
   15   2   1   1       0.47198672  p_x
   15   3   2  -2       0.15862527  d_xy
   15   3   2  -1       0.15881926  d_yz
   15   3   2   0       0.12386960  d_z2
   15   3   2   1       0.16285788  d_xz
   15   3   2   2       0.11334064  d_x2-y2
   16   1   0   0       1.09720132  s
   16   2   1  -1       0.49178412  p_y
   16   2   1   0       0.48852730  p_z
   16   2   1   1       0.47484780  p_x
   16   3   2  -2       0.16637147  d_xy
   16   3   2  -1       0.15265350  d_yz
   16   3   2   0       0.12796511  d_z2
   16   3   2   1       0.16321942  d_xz
   16   3   2   2       0.10606803  d_x2-y2
   17   1   0   0       1.09195749  s
   17   2   1  -1       0.48939306  p_y
   17   2   1   0       0.48630422  p_z
   17   2   1   1       0.47511807  p_x
   17   3   2  -2       0.16840667  d_xy
   17   3   2  -1       0.15818968  d_yz
   17   3   2   0       0.12981930  d_z2
   17   3   2   1       0.16039580  d_xz
   17   3   2   2       0.11078233  d_x2-y2
   18   1   0   0       1.09055363  s
   18   2   1  -1       0.49015150  p_y
   18   2   1   0       0.48549701  p_z
   18   2   1   1       0.47578296  p_x
   18   3   2  -2       0.16787260  d_xy
   18   3   2  -1       0.15778008  d_yz
   18   3   2   0       0.12925602  d_z2
   18   3   2   1       0.16170575  d_xz
   18   3   2   2       0.11120854  d_x2-y2
   19   1   0   0       1.09689211  s
   19   2   1  -1       0.49199528  p_y
   19   2   1   0       0.48788183  p_z
   19   2   1   1       0.47490350  p_x
   19   3   2  -2       0.16656231  d_xy
   19   3   2  -1       0.15241302  d_yz
   19   3   2   0       0.12773185  d_z2
   19   3   2   1       0.16348311  d_xz
   19   3   2   2       0.10580437  d_x2-y2
   20   1   0   0       1.09710826  s
   20   2   1  -1       0.49212137  p_y
   20   2   1   0       0.48641781  p_z
   20   2   1   1       0.47476496  p_x
   20   3   2  -2       0.16709836  d_xy
   20   3   2  -1       0.15167019  d_yz
   20   3   2   0       0.12780867  d_z2
   20   3   2   1       0.16392682  d_xz
   20   3   2   2       0.10594539  d_x2-y2
   21   1   0   0       1.09101173  s
   21   2   1  -1       0.48990001  p_y
   21   2   1   0       0.48574214  p_z
   21   2   1   1       0.47564763  p_x
   21   3   2  -2       0.16855383  d_xy
   21   3   2  -1       0.15630518  d_yz
   21   3   2   0       0.12929919  d_z2
   21   3   2   1       0.16162037  d_xz
   21   3   2   2       0.11118766  d_x2-y2
   22   1   0   0       1.09068187  s
   22   2   1  -1       0.49067224  p_y
   22   2   1   0       0.48684185  p_z
   22   2   1   1       0.47505878  p_x
   22   3   2  -2       0.16924954  d_xy
   22   3   2  -1       0.15526413  d_yz
   22   3   2   0       0.12903042  d_z2
   22   3   2   1       0.16267550  d_xz
   22   3   2   2       0.11108608  d_x2-y2
   23   1   0   0       1.09268086  s
   23   2   1  -1       0.49200656  p_y
   23   2   1   0       0.48598377  p_z
   23   2   1   1       0.47417979  p_x
   23   3   2  -2       0.16700647  d_xy
   23   3   2  -1       0.14934353  d_yz
   23   3   2   0       0.13055650  d_z2
   23   3   2   1       0.16485341  d_xz
   23   3   2   2       0.10931416  d_x2-y2
   24   1   0   0       0.91270747  s
   24   2   1  -1       0.47074656  p_y
   24   2   1   0       0.47092915  p_z
   24   2   1   1       0.46902661  p_x
   24   3   2  -2       0.18034351  d_xy
   24   3   2  -1       0.14352648  d_yz
   24   3   2   0       0.17468964  d_z2
   24   3   2   1       0.13464907  d_xz
   24   3   2   2       0.13317208  d_x2-y2
   25   1   0   0       1.88082018  s
   25   2   1  -1       1.67417586  p_y
   25   2   1   0       1.49413146  p_z
   25   2   1   1       1.32530530  p_x
   26   1   0   0       1.88256356  s
   26   2   1  -1       1.67452042  p_y
   26   2   1   0       1.48301914  p_z
   26   2   1   1       1.33363865  p_x
   27   1   0   0       1.88289538  s
   27   2   1  -1       1.67461185  p_y
   27   2   1   0       1.48429290  p_z
   27   2   1   1       1.33170056  p_x
   28   1   0   0       1.86315817  s
   28   2   1  -1       1.67839005  p_y
   28   2   1   0       1.50767094  p_z
   28   2   1   1       1.35356600  p_x
   29   1   0   0       1.87996390  s
   29   2   1  -1       1.43779890  p_y
   29   2   1   0       1.50880056  p_z
   29   2   1   1       1.52620594  p_x
   30   1   0   0       1.88342155  s
   30   2   1  -1       1.43185979  p_y
   30   2   1   0       1.49121998  p_z
   30   2   1   1       1.55188124  p_x
   31   1   0   0       1.88408387  s
   31   2   1  -1       1.42200158  p_y
   31   2   1   0       1.50270193  p_z
   31   2   1   1       1.54828799  p_x
   32   1   0   0       1.87933722  s
   32   2   1  -1       1.44361024  p_y
   32   2   1   0       1.50514165  p_z
   32   2   1   1       1.52510563  p_x
   33   1   0   0       1.87884350  s
   33   2   1  -1       1.42960186  p_y
   33   2   1   0       1.51255322  p_z
   33   2   1   1       1.53249700  p_x
   34   1   0   0       1.88411214  s
   34   2   1  -1       1.42674814  p_y
   34   2   1   0       1.50216419  p_z
   34   2   1   1       1.54418369  p_x
   35   1   0   0       1.88374680  s
   35   2   1  -1       1.42722830  p_y
   35   2   1   0       1.50335806  p_z
   35   2   1   1       1.54305685  p_x
   36   1   0   0       1.85968137  s
   36   2   1  -1       1.46072841  p_y
   36   2   1   0       1.50898514  p_z
   36   2   1   1       1.55568519  p_x
   37   1   0   0       1.88607835  s
   37   2   1  -1       1.39138545  p_y
   37   2   1   0       1.51789019  p_z
   37   2   1   1       1.56523935  p_x
   38   1   0   0       1.88040214  s
   38   2   1  -1       1.41139679  p_y
   38   2   1   0       1.50174044  p_z
   38   2   1   1       1.56621802  p_x
   39   1   0   0       1.87975163  s
   39   2   1  -1       1.39984546  p_y
   39   2   1   0       1.50851379  p_z
   39   2   1   1       1.57021973  p_x
   40   1   0   0       1.88582696  s
   40   2   1  -1       1.38731290  p_y
   40   2   1   0       1.51776455  p_z
   40   2   1   1       1.56898047  p_x
   41   1   0   0       1.88571160  s
   41   2   1  -1       1.37901045  p_y
   41   2   1   0       1.52585163  p_z
   41   2   1   1       1.56927561  p_x
   42   1   0   0       1.87946884  s
   42   2   1  -1       1.40228959  p_y
   42   2   1   0       1.50545402  p_z
   42   2   1   1       1.57143121  p_x
   43   1   0   0       1.87943079  s
   43   2   1  -1       1.39955002  p_y
   43   2   1   0       1.50207767  p_z
   43   2   1   1       1.57828264  p_x
   44   1   0   0       1.86700646  s
   44   2   1  -1       1.40991798  p_y
   44   2   1   0       1.52374966  p_z
   44   2   1   1       1.58936665  p_x
   45   1   0   0       1.87970577  s
   45   2   1  -1       1.68676788  p_y
   45   2   1   0       1.47919729  p_z
   45   2   1   1       1.33166549  p_x
   46   1   0   0       1.86117537  s
   46   2   1  -1       1.68979054  p_y
   46   2   1   0       1.50173132  p_z
   46   2   1   1       1.35340776  p_x
   47   1   0   0       1.88161292  s
   47   2   1  -1       1.68733341  p_y
   47   2   1   0       1.46368551  p_z
   47   2   1   1       1.34359338  p_x
   48   1   0   0       1.88165745  s
   48   2   1  -1       1.68566404  p_y
   48   2   1   0       1.46786499  p_z
   48   2   1   1       1.34061971  p_x
   49   1   0   0       1.88694392  s
   49   2   1  -1       1.67578904  p_y
   49   2   1   0       1.62244055  p_z
   49   2   1   1       1.20939351  p_x
   50   1   0   0       1.88714104  s
   50   2   1  -1       1.67689821  p_y
   50   2   1   0       1.62102203  p_z
   50   2   1   1       1.21171671  p_x
   51   1   0   0       1.88751171  s
   51   2   1  -1       1.67794616  p_y
   51   2   1   0       1.61826063  p_z
   51   2   1   1       1.21196171  p_x
   52   1   0   0       1.88702727  s
   52   2   1  -1       1.67727066  p_y
   52   2   1   0       1.61785883  p_z
   52   2   1   1       1.21235993  p_x
   53   1   0   0       1.88673093  s
   53   2   1  -1       1.68053070  p_y
   53   2   1   0       1.61593200  p_z
   53   2   1   1       1.21192201  p_x
   54   1   0   0       1.88766811  s
   54   2   1  -1       1.67677763  p_y
   54   2   1   0       1.61786735  p_z
   54   2   1   1       1.21300597  p_x
   55   1   0   0       1.88746698  s
   55   2   1  -1       1.67583762  p_y
   55   2   1   0       1.62119832  p_z
   55   2   1   1       1.21338299  p_x
   56   1   0   0       1.88648931  s
   56   2   1  -1       1.68003423  p_y
   56   2   1   0       1.61869758  p_z
   56   2   1   1       1.21246638  p_x
   57   1   0   0       1.88498632  s
   57   2   1  -1       1.62133448  p_y
   57   2   1   0       1.21003196  p_z
   57   2   1   1       1.66625199  p_x
   58   1   0   0       1.88589975  s
   58   2   1  -1       1.61529299  p_y
   58   2   1   0       1.20973825  p_z
   58   2   1   1       1.67018116  p_x
   59   1   0   0       1.88578754  s
   59   2   1  -1       1.61201286  p_y
   59   2   1   0       1.21089013  p_z
   59   2   1   1       1.67251379  p_x
   60   1   0   0       1.88488026  s
   60   2   1  -1       1.62048456  p_y
   60   2   1   0       1.20992695  p_z
   60   2   1   1       1.66736727  p_x
   61   1   0   0       1.88439463  s
   61   2   1  -1       1.62487483  p_y
   61   2   1   0       1.20875223  p_z
   61   2   1   1       1.66574582  p_x
   62   1   0   0       1.88637065  s
   62   2   1  -1       1.60700138  p_y
   62   2   1   0       1.21244828  p_z
   62   2   1   1       1.67480315  p_x
   63   1   0   0       1.88659719  s
   63   2   1  -1       1.60622165  p_y
   63   2   1   0       1.21463752  p_z
   63   2   1   1       1.67266715  p_x
   64   1   0   0       1.88479057  s
   64   2   1  -1       1.62723195  p_y
   64   2   1   0       1.20885726  p_z
   64   2   1   1       1.66234961  p_x
   65   1   0   0       1.88416262  s
   65   2   1  -1       1.21030830  p_y
   65   2   1   0       1.67469640  p_z
   65   2   1   1       1.60226545  p_x
   66   1   0   0       1.88302897  s
   66   2   1  -1       1.20616246  p_y
   66   2   1   0       1.67688579  p_z
   66   2   1   1       1.60752208  p_x
   67   1   0   0       1.88505769  s
   67   2   1  -1       1.21299661  p_y
   67   2   1   0       1.67485881  p_z
   67   2   1   1       1.59608394  p_x
   68   1   0   0       1.88208028  s
   68   2   1  -1       1.20663800  p_y
   68   2   1   0       1.68101249  p_z
   68   2   1   1       1.60389974  p_x
   69   1   0   0       1.88400586  s
   69   2   1  -1       1.21261569  p_y
   69   2   1   0       1.66244899  p_z
   69   2   1   1       1.61111463  p_x
   70   1   0   0       1.88241165  s
   70   2   1  -1       1.21065969  p_y
   70   2   1   0       1.66943616  p_z
   70   2   1   1       1.61044305  p_x
   71   1   0   0       1.88422892  s
   71   2   1  -1       1.21023427  p_y
   71   2   1   0       1.65654929  p_z
   71   2   1   1       1.61956277  p_x
   72   1   0   0       1.88285597  s
   72   2   1  -1       1.21138900  p_y
   72   2   1   0       1.67191464  p_z
   72   2   1   1       1.60564196  p_x

Fermi level:                        -0.1676593862 H           -4.5622 eV
Band energy:                      -174.9376887165 H        -4760.2967 eV
TS:                                  0.0000000000 H            0.0000 eV
Band free energy (E-TS):          -174.9376887165 H        -4760.2967 eV
Extrapolated E(0K):               -174.9376887165 H        -4760.2967 eV
Input / Output electrons (q):    384.0000000000    384.0000000000

Energy H0:                        -195.8711610372 H        -5329.9255 eV
Energy SCC:                          0.6442406778 H           17.5307 eV
Total Electronic energy:          -195.2269203594 H        -5312.3948 eV
Repulsive energy:                    1.9069623241 H           51.8911 eV
Total energy:                     -193.3199580353 H        -5260.5037 eV
Extrapolated to 0:                -193.3199580353 H        -5260.5037 eV
Total Mermin free energy:         -193.3199580353 H        -5260.5037 eV
Force related energy:             -193.3199580353 H        -5260.5037 eV

Non-constrained calculation

SCC converged

Full geometry written in geo_end.{xyz|gen}

Warning: dipole moment is not defined absolutely!
Dipole moment:    0.95568073   22.91789605   27.30872411 au
Dipole moment:    2.42909832   58.25148607   69.41185871 Debye

Geometry converged

