 Fermi distribution function

Geometry optimization step: 186


********************************************************************************
 iSCC Total electronic   Diff electronic      SCC error    
    8   -0.19518406E+03   -0.85265128E-13    0.25127780E-08
********************************************************************************

 Total charge:    -0.00000000

 Atomic gross charges (e)
 Atom           Charge
    1       0.87551159
    2       0.87554696
    3       0.77252363
    4       0.76757366
    5       0.77086587
    6       0.76966668
    7       0.76958056
    8       0.77087636
    9       0.76750985
   10       0.77246082
   11       0.73550439
   12       0.73599267
   13       0.73340234
   14       0.73518628
   15       0.73503764
   16       0.73311671
   17       0.73593882
   18       0.73531426
   19       0.72937258
   20       0.72892042
   21       0.73410699
   22       0.73370282
   23       0.72880943
   24       0.72920724
   25      -0.37374487
   26      -0.37293055
   27      -0.37290117
   28      -0.37370709
   29      -0.35950586
   30      -0.35434326
   31      -0.35708963
   32      -0.35303611
   33      -0.35328675
   34      -0.35699349
   35      -0.35455521
   36      -0.35927129
   37      -0.38923963
   38      -0.36057224
   39      -0.35816897
   40      -0.36102282
   41      -0.36087815
   42      -0.35820492
   43      -0.36047880
   44      -0.38937643
   45      -0.37725410
   46      -0.37732595
   47      -0.37570950
   48      -0.37579106
   49      -0.39693366
   50      -0.42663128
   51      -0.39568490
   52      -0.39423128
   53      -0.39414129
   54      -0.39583573
   55      -0.42679245
   56      -0.39710946
   57      -0.41339651
   58      -0.38336603
   59      -0.38134323
   60      -0.38351688
   61      -0.38311839
   62      -0.38111836
   63      -0.38299905
   64      -0.41311934
   65      -0.37304889
   66      -0.37260874
   67      -0.37296303
   68      -0.37243053
   69      -0.40389772
   70      -0.37117177
   71      -0.40371308
   72      -0.37116914

Nr. of electrons (up):    384.00000000
Atom populations (up)
 Atom       Population
    1       3.12448841
    2       3.12445304
    3       3.22747637
    4       3.23242634
    5       3.22913413
    6       3.23033332
    7       3.23041944
    8       3.22912364
    9       3.23249015
   10       3.22753918
   11       3.26449561
   12       3.26400733
   13       3.26659766
   14       3.26481372
   15       3.26496236
   16       3.26688329
   17       3.26406118
   18       3.26468574
   19       3.27062742
   20       3.27107958
   21       3.26589301
   22       3.26629718
   23       3.27119057
   24       3.27079276
   25       6.37374487
   26       6.37293055
   27       6.37290117
   28       6.37370709
   29       6.35950586
   30       6.35434326
   31       6.35708963
   32       6.35303611
   33       6.35328675
   34       6.35699349
   35       6.35455521
   36       6.35927129
   37       6.38923963
   38       6.36057224
   39       6.35816897
   40       6.36102282
   41       6.36087815
   42       6.35820492
   43       6.36047880
   44       6.38937643
   45       6.37725410
   46       6.37732595
   47       6.37570950
   48       6.37579106
   49       6.39693366
   50       6.42663128
   51       6.39568490
   52       6.39423128
   53       6.39414129
   54       6.39583573
   55       6.42679245
   56       6.39710946
   57       6.41339651
   58       6.38336603
   59       6.38134323
   60       6.38351688
   61       6.38311839
   62       6.38111836
   63       6.38299905
   64       6.41311934
   65       6.37304889
   66       6.37260874
   67       6.37296303
   68       6.37243053
   69       6.40389772
   70       6.37117177
   71       6.40371308
   72       6.37116914

l-shell populations (up)
 Atom Sh.   l       Population
    1   1   0       0.91694662
    1   2   1       1.42775956
    1   3   2       0.77978223
    2   1   0       0.91647008
    2   2   1       1.42754439
    2   3   2       0.78043857
    3   1   0       1.07787414
    3   2   1       1.42784274
    3   3   2       0.72175949
    4   1   0       1.08640089
    4   2   1       1.43508477
    4   3   2       0.71094067
    5   1   0       1.08595910
    5   2   1       1.43367957
    5   3   2       0.70949546
    6   1   0       1.08733255
    6   2   1       1.43397664
    6   3   2       0.70902412
    7   1   0       1.08744041
    7   2   1       1.43403751
    7   3   2       0.70894152
    8   1   0       1.08581694
    8   2   1       1.43354692
    8   3   2       0.70975977
    9   1   0       1.08650434
    9   2   1       1.43519140
    9   3   2       0.71079442
   10   1   0       1.07801001
   10   2   1       1.42776916
   10   3   2       0.72176001
   11   1   0       1.08916704
   11   2   1       1.44881989
   11   3   2       0.72650868
   12   1   0       1.09068973
   12   2   1       1.45032480
   12   3   2       0.72299280
   13   1   0       1.09212083
   13   2   1       1.45020893
   13   3   2       0.72426790
   14   1   0       1.09604927
   14   2   1       1.45390449
   14   3   2       0.71485997
   15   1   0       1.09578980
   15   2   1       1.45377441
   15   3   2       0.71539815
   16   1   0       1.09198460
   16   2   1       1.45018901
   16   3   2       0.72470967
   17   1   0       1.09037492
   17   2   1       1.44998182
   17   3   2       0.72370445
   18   1   0       1.08891874
   18   2   1       1.44874587
   18   3   2       0.72702113
   19   1   0       1.09859836
   19   2   1       1.45754495
   19   3   2       0.71448411
   20   1   0       1.09120528
   20   2   1       1.45292028
   20   3   2       0.72695402
   21   1   0       1.09376816
   21   2   1       1.45454422
   21   3   2       0.71758063
   22   1   0       1.09371304
   22   2   1       1.45466840
   22   3   2       0.71791574
   23   1   0       1.09083766
   23   2   1       1.45263239
   23   3   2       0.72772051
   24   1   0       1.09839432
   24   2   1       1.45744038
   24   3   2       0.71495807
   25   1   0       1.88196901
   25   2   1       4.49177586
   26   1   0       1.88301322
   26   2   1       4.48991734
   27   1   0       1.88297066
   27   2   1       4.48993052
   28   1   0       1.88195662
   28   2   1       4.49175047
   29   1   0       1.88145645
   29   2   1       4.47804942
   30   1   0       1.87950644
   30   2   1       4.47483682
   31   1   0       1.88410676
   31   2   1       4.47298287
   32   1   0       1.87912447
   32   2   1       4.47391164
   33   1   0       1.87913377
   33   2   1       4.47415298
   34   1   0       1.88422909
   34   2   1       4.47276439
   35   1   0       1.87953577
   35   2   1       4.47501944
   36   1   0       1.88167168
   36   2   1       4.47759961
   37   1   0       1.85935058
   37   2   1       4.52988905
   38   1   0       1.88660396
   38   2   1       4.47396828
   39   1   0       1.87988447
   39   2   1       4.47828450
   40   1   0       1.88632742
   40   2   1       4.47469540
   41   1   0       1.88639008
   41   2   1       4.47448808
   42   1   0       1.87966467
   42   2   1       4.47854025
   43   1   0       1.88665304
   43   2   1       4.47382576
   44   1   0       1.85916965
   44   2   1       4.53020678
   45   1   0       1.88119462
   45   2   1       4.49605948
   46   1   0       1.88115082
   46   2   1       4.49617513
   47   1   0       1.88142374
   47   2   1       4.49428576
   48   1   0       1.88140747
   48   2   1       4.49438359
   49   1   0       1.88831637
   49   2   1       4.50861729
   50   1   0       1.86810659
   50   2   1       4.55852469
   51   1   0       1.88814337
   51   2   1       4.50754152
   52   1   0       1.88722492
   52   2   1       4.50700636
   53   1   0       1.88715915
   53   2   1       4.50698214
   54   1   0       1.88795146
   54   2   1       4.50788427
   55   1   0       1.86791910
   55   2   1       4.55887335
   56   1   0       1.88811354
   56   2   1       4.50899592
   57   1   0       1.86612258
   57   2   1       4.54727393
   58   1   0       1.88571499
   58   2   1       4.49765104
   59   1   0       1.88546766
   59   2   1       4.49587557
   60   1   0       1.88535699
   60   2   1       4.49815989
   61   1   0       1.88532361
   61   2   1       4.49779478
   62   1   0       1.88542662
   62   2   1       4.49569174
   63   1   0       1.88566178
   63   2   1       4.49733726
   64   1   0       1.86605621
   64   2   1       4.54706313
   65   1   0       1.88399382
   65   2   1       4.48905506
   66   1   0       1.88375133
   66   2   1       4.48885741
   67   1   0       1.88392485
   67   2   1       4.48903817
   68   1   0       1.88375516
   68   2   1       4.48867537
   69   1   0       1.86458454
   69   2   1       4.53931318
   70   1   0       1.88304614
   70   2   1       4.48812563
   71   1   0       1.86460557
   71   2   1       4.53910751
   72   1   0       1.88295582
   72   2   1       4.48821332

Orbital populations (up)
 Atom Sh.   l   m       Population  Label
    1   1   0   0       0.91694662  s
    1   2   1  -1       0.48329212  p_y
    1   2   1   0       0.47553585  p_z
    1   2   1   1       0.46893159  p_x
    1   3   2  -2       0.16528922  d_xy
    1   3   2  -1       0.16008727  d_yz
    1   3   2   0       0.15217024  d_z2
    1   3   2   1       0.16222904  d_xz
    1   3   2   2       0.14000646  d_x2-y2
    2   1   0   0       0.91647008  s
    2   2   1  -1       0.48303521  p_y
    2   2   1   0       0.47558201  p_z
    2   2   1   1       0.46892718  p_x
    2   3   2  -2       0.16557049  d_xy
    2   3   2  -1       0.16145319  d_yz
    2   3   2   0       0.15233211  d_z2
    2   3   2   1       0.16106195  d_xz
    2   3   2   2       0.14002082  d_x2-y2
    3   1   0   0       1.07787414  s
    3   2   1  -1       0.46892490  p_y
    3   2   1   0       0.48316180  p_z
    3   2   1   1       0.47575604  p_x
    3   3   2  -2       0.19648338  d_xy
    3   3   2  -1       0.11130159  d_yz
    3   3   2   0       0.19393604  d_z2
    3   3   2   1       0.10893556  d_xz
    3   3   2   2       0.11110290  d_x2-y2
    4   1   0   0       1.08640089  s
    4   2   1  -1       0.48108240  p_y
    4   2   1   0       0.47828553  p_z
    4   2   1   1       0.47571684  p_x
    4   3   2  -2       0.19377608  d_xy
    4   3   2  -1       0.11775119  d_yz
    4   3   2   0       0.18792048  d_z2
    4   3   2   1       0.10605904  d_xz
    4   3   2   2       0.10543388  d_x2-y2
    5   1   0   0       1.08595910  s
    5   2   1  -1       0.47549179  p_y
    5   2   1   0       0.48492119  p_z
    5   2   1   1       0.47326659  p_x
    5   3   2  -2       0.20121143  d_xy
    5   3   2  -1       0.11551042  d_yz
    5   3   2   0       0.18458177  d_z2
    5   3   2   1       0.10838411  d_xz
    5   3   2   2       0.09980772  d_x2-y2
    6   1   0   0       1.08733255  s
    6   2   1  -1       0.47921476  p_y
    6   2   1   0       0.47755159  p_z
    6   2   1   1       0.47721030  p_x
    6   3   2  -2       0.19553404  d_xy
    6   3   2  -1       0.12241377  d_yz
    6   3   2   0       0.18216384  d_z2
    6   3   2   1       0.10475836  d_xz
    6   3   2   2       0.10415411  d_x2-y2
    7   1   0   0       1.08744041  s
    7   2   1  -1       0.48053423  p_y
    7   2   1   0       0.47720265  p_z
    7   2   1   1       0.47630063  p_x
    7   3   2  -2       0.19727789  d_xy
    7   3   2  -1       0.12138680  d_yz
    7   3   2   0       0.18149924  d_z2
    7   3   2   1       0.10644236  d_xz
    7   3   2   2       0.10233523  d_x2-y2
    8   1   0   0       1.08581694  s
    8   2   1  -1       0.47443418  p_y
    8   2   1   0       0.48488610  p_z
    8   2   1   1       0.47422664  p_x
    8   3   2  -2       0.19868749  d_xy
    8   3   2  -1       0.11593388  d_yz
    8   3   2   0       0.18471744  d_z2
    8   3   2   1       0.10779872  d_xz
    8   3   2   2       0.10262225  d_x2-y2
    9   1   0   0       1.08650434  s
    9   2   1  -1       0.48241207  p_y
    9   2   1   0       0.47786364  p_z
    9   2   1   1       0.47491570  p_x
    9   3   2  -2       0.19488297  d_xy
    9   3   2  -1       0.11670492  d_yz
    9   3   2   0       0.18713728  d_z2
    9   3   2   1       0.10800031  d_xz
    9   3   2   2       0.10406893  d_x2-y2
   10   1   0   0       1.07801001  s
   10   2   1  -1       0.46793757  p_y
   10   2   1   0       0.48315520  p_z
   10   2   1   1       0.47667638  p_x
   10   3   2  -2       0.19272701  d_xy
   10   3   2  -1       0.11188285  d_yz
   10   3   2   0       0.19385168  d_z2
   10   3   2   1       0.10819049  d_xz
   10   3   2   2       0.11510799  d_x2-y2
   11   1   0   0       1.08916704  s
   11   2   1  -1       0.49081327  p_y
   11   2   1   0       0.48386235  p_z
   11   2   1   1       0.47414427  p_x
   11   3   2  -2       0.15503866  d_xy
   11   3   2  -1       0.17000046  d_yz
   11   3   2   0       0.11288237  d_z2
   11   3   2   1       0.16769635  d_xz
   11   3   2   2       0.12089084  d_x2-y2
   12   1   0   0       1.09068973  s
   12   2   1  -1       0.49149138  p_y
   12   2   1   0       0.48939766  p_z
   12   2   1   1       0.46943576  p_x
   12   3   2  -2       0.16350849  d_xy
   12   3   2  -1       0.15759971  d_yz
   12   3   2   0       0.12084857  d_z2
   12   3   2   1       0.16783544  d_xz
   12   3   2   2       0.11320059  d_x2-y2
   13   1   0   0       1.09212083  s
   13   2   1  -1       0.48953430  p_y
   13   2   1   0       0.48705579  p_z
   13   2   1   1       0.47361884  p_x
   13   3   2  -2       0.15938433  d_xy
   13   3   2  -1       0.16352981  d_yz
   13   3   2   0       0.12010413  d_z2
   13   3   2   1       0.16304622  d_xz
   13   3   2   2       0.11820341  d_x2-y2
   14   1   0   0       1.09604927  s
   14   2   1  -1       0.49149997  p_y
   14   2   1   0       0.48843756  p_z
   14   2   1   1       0.47396696  p_x
   14   3   2  -2       0.16003980  d_xy
   14   3   2  -1       0.15960996  d_yz
   14   3   2   0       0.12035021  d_z2
   14   3   2   1       0.16249987  d_xz
   14   3   2   2       0.11236013  d_x2-y2
   15   1   0   0       1.09578980  s
   15   2   1  -1       0.49183102  p_y
   15   2   1   0       0.48853625  p_z
   15   2   1   1       0.47340713  p_x
   15   3   2  -2       0.15823478  d_xy
   15   3   2  -1       0.15788011  d_yz
   15   3   2   0       0.11987360  d_z2
   15   3   2   1       0.16488096  d_xz
   15   3   2   2       0.11452871  d_x2-y2
   16   1   0   0       1.09198460  s
   16   2   1  -1       0.48929990  p_y
   16   2   1   0       0.48700967  p_z
   16   2   1   1       0.47387945  p_x
   16   3   2  -2       0.16123607  d_xy
   16   3   2  -1       0.16521987  d_yz
   16   3   2   0       0.12063455  d_z2
   16   3   2   1       0.16117876  d_xz
   16   3   2   2       0.11644042  d_x2-y2
   17   1   0   0       1.09037492  s
   17   2   1  -1       0.49183638  p_y
   17   2   1   0       0.48938739  p_z
   17   2   1   1       0.46875805  p_x
   17   3   2  -2       0.16178326  d_xy
   17   3   2  -1       0.15571452  d_yz
   17   3   2   0       0.12040274  d_z2
   17   3   2   1       0.17039407  d_xz
   17   3   2   2       0.11540985  d_x2-y2
   18   1   0   0       1.08891874  s
   18   2   1  -1       0.49053135  p_y
   18   2   1   0       0.48386632  p_z
   18   2   1   1       0.47434819  p_x
   18   3   2  -2       0.15728979  d_xy
   18   3   2  -1       0.17134871  d_yz
   18   3   2   0       0.11369938  d_z2
   18   3   2   1       0.16601761  d_xz
   18   3   2   2       0.11866564  d_x2-y2
   19   1   0   0       1.09859836  s
   19   2   1  -1       0.49122331  p_y
   19   2   1   0       0.48951908  p_z
   19   2   1   1       0.47680255  p_x
   19   3   2  -2       0.16647403  d_xy
   19   3   2  -1       0.15458757  d_yz
   19   3   2   0       0.12612290  d_z2
   19   3   2   1       0.16184534  d_xz
   19   3   2   2       0.10545426  d_x2-y2
   20   1   0   0       1.09120528  s
   20   2   1  -1       0.49043199  p_y
   20   2   1   0       0.48514344  p_z
   20   2   1   1       0.47734485  p_x
   20   3   2  -2       0.16717687  d_xy
   20   3   2  -1       0.15675350  d_yz
   20   3   2   0       0.13075270  d_z2
   20   3   2   1       0.16146119  d_xz
   20   3   2   2       0.11080976  d_x2-y2
   21   1   0   0       1.09376816  s
   21   2   1  -1       0.48712414  p_y
   21   2   1   0       0.48937140  p_z
   21   2   1   1       0.47804868  p_x
   21   3   2  -2       0.17191183  d_xy
   21   3   2  -1       0.15867788  d_yz
   21   3   2   0       0.12576575  d_z2
   21   3   2   1       0.15946424  d_xz
   21   3   2   2       0.10176093  d_x2-y2
   22   1   0   0       1.09371304  s
   22   2   1  -1       0.48774207  p_y
   22   2   1   0       0.48943336  p_z
   22   2   1   1       0.47749297  p_x
   22   3   2  -2       0.17156726  d_xy
   22   3   2  -1       0.15606578  d_yz
   22   3   2   0       0.12622179  d_z2
   22   3   2   1       0.16161133  d_xz
   22   3   2   2       0.10244957  d_x2-y2
   23   1   0   0       1.09083766  s
   23   2   1  -1       0.48995911  p_y
   23   2   1   0       0.48517061  p_z
   23   2   1   1       0.47750268  p_x
   23   3   2  -2       0.16775487  d_xy
   23   3   2  -1       0.15924677  d_yz
   23   3   2   0       0.13086870  d_z2
   23   3   2   1       0.15919359  d_xz
   23   3   2   2       0.11065659  d_x2-y2
   24   1   0   0       1.09839432  s
   24   2   1  -1       0.49161506  p_y
   24   2   1   0       0.48946870  p_z
   24   2   1   1       0.47635661  p_x
   24   3   2  -2       0.16617358  d_xy
   24   3   2  -1       0.15205542  d_yz
   24   3   2   0       0.12655692  d_z2
   24   3   2   1       0.16408813  d_xz
   24   3   2   2       0.10608402  d_x2-y2
   25   1   0   0       1.88196901  s
   25   2   1  -1       1.66044339  p_y
   25   2   1   0       1.49091039  p_z
   25   2   1   1       1.34042207  p_x
   26   1   0   0       1.88301322  s
   26   2   1  -1       1.66877335  p_y
   26   2   1   0       1.48343323  p_z
   26   2   1   1       1.33771076  p_x
   27   1   0   0       1.88297066  s
   27   2   1  -1       1.67033782  p_y
   27   2   1   0       1.48313684  p_z
   27   2   1   1       1.33645586  p_x
   28   1   0   0       1.88195662  s
   28   2   1  -1       1.66112006  p_y
   28   2   1   0       1.49045900  p_z
   28   2   1   1       1.34017141  p_x
   29   1   0   0       1.88145645  s
   29   2   1  -1       1.42328139  p_y
   29   2   1   0       1.50201225  p_z
   29   2   1   1       1.55275578  p_x
   30   1   0   0       1.87950644  s
   30   2   1  -1       1.46327640  p_y
   30   2   1   0       1.48835166  p_z
   30   2   1   1       1.52320877  p_x
   31   1   0   0       1.88410676  s
   31   2   1  -1       1.43046581  p_y
   31   2   1   0       1.49333676  p_z
   31   2   1   1       1.54918030  p_x
   32   1   0   0       1.87912447  s
   32   2   1  -1       1.44044881  p_y
   32   2   1   0       1.50712765  p_z
   32   2   1   1       1.52633518  p_x
   33   1   0   0       1.87913377  s
   33   2   1  -1       1.43712029  p_y
   33   2   1   0       1.50483412  p_z
   33   2   1   1       1.53219858  p_x
   34   1   0   0       1.88422909  s
   34   2   1  -1       1.43178143  p_y
   34   2   1   0       1.49553046  p_z
   34   2   1   1       1.54545250  p_x
   35   1   0   0       1.87953577  s
   35   2   1  -1       1.46024808  p_y
   35   2   1   0       1.48604013  p_z
   35   2   1   1       1.52873123  p_x
   36   1   0   0       1.88167168  s
   36   2   1  -1       1.42568987  p_y
   36   2   1   0       1.50363985  p_z
   36   2   1   1       1.54826989  p_x
   37   1   0   0       1.85935058  s
   37   2   1  -1       1.40605075  p_y
   37   2   1   0       1.52448083  p_z
   37   2   1   1       1.59935747  p_x
   38   1   0   0       1.88660396  s
   38   2   1  -1       1.38544303  p_y
   38   2   1   0       1.52190203  p_z
   38   2   1   1       1.56662321  p_x
   39   1   0   0       1.87988447  s
   39   2   1  -1       1.39453577  p_y
   39   2   1   0       1.51357612  p_z
   39   2   1   1       1.57017261  p_x
   40   1   0   0       1.88632742  s
   40   2   1  -1       1.37860737  p_y
   40   2   1   0       1.52802001  p_z
   40   2   1   1       1.56806802  p_x
   41   1   0   0       1.88639008  s
   41   2   1  -1       1.37351929  p_y
   41   2   1   0       1.52855374  p_z
   41   2   1   1       1.57241505  p_x
   42   1   0   0       1.87966467  s
   42   2   1  -1       1.40113841  p_y
   42   2   1   0       1.51320275  p_z
   42   2   1   1       1.56419910  p_x
   43   1   0   0       1.88665304  s
   43   2   1  -1       1.38061996  p_y
   43   2   1   0       1.52200681  p_z
   43   2   1   1       1.57119900  p_x
   44   1   0   0       1.85916965  s
   44   2   1  -1       1.41280508  p_y
   44   2   1   0       1.52387750  p_z
   44   2   1   1       1.59352420  p_x
   45   1   0   0       1.88119462  s
   45   2   1  -1       1.67510796  p_y
   45   2   1   0       1.48470521  p_z
   45   2   1   1       1.33624631  p_x
   46   1   0   0       1.88115082  s
   46   2   1  -1       1.67341696  p_y
   46   2   1   0       1.48448296  p_z
   46   2   1   1       1.33827521  p_x
   47   1   0   0       1.88142374  s
   47   2   1  -1       1.68700300  p_y
   47   2   1   0       1.47793190  p_z
   47   2   1   1       1.32935086  p_x
   48   1   0   0       1.88140747  s
   48   2   1  -1       1.68517523  p_y
   48   2   1   0       1.47785276  p_z
   48   2   1   1       1.33135561  p_x
   49   1   0   0       1.88831637  s
   49   2   1  -1       1.67615732  p_y
   49   2   1   0       1.61765778  p_z
   49   2   1   1       1.21480219  p_x
   50   1   0   0       1.86810659  s
   50   2   1  -1       1.68733236  p_y
   50   2   1   0       1.64284839  p_z
   50   2   1   1       1.22834394  p_x
   51   1   0   0       1.88814337  s
   51   2   1  -1       1.67533327  p_y
   51   2   1   0       1.61706142  p_z
   51   2   1   1       1.21514684  p_x
   52   1   0   0       1.88722492  s
   52   2   1  -1       1.67788979  p_y
   52   2   1   0       1.61518796  p_z
   52   2   1   1       1.21392861  p_x
   53   1   0   0       1.88715915  s
   53   2   1  -1       1.67545440  p_y
   53   2   1   0       1.61787405  p_z
   53   2   1   1       1.21365369  p_x
   54   1   0   0       1.88795146  s
   54   2   1  -1       1.67443339  p_y
   54   2   1   0       1.61921580  p_z
   54   2   1   1       1.21423508  p_x
   55   1   0   0       1.86791910  s
   55   2   1  -1       1.68605422  p_y
   55   2   1   0       1.64503572  p_z
   55   2   1   1       1.22778342  p_x
   56   1   0   0       1.88811354  s
   56   2   1  -1       1.67479986  p_y
   56   2   1   0       1.61981215  p_z
   56   2   1   1       1.21438391  p_x
   57   1   0   0       1.86612258  s
   57   2   1  -1       1.64237513  p_y
   57   2   1   0       1.22206828  p_z
   57   2   1   1       1.68283051  p_x
   58   1   0   0       1.88571499  s
   58   2   1  -1       1.61556499  p_y
   58   2   1   0       1.21321314  p_z
   58   2   1   1       1.66887291  p_x
   59   1   0   0       1.88546766  s
   59   2   1  -1       1.61266045  p_y
   59   2   1   0       1.21015309  p_z
   59   2   1   1       1.67306203  p_x
   60   1   0   0       1.88535699  s
   60   2   1  -1       1.61648122  p_y
   60   2   1   0       1.21306787  p_z
   60   2   1   1       1.66861079  p_x
   61   1   0   0       1.88532361  s
   61   2   1  -1       1.61579564  p_y
   61   2   1   0       1.21314529  p_z
   61   2   1   1       1.66885385  p_x
   62   1   0   0       1.88542662  s
   62   2   1  -1       1.61701814  p_y
   62   2   1   0       1.21011776  p_z
   62   2   1   1       1.66855585  p_x
   63   1   0   0       1.88566178  s
   63   2   1  -1       1.61508630  p_y
   63   2   1   0       1.21300353  p_z
   63   2   1   1       1.66924743  p_x
   64   1   0   0       1.86605621  s
   64   2   1  -1       1.64520837  p_y
   64   2   1   0       1.22208010  p_z
   64   2   1   1       1.67977466  p_x
   65   1   0   0       1.88399382  s
   65   2   1  -1       1.21088058  p_y
   65   2   1   0       1.67538407  p_z
   65   2   1   1       1.60279041  p_x
   66   1   0   0       1.88375133  s
   66   2   1  -1       1.20891632  p_y
   66   2   1   0       1.67650693  p_z
   66   2   1   1       1.60343416  p_x
   67   1   0   0       1.88392485  s
   67   2   1  -1       1.21098257  p_y
   67   2   1   0       1.67411434  p_z
   67   2   1   1       1.60394126  p_x
   68   1   0   0       1.88375516  s
   68   2   1  -1       1.20952843  p_y
   68   2   1   0       1.67494020  p_z
   68   2   1   1       1.60420675  p_x
   69   1   0   0       1.86458454  s
   69   2   1  -1       1.22225861  p_y
   69   2   1   0       1.67833342  p_z
   69   2   1   1       1.63872115  p_x
   70   1   0   0       1.88304614  s
   70   2   1  -1       1.21290890  p_y
   70   2   1   0       1.66621351  p_z
   70   2   1   1       1.60900322  p_x
   71   1   0   0       1.86460557  s
   71   2   1  -1       1.22314830  p_y
   71   2   1   0       1.67683121  p_z
   71   2   1   1       1.63912800  p_x
   72   1   0   0       1.88295582  s
   72   2   1  -1       1.21313093  p_y
   72   2   1   0       1.66391985  p_z
   72   2   1   1       1.61116254  p_x

Fermi level:                        -0.1655936633 H           -4.5060 eV
Band energy:                      -174.7673107222 H        -4755.6605 eV
TS:                                  0.0000000000 H            0.0000 eV
Band free energy (E-TS):          -174.7673107222 H        -4755.6605 eV
Extrapolated E(0K):               -174.7673107222 H        -4755.6605 eV
Input / Output electrons (q):    384.0000000000    384.0000000000

Energy H0:                        -195.8329000649 H        -5328.8843 eV
Energy SCC:                          0.6488450045 H           17.6560 eV
Total Electronic energy:          -195.1840550604 H        -5311.2284 eV
Repulsive energy:                    1.9085633110 H           51.9347 eV
Total energy:                     -193.2754917494 H        -5259.2937 eV
Extrapolated to 0:                -193.2754917494 H        -5259.2937 eV
Total Mermin free energy:         -193.2754917494 H        -5259.2937 eV
Force related energy:             -193.2754917494 H        -5259.2937 eV

Non-constrained calculation

SCC converged

Full geometry written in geo_end.{xyz|gen}

Warning: dipole moment is not defined absolutely!
Dipole moment:    0.93152990   22.72336810   26.31733973 au
Dipole moment:    2.36771303   57.75704530   66.89201075 Debye

Geometry converged

