 Fermi distribution function

Geometry optimization step: 213


********************************************************************************
 iSCC Total electronic   Diff electronic      SCC error    
    7   -0.19430338E+03    0.28421709E-13    0.46532902E-08
********************************************************************************

 Total charge:    -0.00000000

 Atomic gross charges (e)
 Atom           Charge
    1       0.72552977
    2       0.90007959
    3       0.90771147
    4       0.90546898
    5       0.90394892
    6       0.90486214
    7       0.90574556
    8       0.90529623
    9       0.90560518
   10       0.87054868
   11       0.87047071
   12       0.87356499
   13       0.87392851
   14       0.87203777
   15       0.87048753
   16       0.87152912
   17       0.87251931
   18       0.87213641
   19       0.87030988
   20       0.86581277
   21       0.86894687
   22       0.86945769
   23       0.86901993
   24       0.86868290
   25      -0.43659035
   26      -0.43913607
   27      -0.43888432
   28      -0.43907473
   29      -0.41971367
   30      -0.42471560
   31      -0.42387797
   32      -0.42135846
   33      -0.42193321
   34      -0.42403682
   35      -0.42198123
   36      -0.42001049
   37      -0.39840206
   38      -0.42734596
   39      -0.42738063
   40      -0.42679037
   41      -0.42841441
   42      -0.42774962
   43      -0.42671307
   44      -0.42834993
   45      -0.44130854
   46      -0.44203573
   47      -0.44305427
   48      -0.44280641
   49      -0.46332371
   50      -0.43542012
   51      -0.46449364
   52      -0.46383414
   53      -0.46471229
   54      -0.46492288
   55      -0.46439643
   56      -0.46469725
   57      -0.41700995
   58      -0.44710221
   59      -0.44812165
   60      -0.44761624
   61      -0.44843352
   62      -0.44719799
   63      -0.44575945
   64      -0.44845767
   65      -0.43920100
   66      -0.44208279
   67      -0.43963965
   68      -0.44373619
   69      -0.40815176
   70      -0.44144621
   71      -0.44053083
   72      -0.44174945

Nr. of electrons (up):    384.00000000
Atom populations (up)
 Atom       Population
    1       3.27447023
    2       3.09992041
    3       3.09228853
    4       3.09453102
    5       3.09605108
    6       3.09513786
    7       3.09425444
    8       3.09470377
    9       3.09439482
   10       3.12945132
   11       3.12952929
   12       3.12643501
   13       3.12607149
   14       3.12796223
   15       3.12951247
   16       3.12847088
   17       3.12748069
   18       3.12786359
   19       3.12969012
   20       3.13418723
   21       3.13105313
   22       3.13054231
   23       3.13098007
   24       3.13131710
   25       6.43659035
   26       6.43913607
   27       6.43888432
   28       6.43907473
   29       6.41971367
   30       6.42471560
   31       6.42387797
   32       6.42135846
   33       6.42193321
   34       6.42403682
   35       6.42198123
   36       6.42001049
   37       6.39840206
   38       6.42734596
   39       6.42738063
   40       6.42679037
   41       6.42841441
   42       6.42774962
   43       6.42671307
   44       6.42834993
   45       6.44130854
   46       6.44203573
   47       6.44305427
   48       6.44280641
   49       6.46332371
   50       6.43542012
   51       6.46449364
   52       6.46383414
   53       6.46471229
   54       6.46492288
   55       6.46439643
   56       6.46469725
   57       6.41700995
   58       6.44710221
   59       6.44812165
   60       6.44761624
   61       6.44843352
   62       6.44719799
   63       6.44575945
   64       6.44845767
   65       6.43920100
   66       6.44208279
   67       6.43963965
   68       6.44373619
   69       6.40815176
   70       6.44144621
   71       6.44053083
   72       6.44174945

l-shell populations (up)
 Atom Sh.   l       Population
    1   1   0       1.08636579
    1   2   1       1.46220863
    1   3   2       0.72589581
    2   1   0       0.90390598
    2   2   1       1.41766512
    2   3   2       0.77834931
    3   1   0       0.89644820
    3   2   1       1.41047054
    3   3   2       0.78536979
    4   1   0       0.89530296
    4   2   1       1.41128079
    4   3   2       0.78794727
    5   1   0       0.89542445
    5   2   1       1.41283463
    5   3   2       0.78779201
    6   1   0       0.89699381
    6   2   1       1.41204617
    6   3   2       0.78609789
    7   1   0       0.89574133
    7   2   1       1.41126978
    7   3   2       0.78724332
    8   1   0       0.89578430
    8   2   1       1.41198559
    8   3   2       0.78693388
    9   1   0       0.89947018
    9   2   1       1.41286232
    9   3   2       0.78206232
   10   1   0       0.91420553
   10   2   1       1.43376918
   10   3   2       0.78147661
   11   1   0       0.91292673
   11   2   1       1.43290451
   11   3   2       0.78369806
   12   1   0       0.90725650
   12   2   1       1.42967292
   12   3   2       0.78950559
   13   1   0       0.90977817
   13   2   1       1.43126558
   13   3   2       0.78502774
   14   1   0       0.91103628
   14   2   1       1.43256979
   14   3   2       0.78435617
   15   1   0       0.90803588
   15   2   1       1.43208616
   15   3   2       0.78939043
   16   1   0       0.90770890
   16   2   1       1.43186278
   16   3   2       0.78889920
   17   1   0       0.91028106
   17   2   1       1.43241973
   17   3   2       0.78477990
   18   1   0       0.90649083
   18   2   1       1.43006087
   18   3   2       0.79131189
   19   1   0       0.90751340
   19   2   1       1.43163794
   19   3   2       0.79053879
   20   1   0       0.91474419
   20   2   1       1.43607901
   20   3   2       0.78336403
   21   1   0       0.91269005
   21   2   1       1.43462161
   21   3   2       0.78374147
   22   1   0       0.90792111
   22   2   1       1.43216379
   22   3   2       0.79045742
   23   1   0       0.90588022
   23   2   1       1.43209667
   23   3   2       0.79300318
   24   1   0       0.91394160
   24   2   1       1.43514490
   24   3   2       0.78223060
   25   1   0       1.84247391
   25   2   1       4.59411644
   26   1   0       1.84151139
   26   2   1       4.59762468
   27   1   0       1.84169505
   27   2   1       4.59718927
   28   1   0       1.84136723
   28   2   1       4.59770750
   29   1   0       1.84138501
   29   2   1       4.57832866
   30   1   0       1.84426904
   30   2   1       4.58044656
   31   1   0       1.84440338
   31   2   1       4.57947459
   32   1   0       1.84119947
   32   2   1       4.58015899
   33   1   0       1.84103056
   33   2   1       4.58090265
   34   1   0       1.84475099
   34   2   1       4.57928583
   35   1   0       1.84503995
   35   2   1       4.57694128
   36   1   0       1.84265481
   36   2   1       4.57735568
   37   1   0       1.86770656
   37   2   1       4.53069550
   38   1   0       1.84142122
   38   2   1       4.58592474
   39   1   0       1.84171424
   39   2   1       4.58566639
   40   1   0       1.84539950
   40   2   1       4.58139087
   41   1   0       1.84652034
   41   2   1       4.58189407
   42   1   0       1.84157081
   42   2   1       4.58617881
   43   1   0       1.83995576
   43   2   1       4.58675732
   44   1   0       1.84742175
   44   2   1       4.58092817
   45   1   0       1.84080311
   45   2   1       4.60050544
   46   1   0       1.83962845
   46   2   1       4.60240728
   47   1   0       1.83898154
   47   2   1       4.60407274
   48   1   0       1.83905692
   48   2   1       4.60374948
   49   1   0       1.84717857
   49   2   1       4.61614513
   50   1   0       1.86938888
   50   2   1       4.56603124
   51   1   0       1.84871593
   51   2   1       4.61577770
   52   1   0       1.84782720
   52   2   1       4.61600694
   53   1   0       1.84755219
   53   2   1       4.61716009
   54   1   0       1.84919900
   54   2   1       4.61572388
   55   1   0       1.84947378
   55   2   1       4.61492266
   56   1   0       1.84753408
   56   2   1       4.61716317
   57   1   0       1.86765380
   57   2   1       4.54935615
   58   1   0       1.84763636
   58   2   1       4.59946585
   59   1   0       1.84768130
   59   2   1       4.60044035
   60   1   0       1.84645520
   60   2   1       4.60116104
   61   1   0       1.84683151
   61   2   1       4.60160201
   62   1   0       1.84832751
   62   2   1       4.59887048
   63   1   0       1.84767480
   63   2   1       4.59808465
   64   1   0       1.84672764
   64   2   1       4.60173003
   65   1   0       1.84607737
   65   2   1       4.59312364
   66   1   0       1.84493107
   66   2   1       4.59715171
   67   1   0       1.84738676
   67   2   1       4.59225288
   68   1   0       1.84427765
   68   2   1       4.59945855
   69   1   0       1.86609337
   69   2   1       4.54205838
   70   1   0       1.84549303
   70   2   1       4.59595318
   71   1   0       1.84626291
   71   2   1       4.59426791
   72   1   0       1.84584118
   72   2   1       4.59590826

Orbital populations (up)
 Atom Sh.   l   m       Population  Label
    1   1   0   0       1.08636579  s
    1   2   1  -1       0.49383476  p_y
    1   2   1   0       0.49047809  p_z
    1   2   1   1       0.47789577  p_x
    1   3   2  -2       0.17518969  d_xy
    1   3   2  -1       0.15755927  d_yz
    1   3   2   0       0.12285668  d_z2
    1   3   2   1       0.16980561  d_xz
    1   3   2   2       0.10048456  d_x2-y2
    2   1   0   0       0.90390598  s
    2   2   1  -1       0.47430595  p_y
    2   2   1   0       0.47517828  p_z
    2   2   1   1       0.46818090  p_x
    2   3   2  -2       0.18438839  d_xy
    2   3   2  -1       0.14198363  d_yz
    2   3   2   0       0.18424444  d_z2
    2   3   2   1       0.13040527  d_xz
    2   3   2   2       0.13732757  d_x2-y2
    3   1   0   0       0.89644820  s
    3   2   1  -1       0.46559985  p_y
    3   2   1   0       0.47715485  p_z
    3   2   1   1       0.46771583  p_x
    3   3   2  -2       0.18920476  d_xy
    3   3   2  -1       0.13667266  d_yz
    3   3   2   0       0.19139377  d_z2
    3   3   2   1       0.13134893  d_xz
    3   3   2   2       0.13674968  d_x2-y2
    4   1   0   0       0.89530296  s
    4   2   1  -1       0.46669664  p_y
    4   2   1   0       0.47827748  p_z
    4   2   1   1       0.46630668  p_x
    4   3   2  -2       0.19043345  d_xy
    4   3   2  -1       0.13684653  d_yz
    4   3   2   0       0.19275125  d_z2
    4   3   2   1       0.13079930  d_xz
    4   3   2   2       0.13711674  d_x2-y2
    5   1   0   0       0.89542445  s
    5   2   1  -1       0.46976434  p_y
    5   2   1   0       0.47444142  p_z
    5   2   1   1       0.46862886  p_x
    5   3   2  -2       0.18726390  d_xy
    5   3   2  -1       0.13949811  d_yz
    5   3   2   0       0.19166101  d_z2
    5   3   2   1       0.13093418  d_xz
    5   3   2   2       0.13843481  d_x2-y2
    6   1   0   0       0.89699381  s
    6   2   1  -1       0.46988072  p_y
    6   2   1   0       0.47382890  p_z
    6   2   1   1       0.46833655  p_x
    6   3   2  -2       0.18736774  d_xy
    6   3   2  -1       0.14026403  d_yz
    6   3   2   0       0.19018616  d_z2
    6   3   2   1       0.13003756  d_xz
    6   3   2   2       0.13824240  d_x2-y2
    7   1   0   0       0.89574133  s
    7   2   1  -1       0.46639428  p_y
    7   2   1   0       0.47848575  p_z
    7   2   1   1       0.46638975  p_x
    7   3   2  -2       0.19020862  d_xy
    7   3   2  -1       0.13669509  d_yz
    7   3   2   0       0.19220117  d_z2
    7   3   2   1       0.13113295  d_xz
    7   3   2   2       0.13700550  d_x2-y2
    8   1   0   0       0.89578430  s
    8   2   1  -1       0.46518931  p_y
    8   2   1   0       0.47854697  p_z
    8   2   1   1       0.46824931  p_x
    8   3   2  -2       0.19108595  d_xy
    8   3   2  -1       0.13759644  d_yz
    8   3   2   0       0.18888212  d_z2
    8   3   2   1       0.13107297  d_xz
    8   3   2   2       0.13829640  d_x2-y2
    9   1   0   0       0.89947018  s
    9   2   1  -1       0.47275596  p_y
    9   2   1   0       0.47458196  p_z
    9   2   1   1       0.46552440  p_x
    9   3   2  -2       0.18812772  d_xy
    9   3   2  -1       0.13870459  d_yz
    9   3   2   0       0.18863346  d_z2
    9   3   2   1       0.13016378  d_xz
    9   3   2   2       0.13643277  d_x2-y2
   10   1   0   0       0.91420553  s
   10   2   1  -1       0.48325787  p_y
   10   2   1   0       0.48629207  p_z
   10   2   1   1       0.46421925  p_x
   10   3   2  -2       0.16892722  d_xy
   10   3   2  -1       0.16242846  d_yz
   10   3   2   0       0.14624382  d_z2
   10   3   2   1       0.16483902  d_xz
   10   3   2   2       0.13903810  d_x2-y2
   11   1   0   0       0.91292673  s
   11   2   1  -1       0.48024379  p_y
   11   2   1   0       0.48024040  p_z
   11   2   1   1       0.47242032  p_x
   11   3   2  -2       0.16348935  d_xy
   11   3   2  -1       0.17021488  d_yz
   11   3   2   0       0.14413739  d_z2
   11   3   2   1       0.16421091  d_xz
   11   3   2   2       0.14164553  d_x2-y2
   12   1   0   0       0.90725650  s
   12   2   1  -1       0.48117641  p_y
   12   2   1   0       0.48110525  p_z
   12   2   1   1       0.46739126  p_x
   12   3   2  -2       0.16752196  d_xy
   12   3   2  -1       0.16864382  d_yz
   12   3   2   0       0.14332032  d_z2
   12   3   2   1       0.16803040  d_xz
   12   3   2   2       0.14198909  d_x2-y2
   13   1   0   0       0.90977817  s
   13   2   1  -1       0.48436709  p_y
   13   2   1   0       0.48056504  p_z
   13   2   1   1       0.46633345  p_x
   13   3   2  -2       0.16630275  d_xy
   13   3   2  -1       0.16726882  d_yz
   13   3   2   0       0.14254417  d_z2
   13   3   2   1       0.16949515  d_xz
   13   3   2   2       0.13941685  d_x2-y2
   14   1   0   0       0.91103628  s
   14   2   1  -1       0.48612515  p_y
   14   2   1   0       0.48090199  p_z
   14   2   1   1       0.46554264  p_x
   14   3   2  -2       0.16615563  d_xy
   14   3   2  -1       0.16657442  d_yz
   14   3   2   0       0.14252405  d_z2
   14   3   2   1       0.16961688  d_xz
   14   3   2   2       0.13948519  d_x2-y2
   15   1   0   0       0.90803588  s
   15   2   1  -1       0.48096697  p_y
   15   2   1   0       0.48261635  p_z
   15   2   1   1       0.46850284  p_x
   15   3   2  -2       0.16837124  d_xy
   15   3   2  -1       0.16898723  d_yz
   15   3   2   0       0.14412237  d_z2
   15   3   2   1       0.16721256  d_xz
   15   3   2   2       0.14069704  d_x2-y2
   16   1   0   0       0.90770890  s
   16   2   1  -1       0.48071528  p_y
   16   2   1   0       0.48248817  p_z
   16   2   1   1       0.46865933  p_x
   16   3   2  -2       0.16840692  d_xy
   16   3   2  -1       0.16926846  d_yz
   16   3   2   0       0.14258912  d_z2
   16   3   2   1       0.16762679  d_xz
   16   3   2   2       0.14100791  d_x2-y2
   17   1   0   0       0.91028106  s
   17   2   1  -1       0.48610201  p_y
   17   2   1   0       0.48054840  p_z
   17   2   1   1       0.46576933  p_x
   17   3   2  -2       0.16641663  d_xy
   17   3   2  -1       0.16663354  d_yz
   17   3   2   0       0.14264916  d_z2
   17   3   2   1       0.16994261  d_xz
   17   3   2   2       0.13913796  d_x2-y2
   18   1   0   0       0.90649083  s
   18   2   1  -1       0.48374547  p_y
   18   2   1   0       0.47795803  p_z
   18   2   1   1       0.46835737  p_x
   18   3   2  -2       0.17254394  d_xy
   18   3   2  -1       0.16415762  d_yz
   18   3   2   0       0.14877585  d_z2
   18   3   2   1       0.16861575  d_xz
   18   3   2   2       0.13721874  d_x2-y2
   19   1   0   0       0.90751340  s
   19   2   1  -1       0.48402545  p_y
   19   2   1   0       0.47847439  p_z
   19   2   1   1       0.46913810  p_x
   19   3   2  -2       0.17216476  d_xy
   19   3   2  -1       0.16434503  d_yz
   19   3   2   0       0.14827620  d_z2
   19   3   2   1       0.16867886  d_xz
   19   3   2   2       0.13707393  d_x2-y2
   20   1   0   0       0.91474419  s
   20   2   1  -1       0.49077238  p_y
   20   2   1   0       0.47846345  p_z
   20   2   1   1       0.46684318  p_x
   20   3   2  -2       0.16756705  d_xy
   20   3   2  -1       0.15894980  d_yz
   20   3   2   0       0.14994213  d_z2
   20   3   2   1       0.16965989  d_xz
   20   3   2   2       0.13724516  d_x2-y2
   21   1   0   0       0.91269005  s
   21   2   1  -1       0.48535865  p_y
   21   2   1   0       0.48009742  p_z
   21   2   1   1       0.46916553  p_x
   21   3   2  -2       0.17115734  d_xy
   21   3   2  -1       0.16303435  d_yz
   21   3   2   0       0.14758887  d_z2
   21   3   2   1       0.16790006  d_xz
   21   3   2   2       0.13406086  d_x2-y2
   22   1   0   0       0.90792111  s
   22   2   1  -1       0.48418241  p_y
   22   2   1   0       0.47932224  p_z
   22   2   1   1       0.46865914  p_x
   22   3   2  -2       0.17252063  d_xy
   22   3   2  -1       0.16410083  d_yz
   22   3   2   0       0.14801829  d_z2
   22   3   2   1       0.16871141  d_xz
   22   3   2   2       0.13710626  d_x2-y2
   23   1   0   0       0.90588022  s
   23   2   1  -1       0.48416290  p_y
   23   2   1   0       0.47933390  p_z
   23   2   1   1       0.46859987  p_x
   23   3   2  -2       0.17218041  d_xy
   23   3   2  -1       0.16422318  d_yz
   23   3   2   0       0.14853424  d_z2
   23   3   2   1       0.16896351  d_xz
   23   3   2   2       0.13910184  d_x2-y2
   24   1   0   0       0.91394160  s
   24   2   1  -1       0.48535892  p_y
   24   2   1   0       0.48015381  p_z
   24   2   1   1       0.46963217  p_x
   24   3   2  -2       0.17074417  d_xy
   24   3   2  -1       0.16268811  d_yz
   24   3   2   0       0.14772520  d_z2
   24   3   2   1       0.16736234  d_xz
   24   3   2   2       0.13371078  d_x2-y2
   25   1   0   0       1.84247391  s
   25   2   1  -1       1.68001597  p_y
   25   2   1   0       1.54552626  p_z
   25   2   1   1       1.36857421  p_x
   26   1   0   0       1.84151139  s
   26   2   1  -1       1.67997887  p_y
   26   2   1   0       1.54216423  p_z
   26   2   1   1       1.37548158  p_x
   27   1   0   0       1.84169505  s
   27   2   1  -1       1.68070456  p_y
   27   2   1   0       1.53930795  p_z
   27   2   1   1       1.37717675  p_x
   28   1   0   0       1.84136723  s
   28   2   1  -1       1.68653924  p_y
   28   2   1   0       1.53620629  p_z
   28   2   1   1       1.37496197  p_x
   29   1   0   0       1.84138501  s
   29   2   1  -1       1.48282474  p_y
   29   2   1   0       1.51551561  p_z
   29   2   1   1       1.57998831  p_x
   30   1   0   0       1.84426904  s
   30   2   1  -1       1.45979217  p_y
   30   2   1   0       1.51474038  p_z
   30   2   1   1       1.60591402  p_x
   31   1   0   0       1.84440338  s
   31   2   1  -1       1.45952452  p_y
   31   2   1   0       1.51890770  p_z
   31   2   1   1       1.60104237  p_x
   32   1   0   0       1.84119947  s
   32   2   1  -1       1.48045920  p_y
   32   2   1   0       1.51696012  p_z
   32   2   1   1       1.58273967  p_x
   33   1   0   0       1.84103056  s
   33   2   1  -1       1.47169777  p_y
   33   2   1   0       1.52054655  p_z
   33   2   1   1       1.58865833  p_x
   34   1   0   0       1.84475099  s
   34   2   1  -1       1.46123580  p_y
   34   2   1   0       1.51967433  p_z
   34   2   1   1       1.59837570  p_x
   35   1   0   0       1.84503995  s
   35   2   1  -1       1.44832554  p_y
   35   2   1   0       1.52905257  p_z
   35   2   1   1       1.59956318  p_x
   36   1   0   0       1.84265481  s
   36   2   1  -1       1.47111891  p_y
   36   2   1   0       1.51872932  p_z
   36   2   1   1       1.58750745  p_x
   37   1   0   0       1.86770656  s
   37   2   1  -1       1.41688448  p_y
   37   2   1   0       1.52693383  p_z
   37   2   1   1       1.58687719  p_x
   38   1   0   0       1.84142122  s
   38   2   1  -1       1.43739179  p_y
   38   2   1   0       1.53306937  p_z
   38   2   1   1       1.61546358  p_x
   39   1   0   0       1.84171424  s
   39   2   1  -1       1.43503565  p_y
   39   2   1   0       1.53612731  p_z
   39   2   1   1       1.61450343  p_x
   40   1   0   0       1.84539950  s
   40   2   1  -1       1.43120487  p_y
   40   2   1   0       1.53664804  p_z
   40   2   1   1       1.61353796  p_x
   41   1   0   0       1.84652034  s
   41   2   1  -1       1.42317598  p_y
   41   2   1   0       1.54104100  p_z
   41   2   1   1       1.61767709  p_x
   42   1   0   0       1.84157081  s
   42   2   1  -1       1.43735828  p_y
   42   2   1   0       1.53307849  p_z
   42   2   1   1       1.61574204  p_x
   43   1   0   0       1.83995576  s
   43   2   1  -1       1.43882932  p_y
   43   2   1   0       1.53341311  p_z
   43   2   1   1       1.61451489  p_x
   44   1   0   0       1.84742175  s
   44   2   1  -1       1.42216205  p_y
   44   2   1   0       1.54336439  p_z
   44   2   1   1       1.61540174  p_x
   45   1   0   0       1.84080311  s
   45   2   1  -1       1.69441830  p_y
   45   2   1   0       1.53034651  p_z
   45   2   1   1       1.37574062  p_x
   46   1   0   0       1.83962845  s
   46   2   1  -1       1.69465795  p_y
   46   2   1   0       1.52710765  p_z
   46   2   1   1       1.38064167  p_x
   47   1   0   0       1.83898154  s
   47   2   1  -1       1.69531103  p_y
   47   2   1   0       1.52720462  p_z
   47   2   1   1       1.38155709  p_x
   48   1   0   0       1.83905692  s
   48   2   1  -1       1.69470122  p_y
   48   2   1   0       1.53020273  p_z
   48   2   1   1       1.37884553  p_x
   49   1   0   0       1.84717857  s
   49   2   1  -1       1.68535655  p_y
   49   2   1   0       1.68304129  p_z
   49   2   1   1       1.24774730  p_x
   50   1   0   0       1.86938888  s
   50   2   1  -1       1.66769649  p_y
   50   2   1   0       1.66480938  p_z
   50   2   1   1       1.23352536  p_x
   51   1   0   0       1.84871593  s
   51   2   1  -1       1.68526948  p_y
   51   2   1   0       1.68012951  p_z
   51   2   1   1       1.25037871  p_x
   52   1   0   0       1.84782720  s
   52   2   1  -1       1.68531588  p_y
   52   2   1   0       1.68011932  p_z
   52   2   1   1       1.25057174  p_x
   53   1   0   0       1.84755219  s
   53   2   1  -1       1.68688227  p_y
   53   2   1   0       1.68046609  p_z
   53   2   1   1       1.24981173  p_x
   54   1   0   0       1.84919900  s
   54   2   1  -1       1.68200917  p_y
   54   2   1   0       1.68111524  p_z
   54   2   1   1       1.25259948  p_x
   55   1   0   0       1.84947378  s
   55   2   1  -1       1.68280700  p_y
   55   2   1   0       1.67985148  p_z
   55   2   1   1       1.25226418  p_x
   56   1   0   0       1.84753408  s
   56   2   1  -1       1.68720284  p_y
   56   2   1   0       1.67871564  p_z
   56   2   1   1       1.25124469  p_x
   57   1   0   0       1.86765380  s
   57   2   1  -1       1.65984226  p_y
   57   2   1   0       1.23491393  p_z
   57   2   1   1       1.65459995  p_x
   58   1   0   0       1.84763636  s
   58   2   1  -1       1.67431111  p_y
   58   2   1   0       1.24979715  p_z
   58   2   1   1       1.67535759  p_x
   59   1   0   0       1.84768130  s
   59   2   1  -1       1.67313364  p_y
   59   2   1   0       1.25038050  p_z
   59   2   1   1       1.67692621  p_x
   60   1   0   0       1.84645520  s
   60   2   1  -1       1.67749679  p_y
   60   2   1   0       1.24846910  p_z
   60   2   1   1       1.67519515  p_x
   61   1   0   0       1.84683151  s
   61   2   1  -1       1.67907656  p_y
   61   2   1   0       1.24956526  p_z
   61   2   1   1       1.67296019  p_x
   62   1   0   0       1.84832751  s
   62   2   1  -1       1.67055322  p_y
   62   2   1   0       1.25166469  p_z
   62   2   1   1       1.67665257  p_x
   63   1   0   0       1.84767480  s
   63   2   1  -1       1.66957137  p_y
   63   2   1   0       1.25239868  p_z
   63   2   1   1       1.67611460  p_x
   64   1   0   0       1.84672764  s
   64   2   1  -1       1.67893038  p_y
   64   2   1   0       1.24909249  p_z
   64   2   1   1       1.67370717  p_x
   65   1   0   0       1.84607737  s
   65   2   1  -1       1.24717469  p_y
   65   2   1   0       1.68005603  p_z
   65   2   1   1       1.66589292  p_x
   66   1   0   0       1.84493107  s
   66   2   1  -1       1.24395335  p_y
   66   2   1   0       1.68254194  p_z
   66   2   1   1       1.67065642  p_x
   67   1   0   0       1.84738676  s
   67   2   1  -1       1.24991397  p_y
   67   2   1   0       1.67881669  p_z
   67   2   1   1       1.66352223  p_x
   68   1   0   0       1.84427765  s
   68   2   1  -1       1.24634017  p_y
   68   2   1   0       1.68199694  p_z
   68   2   1   1       1.67112143  p_x
   69   1   0   0       1.86609337  s
   69   2   1  -1       1.23444681  p_y
   69   2   1   0       1.65153205  p_z
   69   2   1   1       1.65607952  p_x
   70   1   0   0       1.84549303  s
   70   2   1  -1       1.24829811  p_y
   70   2   1   0       1.67577058  p_z
   70   2   1   1       1.67188450  p_x
   71   1   0   0       1.84626291  s
   71   2   1  -1       1.24839980  p_y
   71   2   1   0       1.67007668  p_z
   71   2   1   1       1.67579143  p_x
   72   1   0   0       1.84584118  s
   72   2   1  -1       1.24909093  p_y
   72   2   1   0       1.67678730  p_z
   72   2   1   1       1.67003004  p_x

Fermi level:                        -0.1284307622 H           -3.4948 eV
Band energy:                      -169.0176108867 H        -4599.2032 eV
TS:                                  0.0000000000 H            0.0000 eV
Band free energy (E-TS):          -169.0176108867 H        -4599.2032 eV
Extrapolated E(0K):               -169.0176108867 H        -4599.2032 eV
Input / Output electrons (q):    384.0000000000    384.0000000000

Energy H0:                        -195.0307636439 H        -5307.0571 eV
Energy SCC:                          0.7273830513 H           19.7931 eV
Total Electronic energy:          -194.3033805926 H        -5287.2640 eV
Repulsive energy:                    1.9688121878 H           53.5741 eV
Total energy:                     -192.3345684048 H        -5233.6899 eV
Extrapolated to 0:                -192.3345684048 H        -5233.6899 eV
Total Mermin free energy:         -192.3345684048 H        -5233.6899 eV
Force related energy:             -192.3345684048 H        -5233.6899 eV

Non-constrained calculation

SCC converged

Full geometry written in geo_end.{xyz|gen}

Warning: dipole moment is not defined absolutely!
Dipole moment:    0.92261129   25.98980716   29.24779809 au
Dipole moment:    2.34504417   66.05950593   74.34049353 Debye

Geometry converged

