 Fermi distribution function

Geometry optimization step: 176


********************************************************************************
 iSCC Total electronic   Diff electronic      SCC error    
    7   -0.19526778E+03   -0.56843419E-13    0.40962966E-08
********************************************************************************

 Total charge:    -0.00000000

 Atomic gross charges (e)
 Atom           Charge
    1       0.77028156
    2       0.77171979
    3       0.77174098
    4       0.77030449
    5       0.77023497
    6       0.77168651
    7       0.77166883
    8       0.77025426
    9       0.73652353
   10       0.73343575
   11       0.73343491
   12       0.73652414
   13       0.73642838
   14       0.73330492
   15       0.73329990
   16       0.73641649
   17       0.73259998
   18       0.73062888
   19       0.73066536
   20       0.73250251
   21       0.73239305
   22       0.73053758
   23       0.73058851
   24       0.73239132
   25      -0.37332853
   26      -0.37325547
   27      -0.37323766
   28      -0.37326496
   29      -0.35313723
   30      -0.35685161
   31      -0.35687868
   32      -0.35320429
   33      -0.35322187
   34      -0.35697784
   35      -0.35691050
   36      -0.35319141
   37      -0.35964456
   38      -0.35866495
   39      -0.35865472
   40      -0.35969316
   41      -0.35963105
   42      -0.35865340
   43      -0.35869745
   44      -0.35966094
   45      -0.37617237
   46      -0.37618300
   47      -0.37619458
   48      -0.37618679
   49      -0.39490751
   50      -0.39538712
   51      -0.39528233
   52      -0.39490376
   53      -0.39493213
   54      -0.39544268
   55      -0.39549603
   56      -0.39495443
   57      -0.38307232
   58      -0.38072575
   59      -0.38077404
   60      -0.38301044
   61      -0.38294578
   62      -0.38051847
   63      -0.38058068
   64      -0.38286075
   65      -0.37032647
   66      -0.37366921
   67      -0.37031127
   68      -0.37354549
   69      -0.37025211
   70      -0.37217753
   71      -0.36986791
   72      -0.37212535

Nr. of electrons (up):    384.00000000
Atom populations (up)
 Atom       Population
    1       3.22971844
    2       3.22828021
    3       3.22825902
    4       3.22969551
    5       3.22976503
    6       3.22831349
    7       3.22833117
    8       3.22974574
    9       3.26347647
   10       3.26656425
   11       3.26656509
   12       3.26347586
   13       3.26357162
   14       3.26669508
   15       3.26670010
   16       3.26358351
   17       3.26740002
   18       3.26937112
   19       3.26933464
   20       3.26749749
   21       3.26760695
   22       3.26946242
   23       3.26941149
   24       3.26760868
   25       6.37332853
   26       6.37325547
   27       6.37323766
   28       6.37326496
   29       6.35313723
   30       6.35685161
   31       6.35687868
   32       6.35320429
   33       6.35322187
   34       6.35697784
   35       6.35691050
   36       6.35319141
   37       6.35964456
   38       6.35866495
   39       6.35865472
   40       6.35969316
   41       6.35963105
   42       6.35865340
   43       6.35869745
   44       6.35966094
   45       6.37617237
   46       6.37618300
   47       6.37619458
   48       6.37618679
   49       6.39490751
   50       6.39538712
   51       6.39528233
   52       6.39490376
   53       6.39493213
   54       6.39544268
   55       6.39549603
   56       6.39495443
   57       6.38307232
   58       6.38072575
   59       6.38077404
   60       6.38301044
   61       6.38294578
   62       6.38051847
   63       6.38058068
   64       6.38286075
   65       6.37032647
   66       6.37366921
   67       6.37031127
   68       6.37354549
   69       6.37025211
   70       6.37217753
   71       6.36986791
   72       6.37212535

l-shell populations (up)
 Atom Sh.   l       Population
    1   1   0       1.08524093
    1   2   1       1.43249371
    1   3   2       0.71198380
    2   1   0       1.08407074
    2   2   1       1.43114867
    2   3   2       0.71306079
    3   1   0       1.08407754
    3   2   1       1.43114945
    3   3   2       0.71303203
    4   1   0       1.08522200
    4   2   1       1.43249867
    4   3   2       0.71197484
    5   1   0       1.08533905
    5   2   1       1.43256540
    5   3   2       0.71186059
    6   1   0       1.08406583
    6   2   1       1.43121154
    6   3   2       0.71303612
    7   1   0       1.08408730
    7   2   1       1.43120899
    7   3   2       0.71303489
    8   1   0       1.08529080
    8   2   1       1.43252498
    8   3   2       0.71192996
    9   1   0       1.09534132
    9   2   1       1.45123958
    9   3   2       0.71689557
   10   1   0       1.09108162
   10   2   1       1.44910499
   10   3   2       0.72637764
   11   1   0       1.09111210
   11   2   1       1.44911669
   11   3   2       0.72633631
   12   1   0       1.09533804
   12   2   1       1.45124259
   12   3   2       0.71689522
   13   1   0       1.09518864
   13   2   1       1.45113499
   13   3   2       0.71724799
   14   1   0       1.09090307
   14   2   1       1.44901153
   14   3   2       0.72678047
   15   1   0       1.09089571
   15   2   1       1.44901469
   15   3   2       0.72678970
   16   1   0       1.09517994
   16   2   1       1.45115348
   16   3   2       0.71725009
   17   1   0       1.09670731
   17   2   1       1.45388876
   17   3   2       0.71680395
   18   1   0       1.09087655
   18   2   1       1.45093872
   18   3   2       0.72755585
   19   1   0       1.09081169
   19   2   1       1.45093576
   19   3   2       0.72758719
   20   1   0       1.09680621
   20   2   1       1.45395558
   20   3   2       0.71673570
   21   1   0       1.09671763
   21   2   1       1.45397103
   21   3   2       0.71691829
   22   1   0       1.09074064
   22   2   1       1.45082712
   22   3   2       0.72789466
   23   1   0       1.09066805
   23   2   1       1.45078485
   23   3   2       0.72795859
   24   1   0       1.09671728
   24   2   1       1.45396026
   24   3   2       0.71693114
   25   1   0       1.88217889
   25   2   1       4.49114965
   26   1   0       1.88222265
   26   2   1       4.49103281
   27   1   0       1.88227460
   27   2   1       4.49096306
   28   1   0       1.88222449
   28   2   1       4.49104047
   29   1   0       1.87905629
   29   2   1       4.47408095
   30   1   0       1.88375164
   30   2   1       4.47309997
   31   1   0       1.88374637
   31   2   1       4.47313231
   32   1   0       1.87901122
   32   2   1       4.47419307
   33   1   0       1.87911612
   33   2   1       4.47410575
   34   1   0       1.88375558
   34   2   1       4.47322226
   35   1   0       1.88379396
   35   2   1       4.47311653
   36   1   0       1.87912578
   36   2   1       4.47406563
   37   1   0       1.88562861
   37   2   1       4.47401596
   38   1   0       1.87962325
   38   2   1       4.47904170
   39   1   0       1.87961053
   39   2   1       4.47904419
   40   1   0       1.88562163
   40   2   1       4.47407153
   41   1   0       1.88560965
   41   2   1       4.47402140
   42   1   0       1.87956002
   42   2   1       4.47909338
   43   1   0       1.87954302
   43   2   1       4.47915443
   44   1   0       1.88559473
   44   2   1       4.47406620
   45   1   0       1.88098299
   45   2   1       4.49518939
   46   1   0       1.88095704
   46   2   1       4.49522596
   47   1   0       1.88095066
   47   2   1       4.49524392
   48   1   0       1.88095811
   48   2   1       4.49522868
   49   1   0       1.88677898
   49   2   1       4.50812853
   50   1   0       1.88779060
   50   2   1       4.50759652
   51   1   0       1.88783588
   51   2   1       4.50744645
   52   1   0       1.88678528
   52   2   1       4.50811848
   53   1   0       1.88673823
   53   2   1       4.50819390
   54   1   0       1.88772314
   54   2   1       4.50771955
   55   1   0       1.88770305
   55   2   1       4.50779298
   56   1   0       1.88672593
   56   2   1       4.50822851
   57   1   0       1.88466695
   57   2   1       4.49840537
   58   1   0       1.88610868
   58   2   1       4.49461707
   59   1   0       1.88609097
   59   2   1       4.49468308
   60   1   0       1.88469636
   60   2   1       4.49831408
   61   1   0       1.88462567
   61   2   1       4.49832011
   62   1   0       1.88607170
   62   2   1       4.49444676
   63   1   0       1.88604579
   63   2   1       4.49453489
   64   1   0       1.88463886
   64   2   1       4.49822189
   65   1   0       1.88462737
   65   2   1       4.48569910
   66   1   0       1.88227269
   66   2   1       4.49139652
   67   1   0       1.88458512
   67   2   1       4.48572615
   68   1   0       1.88223565
   68   2   1       4.49130984
   69   1   0       1.88380703
   69   2   1       4.48644508
   70   1   0       1.88270108
   70   2   1       4.48947645
   71   1   0       1.88392369
   71   2   1       4.48594422
   72   1   0       1.88267378
   72   2   1       4.48945157

Orbital populations (up)
 Atom Sh.   l   m       Population  Label
    1   1   0   0       1.08524093  s
    1   2   1  -1       0.47902198  p_y
    1   2   1   0       0.47803647  p_z
    1   2   1   1       0.47543526  p_x
    1   3   2  -2       0.19649370  d_xy
    1   3   2  -1       0.12052164  d_yz
    1   3   2   0       0.18316560  d_z2
    1   3   2   1       0.10847425  d_xz
    1   3   2   2       0.10332861  d_x2-y2
    2   1   0   0       1.08407074  s
    2   2   1  -1       0.47438118  p_y
    2   2   1   0       0.48400481  p_z
    2   2   1   1       0.47276268  p_x
    2   3   2  -2       0.20138923  d_xy
    2   3   2  -1       0.11544085  d_yz
    2   3   2   0       0.18859685  d_z2
    2   3   2   1       0.10560076  d_xz
    2   3   2   2       0.10203309  d_x2-y2
    3   1   0   0       1.08407754  s
    3   2   1  -1       0.47443755  p_y
    3   2   1   0       0.48401662  p_z
    3   2   1   1       0.47269528  p_x
    3   3   2  -2       0.20153757  d_xy
    3   3   2  -1       0.11538687  d_yz
    3   3   2   0       0.18859660  d_z2
    3   3   2   1       0.10565990  d_xz
    3   3   2   2       0.10185108  d_x2-y2
    4   1   0   0       1.08522200  s
    4   2   1  -1       0.47896893  p_y
    4   2   1   0       0.47798682  p_z
    4   2   1   1       0.47554291  p_x
    4   3   2  -2       0.19633426  d_xy
    4   3   2  -1       0.12057843  d_yz
    4   3   2   0       0.18318131  d_z2
    4   3   2   1       0.10838182  d_xz
    4   3   2   2       0.10349903  d_x2-y2
    5   1   0   0       1.08533905  s
    5   2   1  -1       0.47916245  p_y
    5   2   1   0       0.47801664  p_z
    5   2   1   1       0.47538631  p_x
    5   3   2  -2       0.19652246  d_xy
    5   3   2  -1       0.12037775  d_yz
    5   3   2   0       0.18316560  d_z2
    5   3   2   1       0.10853440  d_xz
    5   3   2   2       0.10326038  d_x2-y2
    6   1   0   0       1.08406583  s
    6   2   1  -1       0.47444420  p_y
    6   2   1   0       0.48398864  p_z
    6   2   1   1       0.47277870  p_x
    6   3   2  -2       0.20137917  d_xy
    6   3   2  -1       0.11538656  d_yz
    6   3   2   0       0.18856602  d_z2
    6   3   2   1       0.10577105  d_xz
    6   3   2   2       0.10193332  d_x2-y2
    7   1   0   0       1.08408730  s
    7   2   1  -1       0.47449468  p_y
    7   2   1   0       0.48400901  p_z
    7   2   1   1       0.47270530  p_x
    7   3   2  -2       0.20159804  d_xy
    7   3   2  -1       0.11538782  d_yz
    7   3   2   0       0.18855516  d_z2
    7   3   2   1       0.10574205  d_xz
    7   3   2   2       0.10175182  d_x2-y2
    8   1   0   0       1.08529080  s
    8   2   1  -1       0.47906435  p_y
    8   2   1   0       0.47800634  p_z
    8   2   1   1       0.47545429  p_x
    8   3   2  -2       0.19642049  d_xy
    8   3   2  -1       0.12055072  d_yz
    8   3   2   0       0.18315984  d_z2
    8   3   2   1       0.10839281  d_xz
    8   3   2   2       0.10340609  d_x2-y2
    9   1   0   0       1.09534132  s
    9   2   1  -1       0.49206050  p_y
    9   2   1   0       0.48654979  p_z
    9   2   1   1       0.47262930  p_x
    9   3   2  -2       0.15818854  d_xy
    9   3   2  -1       0.15974287  d_yz
    9   3   2   0       0.12113921  d_z2
    9   3   2   1       0.16395478  d_xz
    9   3   2   2       0.11387017  d_x2-y2
   10   1   0   0       1.09108162  s
   10   2   1  -1       0.48767755  p_y
   10   2   1   0       0.48799877  p_z
   10   2   1   1       0.47342867  p_x
   10   3   2  -2       0.16126620  d_xy
   10   3   2  -1       0.16428702  d_yz
   10   3   2   0       0.12225982  d_z2
   10   3   2   1       0.16045055  d_xz
   10   3   2   2       0.11811404  d_x2-y2
   11   1   0   0       1.09111210  s
   11   2   1  -1       0.48767836  p_y
   11   2   1   0       0.48798011  p_z
   11   2   1   1       0.47345822  p_x
   11   3   2  -2       0.16111512  d_xy
   11   3   2  -1       0.16415050  d_yz
   11   3   2   0       0.12228355  d_z2
   11   3   2   1       0.16057513  d_xz
   11   3   2   2       0.11821200  d_x2-y2
   12   1   0   0       1.09533804  s
   12   2   1  -1       0.49205305  p_y
   12   2   1   0       0.48654890  p_z
   12   2   1   1       0.47264064  p_x
   12   3   2  -2       0.15825769  d_xy
   12   3   2  -1       0.15988038  d_yz
   12   3   2   0       0.12113030  d_z2
   12   3   2   1       0.16379579  d_xz
   12   3   2   2       0.11383106  d_x2-y2
   13   1   0   0       1.09518864  s
   13   2   1  -1       0.49207044  p_y
   13   2   1   0       0.48649680  p_z
   13   2   1   1       0.47256775  p_x
   13   3   2  -2       0.15824531  d_xy
   13   3   2  -1       0.15979393  d_yz
   13   3   2   0       0.12119357  d_z2
   13   3   2   1       0.16404928  d_xz
   13   3   2   2       0.11396590  d_x2-y2
   14   1   0   0       1.09090307  s
   14   2   1  -1       0.48781804  p_y
   14   2   1   0       0.48788734  p_z
   14   2   1   1       0.47330616  p_x
   14   3   2  -2       0.16131164  d_xy
   14   3   2  -1       0.16440860  d_yz
   14   3   2   0       0.12238802  d_z2
   14   3   2   1       0.16044273  d_xz
   14   3   2   2       0.11822948  d_x2-y2
   15   1   0   0       1.09089571  s
   15   2   1  -1       0.48782383  p_y
   15   2   1   0       0.48790515  p_z
   15   2   1   1       0.47328571  p_x
   15   3   2  -2       0.16119813  d_xy
   15   3   2  -1       0.16422921  d_yz
   15   3   2   0       0.12238007  d_z2
   15   3   2   1       0.16067805  d_xz
   15   3   2   2       0.11830423  d_x2-y2
   16   1   0   0       1.09517994  s
   16   2   1  -1       0.49205979  p_y
   16   2   1   0       0.48650984  p_z
   16   2   1   1       0.47258385  p_x
   16   3   2  -2       0.15835955  d_xy
   16   3   2  -1       0.15995305  d_yz
   16   3   2   0       0.12113807  d_z2
   16   3   2   1       0.16389542  d_xz
   16   3   2   2       0.11390399  d_x2-y2
   17   1   0   0       1.09670731  s
   17   2   1  -1       0.49147849  p_y
   17   2   1   0       0.48730724  p_z
   17   2   1   1       0.47510303  p_x
   17   3   2  -2       0.16679014  d_xy
   17   3   2  -1       0.15275727  d_yz
   17   3   2   0       0.12807673  d_z2
   17   3   2   1       0.16333483  d_xz
   17   3   2   2       0.10584498  d_x2-y2
   18   1   0   0       1.09087655  s
   18   2   1  -1       0.48993233  p_y
   18   2   1   0       0.48545419  p_z
   18   2   1   1       0.47555220  p_x
   18   3   2  -2       0.16843769  d_xy
   18   3   2  -1       0.15691123  d_yz
   18   3   2   0       0.12934386  d_z2
   18   3   2   1       0.16159641  d_xz
   18   3   2   2       0.11126666  d_x2-y2
   19   1   0   0       1.09081169  s
   19   2   1  -1       0.48996261  p_y
   19   2   1   0       0.48543616  p_z
   19   2   1   1       0.47553699  p_x
   19   3   2  -2       0.16839049  d_xy
   19   3   2  -1       0.15675123  d_yz
   19   3   2   0       0.12934306  d_z2
   19   3   2   1       0.16179830  d_xz
   19   3   2   2       0.11130411  d_x2-y2
   20   1   0   0       1.09680621  s
   20   2   1  -1       0.49144261  p_y
   20   2   1   0       0.48732696  p_z
   20   2   1   1       0.47518602  p_x
   20   3   2  -2       0.16675864  d_xy
   20   3   2  -1       0.15287928  d_yz
   20   3   2   0       0.12816794  d_z2
   20   3   2   1       0.16308029  d_xz
   20   3   2   2       0.10584955  d_x2-y2
   21   1   0   0       1.09671763  s
   21   2   1  -1       0.49174068  p_y
   21   2   1   0       0.48723741  p_z
   21   2   1   1       0.47499293  p_x
   21   3   2  -2       0.16675992  d_xy
   21   3   2  -1       0.15258718  d_yz
   21   3   2   0       0.12825084  d_z2
   21   3   2   1       0.16338931  d_xz
   21   3   2   2       0.10593104  d_x2-y2
   22   1   0   0       1.09074064  s
   22   2   1  -1       0.48990520  p_y
   22   2   1   0       0.48543687  p_z
   22   2   1   1       0.47548506  p_x
   22   3   2  -2       0.16852130  d_xy
   22   3   2  -1       0.15693129  d_yz
   22   3   2   0       0.12948828  d_z2
   22   3   2   1       0.16155148  d_xz
   22   3   2   2       0.11140230  d_x2-y2
   23   1   0   0       1.09066805  s
   23   2   1  -1       0.48995038  p_y
   23   2   1   0       0.48540543  p_z
   23   2   1   1       0.47542904  p_x
   23   3   2  -2       0.16847071  d_xy
   23   3   2  -1       0.15674232  d_yz
   23   3   2   0       0.12949406  d_z2
   23   3   2   1       0.16179647  d_xz
   23   3   2   2       0.11145503  d_x2-y2
   24   1   0   0       1.09671728  s
   24   2   1  -1       0.49169494  p_y
   24   2   1   0       0.48727116  p_z
   24   2   1   1       0.47499415  p_x
   24   3   2  -2       0.16678173  d_xy
   24   3   2  -1       0.15274498  d_yz
   24   3   2   0       0.12830008  d_z2
   24   3   2   1       0.16320760  d_xz
   24   3   2   2       0.10589675  d_x2-y2
   25   1   0   0       1.88217889  s
   25   2   1  -1       1.67121702  p_y
   25   2   1   0       1.48836413  p_z
   25   2   1   1       1.33156850  p_x
   26   1   0   0       1.88222265  s
   26   2   1  -1       1.67110693  p_y
   26   2   1   0       1.48821765  p_z
   26   2   1   1       1.33170823  p_x
   27   1   0   0       1.88227460  s
   27   2   1  -1       1.67147322  p_y
   27   2   1   0       1.48794186  p_z
   27   2   1   1       1.33154798  p_x
   28   1   0   0       1.88222449  s
   28   2   1  -1       1.67134141  p_y
   28   2   1   0       1.48793615  p_z
   28   2   1   1       1.33176291  p_x
   29   1   0   0       1.87905629  s
   29   2   1  -1       1.44142232  p_y
   29   2   1   0       1.50417896  p_z
   29   2   1   1       1.52847967  p_x
   30   1   0   0       1.88375164  s
   30   2   1  -1       1.42602587  p_y
   30   2   1   0       1.50071931  p_z
   30   2   1   1       1.54635478  p_x
   31   1   0   0       1.88374637  s
   31   2   1  -1       1.42569620  p_y
   31   2   1   0       1.50070282  p_z
   31   2   1   1       1.54673328  p_x
   32   1   0   0       1.87901122  s
   32   2   1  -1       1.44203763  p_y
   32   2   1   0       1.50413553  p_z
   32   2   1   1       1.52801991  p_x
   33   1   0   0       1.87911612  s
   33   2   1  -1       1.44197859  p_y
   33   2   1   0       1.50379320  p_z
   33   2   1   1       1.52833397  p_x
   34   1   0   0       1.88375558  s
   34   2   1  -1       1.42622097  p_y
   34   2   1   0       1.50066052  p_z
   34   2   1   1       1.54634077  p_x
   35   1   0   0       1.88379396  s
   35   2   1  -1       1.42587358  p_y
   35   2   1   0       1.50083081  p_z
   35   2   1   1       1.54641214  p_x
   36   1   0   0       1.87912578  s
   36   2   1  -1       1.44231794  p_y
   36   2   1   0       1.50380100  p_z
   36   2   1   1       1.52794670  p_x
   37   1   0   0       1.88562861  s
   37   2   1  -1       1.38635279  p_y
   37   2   1   0       1.51890446  p_z
   37   2   1   1       1.56875871  p_x
   38   1   0   0       1.87962325  s
   38   2   1  -1       1.39987318  p_y
   38   2   1   0       1.50704324  p_z
   38   2   1   1       1.57212528  p_x
   39   1   0   0       1.87961053  s
   39   2   1  -1       1.39967695  p_y
   39   2   1   0       1.50700237  p_z
   39   2   1   1       1.57236487  p_x
   40   1   0   0       1.88562163  s
   40   2   1  -1       1.38644927  p_y
   40   2   1   0       1.51885450  p_z
   40   2   1   1       1.56876776  p_x
   41   1   0   0       1.88560965  s
   41   2   1  -1       1.38600344  p_y
   41   2   1   0       1.51916724  p_z
   41   2   1   1       1.56885073  p_x
   42   1   0   0       1.87956002  s
   42   2   1  -1       1.40017861  p_y
   42   2   1   0       1.50713686  p_z
   42   2   1   1       1.57177791  p_x
   43   1   0   0       1.87954302  s
   43   2   1  -1       1.39963844  p_y
   43   2   1   0       1.50710745  p_z
   43   2   1   1       1.57240854  p_x
   44   1   0   0       1.88559473  s
   44   2   1  -1       1.38596312  p_y
   44   2   1   0       1.51912930  p_z
   44   2   1   1       1.56897379  p_x
   45   1   0   0       1.88098299  s
   45   2   1  -1       1.68608777  p_y
   45   2   1   0       1.46993061  p_z
   45   2   1   1       1.33917101  p_x
   46   1   0   0       1.88095704  s
   46   2   1  -1       1.68578638  p_y
   46   2   1   0       1.47002131  p_z
   46   2   1   1       1.33941827  p_x
   47   1   0   0       1.88095066  s
   47   2   1  -1       1.68588749  p_y
   47   2   1   0       1.47012714  p_z
   47   2   1   1       1.33922929  p_x
   48   1   0   0       1.88095811  s
   48   2   1  -1       1.68587466  p_y
   48   2   1   0       1.47011318  p_z
   48   2   1   1       1.33924085  p_x
   49   1   0   0       1.88677898  s
   49   2   1  -1       1.67877812  p_y
   49   2   1   0       1.61786658  p_z
   49   2   1   1       1.21148383  p_x
   50   1   0   0       1.88779060  s
   50   2   1  -1       1.67479991  p_y
   50   2   1   0       1.61989074  p_z
   50   2   1   1       1.21290588  p_x
   51   1   0   0       1.88783588  s
   51   2   1  -1       1.67462108  p_y
   51   2   1   0       1.61976845  p_z
   51   2   1   1       1.21305692  p_x
   52   1   0   0       1.88678528  s
   52   2   1  -1       1.67886147  p_y
   52   2   1   0       1.61769189  p_z
   52   2   1   1       1.21156512  p_x
   53   1   0   0       1.88673823  s
   53   2   1  -1       1.67785957  p_y
   53   2   1   0       1.61894534  p_z
   53   2   1   1       1.21138898  p_x
   54   1   0   0       1.88772314  s
   54   2   1  -1       1.67461311  p_y
   54   2   1   0       1.62047653  p_z
   54   2   1   1       1.21262990  p_x
   55   1   0   0       1.88770305  s
   55   2   1  -1       1.67425062  p_y
   55   2   1   0       1.62096654  p_z
   55   2   1   1       1.21257582  p_x
   56   1   0   0       1.88672593  s
   56   2   1  -1       1.67794663  p_y
   56   2   1   0       1.61891867  p_z
   56   2   1   1       1.21136321  p_x
   57   1   0   0       1.88466695  s
   57   2   1  -1       1.62345032  p_y
   57   2   1   0       1.20907547  p_z
   57   2   1   1       1.66587958  p_x
   58   1   0   0       1.88610868  s
   58   2   1  -1       1.61006340  p_y
   58   2   1   0       1.21161796  p_z
   58   2   1   1       1.67293571  p_x
   59   1   0   0       1.88609097  s
   59   2   1  -1       1.60982933  p_y
   59   2   1   0       1.21155937  p_z
   59   2   1   1       1.67329437  p_x
   60   1   0   0       1.88469636  s
   60   2   1  -1       1.62358983  p_y
   60   2   1   0       1.20909521  p_z
   60   2   1   1       1.66562904  p_x
   61   1   0   0       1.88462567  s
   61   2   1  -1       1.62457844  p_y
   61   2   1   0       1.20890657  p_z
   61   2   1   1       1.66483510  p_x
   62   1   0   0       1.88607170  s
   62   2   1  -1       1.61139966  p_y
   62   2   1   0       1.21142766  p_z
   62   2   1   1       1.67161945  p_x
   63   1   0   0       1.88604579  s
   63   2   1  -1       1.61123718  p_y
   63   2   1   0       1.21140657  p_z
   63   2   1   1       1.67189114  p_x
   64   1   0   0       1.88463886  s
   64   2   1  -1       1.62484435  p_y
   64   2   1   0       1.20896304  p_z
   64   2   1   1       1.66441451  p_x
   65   1   0   0       1.88462737  s
   65   2   1  -1       1.21094719  p_y
   65   2   1   0       1.67508072  p_z
   65   2   1   1       1.59967119  p_x
   66   1   0   0       1.88227269  s
   66   2   1  -1       1.20576631  p_y
   66   2   1   0       1.67924753  p_z
   66   2   1   1       1.60638268  p_x
   67   1   0   0       1.88458512  s
   67   2   1  -1       1.21074006  p_y
   67   2   1   0       1.67397365  p_z
   67   2   1   1       1.60101243  p_x
   68   1   0   0       1.88223565  s
   68   2   1  -1       1.20588571  p_y
   68   2   1   0       1.67847885  p_z
   68   2   1   1       1.60694528  p_x
   69   1   0   0       1.88380703  s
   69   2   1  -1       1.21096663  p_y
   69   2   1   0       1.65943145  p_z
   69   2   1   1       1.61604700  p_x
   70   1   0   0       1.88270108  s
   70   2   1  -1       1.21062942  p_y
   70   2   1   0       1.67048862  p_z
   70   2   1   1       1.60835842  p_x
   71   1   0   0       1.88392369  s
   71   2   1  -1       1.21137207  p_y
   71   2   1   0       1.65815627  p_z
   71   2   1   1       1.61641588  p_x
   72   1   0   0       1.88267378  s
   72   2   1  -1       1.21043296  p_y
   72   2   1   0       1.66903406  p_z
   72   2   1   1       1.60998455  p_x

Fermi level:                        -0.1685345487 H           -4.5861 eV
Band energy:                      -175.2201639685 H        -4767.9833 eV
TS:                                  0.0000000000 H            0.0000 eV
Band free energy (E-TS):          -175.2201639685 H        -4767.9833 eV
Extrapolated E(0K):               -175.2201639685 H        -4767.9833 eV
Input / Output electrons (q):    384.0000000000    384.0000000000

Energy H0:                        -195.9081896225 H        -5330.9331 eV
Energy SCC:                          0.6404089954 H           17.4264 eV
Total Electronic energy:          -195.2677806271 H        -5313.5067 eV
Repulsive energy:                    1.9043265833 H           51.8194 eV
Total energy:                     -193.3634540438 H        -5261.6873 eV
Extrapolated to 0:                -193.3634540438 H        -5261.6873 eV
Total Mermin free energy:         -193.3634540438 H        -5261.6873 eV
Force related energy:             -193.3634540438 H        -5261.6873 eV

Non-constrained calculation

SCC converged

Full geometry written in geo_end.{xyz|gen}

Warning: dipole moment is not defined absolutely!
Dipole moment:    0.42852749   22.95545768   26.19908861 au
Dipole moment:    1.08920833   58.34695821   66.59144635 Debye

Geometry converged

