 KPT            1  SPIN            1  KWEIGHT    1.0000000000000000     
     1   -23.178  2.00000
     2   -23.178  2.00000
     3   -23.031  2.00000
     4   -23.031  2.00000
     5   -22.951  2.00000
     6   -22.951  2.00000
     7   -22.928  2.00000
     8   -22.927  2.00000
     9   -22.850  2.00000
    10   -22.850  2.00000
    11   -22.708  2.00000
    12   -22.708  2.00000
    13   -22.620  2.00000
    14   -22.620  2.00000
    15   -22.530  2.00000
    16   -22.530  2.00000
    17   -22.405  2.00000
    18   -22.405  2.00000
    19   -22.298  2.00000
    20   -22.298  2.00000
    21   -22.235  2.00000
    22   -22.235  2.00000
    23   -22.033  2.00000
    24   -22.033  2.00000
    25   -22.009  2.00000
    26   -22.009  2.00000
    27   -21.996  2.00000
    28   -21.996  2.00000
    29   -21.991  2.00000
    30   -21.991  2.00000
    31   -21.974  2.00000
    32   -21.973  2.00000
    33   -21.968  2.00000
    34   -21.967  2.00000
    35   -21.924  2.00000
    36   -21.924  2.00000
    37   -21.900  2.00000
    38   -21.900  2.00000
    39   -21.896  2.00000
    40   -21.896  2.00000
    41   -21.873  2.00000
    42   -21.873  2.00000
    43   -21.865  2.00000
    44   -21.864  2.00000
    45   -21.850  2.00000
    46   -21.850  2.00000
    47   -21.837  2.00000
    48   -21.837  2.00000
    49   -12.959  2.00000
    50   -12.959  2.00000
    51   -12.658  2.00000
    52   -12.658  2.00000
    53   -12.421  2.00000
    54   -12.421  2.00000
    55   -12.259  2.00000
    56   -12.259  2.00000
    57   -12.035  2.00000
    58   -12.035  2.00000
    59   -11.602  2.00000
    60   -11.602  2.00000
    61   -11.458  2.00000
    62   -11.457  2.00000
    63   -11.161  2.00000
    64   -11.161  2.00000
    65   -10.880  2.00000
    66   -10.880  2.00000
    67   -10.447  2.00000
    68   -10.447  2.00000
    69   -10.354  2.00000
    70   -10.353  2.00000
    71    -9.709  2.00000
    72    -9.709  2.00000
    73    -9.662  2.00000
    74    -9.662  2.00000
    75    -9.630  2.00000
    76    -9.630  2.00000
    77    -9.573  2.00000
    78    -9.572  2.00000
    79    -9.509  2.00000
    80    -9.508  2.00000
    81    -9.423  2.00000
    82    -9.423  2.00000
    83    -9.404  2.00000
    84    -9.404  2.00000
    85    -9.331  2.00000
    86    -9.331  2.00000
    87    -9.310  2.00000
    88    -9.309  2.00000
    89    -9.273  2.00000
    90    -9.272  2.00000
    91    -9.131  2.00000
    92    -9.131  2.00000
    93    -9.128  2.00000
    94    -9.127  2.00000
    95    -8.981  2.00000
    96    -8.980  2.00000
    97    -8.877  2.00000
    98    -8.877  2.00000
    99    -8.758  2.00000
   100    -8.757  2.00000
   101    -8.729  2.00000
   102    -8.729  2.00000
   103    -8.668  2.00000
   104    -8.667  2.00000
   105    -8.506  2.00000
   106    -8.505  2.00000
   107    -8.497  2.00000
   108    -8.497  2.00000
   109    -8.437  2.00000
   110    -8.437  2.00000
   111    -8.402  2.00000
   112    -8.402  2.00000
   113    -8.208  2.00000
   114    -8.207  2.00000
   115    -8.184  2.00000
   116    -8.184  2.00000
   117    -8.010  2.00000
   118    -8.010  2.00000
   119    -8.002  2.00000
   120    -8.002  2.00000
   121    -7.879  2.00000
   122    -7.879  2.00000
   123    -7.869  2.00000
   124    -7.868  2.00000
   125    -7.849  2.00000
   126    -7.849  2.00000
   127    -7.776  2.00000
   128    -7.775  2.00000
   129    -7.759  2.00000
   130    -7.759  2.00000
   131    -7.672  2.00000
   132    -7.672  2.00000
   133    -7.570  2.00000
   134    -7.569  2.00000
   135    -7.555  2.00000
   136    -7.555  2.00000
   137    -7.548  2.00000
   138    -7.548  2.00000
   139    -7.543  2.00000
   140    -7.542  2.00000
   141    -7.452  2.00000
   142    -7.452  2.00000
   143    -7.428  2.00000
   144    -7.427  2.00000
   145    -7.424  2.00000
   146    -7.424  2.00000
   147    -7.419  2.00000
   148    -7.418  2.00000
   149    -7.405  2.00000
   150    -7.404  2.00000
   151    -7.397  2.00000
   152    -7.397  2.00000
   153    -7.363  2.00000
   154    -7.363  2.00000
   155    -7.347  2.00000
   156    -7.346  2.00000
   157    -7.337  2.00000
   158    -7.337  2.00000
   159    -7.309  2.00000
   160    -7.309  2.00000
   161    -7.296  2.00000
   162    -7.296  2.00000
   163    -7.289  2.00000
   164    -7.289  2.00000
   165    -7.254  2.00000
   166    -7.254  2.00000
   167    -7.222  2.00000
   168    -7.222  2.00000
   169    -7.062  2.00000
   170    -7.062  2.00000
   171    -7.053  2.00000
   172    -7.052  2.00000
   173    -6.916  2.00000
   174    -6.916  2.00000
   175    -6.906  2.00000
   176    -6.906  2.00000
   177    -6.858  2.00000
   178    -6.858  2.00000
   179    -6.850  2.00000
   180    -6.849  2.00000
   181    -6.781  2.00000
   182    -6.780  2.00000
   183    -6.749  2.00000
   184    -6.749  2.00000
   185    -6.731  2.00000
   186    -6.731  2.00000
   187    -6.722  2.00000
   188    -6.721  2.00000
   189    -6.680  2.00000
   190    -6.679  2.00000
   191    -6.628  2.00000
   192    -6.628  2.00000
   193     0.293  0.00000
   194     0.294  0.00000
   195     0.395  0.00000
   196     0.396  0.00000
   197     0.452  0.00000
   198     0.452  0.00000
   199     0.586  0.00000
   200     0.586  0.00000
   201     0.681  0.00000
   202     0.682  0.00000
   203     0.806  0.00000
   204     0.807  0.00000
   205     0.906  0.00000
   206     0.907  0.00000
   207     0.958  0.00000
   208     0.960  0.00000
   209     1.152  0.00000
   210     1.155  0.00000
   211     1.192  0.00000
   212     1.194  0.00000
   213     1.251  0.00000
   214     1.252  0.00000
   215     1.296  0.00000
   216     1.296  0.00000
   217     1.329  0.00000
   218     1.331  0.00000
   219     1.369  0.00000
   220     1.369  0.00000
   221     1.437  0.00000
   222     1.437  0.00000
   223     1.489  0.00000
   224     1.490  0.00000
   225     1.555  0.00000
   226     1.555  0.00000
   227     1.626  0.00000
   228     1.627  0.00000
   229     1.649  0.00000
   230     1.649  0.00000
   231     1.731  0.00000
   232     1.732  0.00000
   233     1.764  0.00000
   234     1.765  0.00000
   235     1.785  0.00000
   236     1.786  0.00000
   237     1.871  0.00000
   238     1.872  0.00000
   239     1.986  0.00000
   240     1.987  0.00000
   241     2.139  0.00000
   242     2.140  0.00000
   243     2.194  0.00000
   244     2.195  0.00000
   245     2.226  0.00000
   246     2.228  0.00000
   247     2.308  0.00000
   248     2.308  0.00000
   249     2.401  0.00000
   250     2.401  0.00000
   251     2.441  0.00000
   252     2.442  0.00000
   253     2.629  0.00000
   254     2.630  0.00000
   255     2.825  0.00000
   256     2.826  0.00000
   257     2.840  0.00000
   258     2.841  0.00000
   259     2.872  0.00000
   260     2.872  0.00000
   261     2.938  0.00000
   262     2.940  0.00000
   263     3.062  0.00000
   264     3.063  0.00000
   265     3.240  0.00000
   266     3.242  0.00000
   267     3.680  0.00000
   268     3.680  0.00000
   269     3.698  0.00000
   270     3.699  0.00000
   271     4.365  0.00000
   272     4.365  0.00000
   273     4.487  0.00000
   274     4.488  0.00000
   275     4.499  0.00000
   276     4.500  0.00000
   277     4.719  0.00000
   278     4.721  0.00000
   279     4.817  0.00000
   280     4.818  0.00000
   281     4.939  0.00000
   282     4.939  0.00000
   283     5.218  0.00000
   284     5.219  0.00000
   285     5.286  0.00000
   286     5.287  0.00000
   287     5.304  0.00000
   288     5.305  0.00000
   289     5.526  0.00000
   290     5.528  0.00000
   291     5.578  0.00000
   292     5.578  0.00000
   293     5.948  0.00000
   294     5.949  0.00000
   295     5.999  0.00000
   296     6.002  0.00000
   297     6.030  0.00000
   298     6.030  0.00000
   299     6.140  0.00000
   300     6.141  0.00000
   301     6.259  0.00000
   302     6.260  0.00000
   303     6.303  0.00000
   304     6.306  0.00000
   305     6.382  0.00000
   306     6.384  0.00000
   307     6.518  0.00000
   308     6.519  0.00000
   309     6.590  0.00000
   310     6.595  0.00000
   311     6.713  0.00000
   312     6.714  0.00000
   313     6.755  0.00000
   314     6.756  0.00000
   315     6.849  0.00000
   316     6.850  0.00000
   317     6.883  0.00000
   318     6.884  0.00000
   319     6.930  0.00000
   320     6.930  0.00000
   321     7.042  0.00000
   322     7.042  0.00000
   323     7.139  0.00000
   324     7.141  0.00000
   325     7.208  0.00000
   326     7.209  0.00000
   327     7.342  0.00000
   328     7.344  0.00000
   329     7.516  0.00000
   330     7.518  0.00000
   331     7.565  0.00000
   332     7.567  0.00000
   333     7.994  0.00000
   334     7.996  0.00000
   335     8.037  0.00000
   336     8.039  0.00000
   337    19.956  0.00000
   338    19.957  0.00000
   339    20.041  0.00000
   340    20.042  0.00000
   341    20.062  0.00000
   342    20.063  0.00000
   343    20.104  0.00000
   344    20.106  0.00000
   345    20.150  0.00000
   346    20.150  0.00000
   347    20.156  0.00000
   348    20.159  0.00000
   349    20.238  0.00000
   350    20.240  0.00000
   351    20.329  0.00000
   352    20.330  0.00000
   353    20.348  0.00000
   354    20.348  0.00000
   355    20.598  0.00000
   356    20.599  0.00000
   357    20.708  0.00000
   358    20.711  0.00000
   359    20.864  0.00000
   360    20.866  0.00000
   361    21.057  0.00000
   362    21.058  0.00000
   363    21.455  0.00000
   364    21.456  0.00000
   365    21.477  0.00000
   366    21.479  0.00000
   367    21.767  0.00000
   368    21.770  0.00000
   369    21.783  0.00000
   370    21.788  0.00000
   371    22.085  0.00000
   372    22.086  0.00000
   373    22.318  0.00000
   374    22.319  0.00000
   375    22.434  0.00000
   376    22.439  0.00000
   377    22.877  0.00000
   378    22.878  0.00000
   379    23.038  0.00000
   380    23.040  0.00000
   381    23.077  0.00000
   382    23.079  0.00000
   383    23.128  0.00000
   384    23.130  0.00000
   385    23.322  0.00000
   386    23.323  0.00000
   387    23.345  0.00000
   388    23.346  0.00000
   389    23.369  0.00000
   390    23.373  0.00000
   391    23.599  0.00000
   392    23.600  0.00000
   393    23.797  0.00000
   394    23.798  0.00000
   395    23.936  0.00000
   396    23.939  0.00000
   397    24.062  0.00000
   398    24.066  0.00000
   399    24.173  0.00000
   400    24.177  0.00000
   401    24.226  0.00000
   402    24.227  0.00000
   403    24.253  0.00000
   404    24.254  0.00000
   405    24.270  0.00000
   406    24.271  0.00000
   407    24.376  0.00000
   408    24.378  0.00000

