 Fermi distribution function

Geometry optimization step: 109


********************************************************************************
 iSCC Total electronic   Diff electronic      SCC error    
    7   -0.19427363E+03    0.56843419E-13    0.92994554E-08
********************************************************************************

 Total charge:    -0.00000000

 Atomic gross charges (e)
 Atom           Charge
    1       0.90635301
    2       0.90649840
    3       0.90648073
    4       0.90635932
    5       0.90640890
    6       0.90656507
    7       0.90652385
    8       0.90637422
    9       0.87154251
   10       0.87139032
   11       0.87139347
   12       0.87152368
   13       0.87145533
   14       0.87138446
   15       0.87140278
   16       0.87152571
   17       0.86743842
   18       0.86747535
   19       0.86748455
   20       0.86742500
   21       0.86742575
   22       0.86745461
   23       0.86748213
   24       0.86743224
   25      -0.43844420
   26      -0.43845354
   27      -0.43848775
   28      -0.43848022
   29      -0.42263879
   30      -0.42279924
   31      -0.42277254
   32      -0.42261360
   33      -0.42258069
   34      -0.42276578
   35      -0.42279471
   36      -0.42257970
   37      -0.42750698
   38      -0.42744037
   39      -0.42744014
   40      -0.42750039
   41      -0.42747985
   42      -0.42745618
   43      -0.42743005
   44      -0.42747369
   45      -0.44399739
   46      -0.44399272
   47      -0.44400052
   48      -0.44399604
   49      -0.46412369
   50      -0.46438876
   51      -0.46437624
   52      -0.46415634
   53      -0.46413609
   54      -0.46435250
   55      -0.46430936
   56      -0.46413990
   57      -0.44843100
   58      -0.44835345
   59      -0.44828412
   60      -0.44841436
   61      -0.44842459
   62      -0.44835233
   63      -0.44838964
   64      -0.44842469
   65      -0.44203209
   66      -0.44200859
   67      -0.44199422
   68      -0.44201390
   69      -0.44050045
   70      -0.44083435
   71      -0.44049260
   72      -0.44074146

Nr. of electrons (up):    384.00000000
Atom populations (up)
 Atom       Population
    1       3.09364699
    2       3.09350160
    3       3.09351927
    4       3.09364068
    5       3.09359110
    6       3.09343493
    7       3.09347615
    8       3.09362578
    9       3.12845749
   10       3.12860968
   11       3.12860653
   12       3.12847632
   13       3.12854467
   14       3.12861554
   15       3.12859722
   16       3.12847429
   17       3.13256158
   18       3.13252465
   19       3.13251545
   20       3.13257500
   21       3.13257425
   22       3.13254539
   23       3.13251787
   24       3.13256776
   25       6.43844420
   26       6.43845354
   27       6.43848775
   28       6.43848022
   29       6.42263879
   30       6.42279924
   31       6.42277254
   32       6.42261360
   33       6.42258069
   34       6.42276578
   35       6.42279471
   36       6.42257970
   37       6.42750698
   38       6.42744037
   39       6.42744014
   40       6.42750039
   41       6.42747985
   42       6.42745618
   43       6.42743005
   44       6.42747369
   45       6.44399739
   46       6.44399272
   47       6.44400052
   48       6.44399604
   49       6.46412369
   50       6.46438876
   51       6.46437624
   52       6.46415634
   53       6.46413609
   54       6.46435250
   55       6.46430936
   56       6.46413990
   57       6.44843100
   58       6.44835345
   59       6.44828412
   60       6.44841436
   61       6.44842459
   62       6.44835233
   63       6.44838964
   64       6.44842469
   65       6.44203209
   66       6.44200859
   67       6.44199422
   68       6.44201390
   69       6.44050045
   70       6.44083435
   71       6.44049260
   72       6.44074146

l-shell populations (up)
 Atom Sh.   l       Population
    1   1   0       0.89085114
    1   2   1       1.40869779
    1   3   2       0.79409806
    2   1   0       0.89082308
    2   2   1       1.40862937
    2   3   2       0.79404915
    3   1   0       0.89084619
    3   2   1       1.40863223
    3   3   2       0.79404085
    4   1   0       0.89083045
    4   2   1       1.40869525
    4   3   2       0.79411497
    5   1   0       0.89070708
    5   2   1       1.40867098
    5   3   2       0.79421304
    6   1   0       0.89068241
    6   2   1       1.40858282
    6   3   2       0.79416971
    7   1   0       0.89078183
    7   2   1       1.40861018
    7   3   2       0.79408414
    8   1   0       0.89077121
    8   2   1       1.40870261
    8   3   2       0.79415196
    9   1   0       0.90967467
    9   2   1       1.43227810
    9   3   2       0.78650472
   10   1   0       0.90947942
   10   2   1       1.43223514
   10   3   2       0.78689512
   11   1   0       0.90948240
   11   2   1       1.43224237
   11   3   2       0.78688176
   12   1   0       0.90971201
   12   2   1       1.43228878
   12   3   2       0.78647553
   13   1   0       0.90969191
   13   2   1       1.43232397
   13   3   2       0.78652879
   14   1   0       0.90944800
   14   2   1       1.43223091
   14   3   2       0.78693663
   15   1   0       0.90945079
   15   2   1       1.43221656
   15   3   2       0.78692987
   16   1   0       0.90964419
   16   2   1       1.43228662
   16   3   2       0.78654349
   17   1   0       0.91008683
   17   2   1       1.43434791
   17   3   2       0.78812684
   18   1   0       0.90977422
   18   2   1       1.43420243
   18   3   2       0.78854801
   19   1   0       0.90977053
   19   2   1       1.43419385
   19   3   2       0.78855107
   20   1   0       0.91015786
   20   2   1       1.43435414
   20   3   2       0.78806300
   21   1   0       0.91009094
   21   2   1       1.43437841
   21   3   2       0.78810490
   22   1   0       0.90979050
   22   2   1       1.43422565
   22   3   2       0.78852924
   23   1   0       0.90975139
   23   2   1       1.43420130
   23   3   2       0.78856518
   24   1   0       0.91009559
   24   2   1       1.43438273
   24   3   2       0.78808943
   25   1   0       1.84021731
   25   2   1       4.59822689
   26   1   0       1.84021651
   26   2   1       4.59823703
   27   1   0       1.84013509
   27   2   1       4.59835266
   28   1   0       1.84017769
   28   2   1       4.59830253
   29   1   0       1.84255458
   29   2   1       4.58008421
   30   1   0       1.84282281
   30   2   1       4.57997643
   31   1   0       1.84282276
   31   2   1       4.57994978
   32   1   0       1.84255602
   32   2   1       4.58005758
   33   1   0       1.84257509
   33   2   1       4.58000560
   34   1   0       1.84282467
   34   2   1       4.57994111
   35   1   0       1.84283353
   35   2   1       4.57996118
   36   1   0       1.84257089
   36   2   1       4.58000880
   37   1   0       1.84402860
   37   2   1       4.58347838
   38   1   0       1.84372509
   38   2   1       4.58371529
   39   1   0       1.84371362
   39   2   1       4.58372652
   40   1   0       1.84401005
   40   2   1       4.58349035
   41   1   0       1.84399038
   41   2   1       4.58348947
   42   1   0       1.84369152
   42   2   1       4.58376466
   43   1   0       1.84369889
   43   2   1       4.58373116
   44   1   0       1.84400886
   44   2   1       4.58346483
   45   1   0       1.83483807
   45   2   1       4.60915932
   46   1   0       1.83484811
   46   2   1       4.60914461
   47   1   0       1.83484487
   47   2   1       4.60915565
   48   1   0       1.83483865
   48   2   1       4.60915739
   49   1   0       1.84909364
   49   2   1       4.61503005
   50   1   0       1.84912162
   50   2   1       4.61526714
   51   1   0       1.84911852
   51   2   1       4.61525772
   52   1   0       1.84909532
   52   2   1       4.61506102
   53   1   0       1.84907664
   53   2   1       4.61505945
   54   1   0       1.84912695
   54   2   1       4.61522556
   55   1   0       1.84911084
   55   2   1       4.61519852
   56   1   0       1.84904184
   56   2   1       4.61509806
   57   1   0       1.84704633
   57   2   1       4.60138467
   58   1   0       1.84709681
   58   2   1       4.60125663
   59   1   0       1.84711197
   59   2   1       4.60117215
   60   1   0       1.84706214
   60   2   1       4.60135222
   61   1   0       1.84705638
   61   2   1       4.60136821
   62   1   0       1.84712892
   62   2   1       4.60122340
   63   1   0       1.84713121
   63   2   1       4.60125843
   64   1   0       1.84705988
   64   2   1       4.60136481
   65   1   0       1.84590627
   65   2   1       4.59612581
   66   1   0       1.84585959
   66   2   1       4.59614901
   67   1   0       1.84592009
   67   2   1       4.59607412
   68   1   0       1.84582336
   68   2   1       4.59619053
   69   1   0       1.84556017
   69   2   1       4.59494027
   70   1   0       1.84544663
   70   2   1       4.59538771
   71   1   0       1.84558031
   71   2   1       4.59491229
   72   1   0       1.84549175
   72   2   1       4.59524971

Orbital populations (up)
 Atom Sh.   l   m       Population  Label
    1   1   0   0       0.89085114  s
    1   2   1  -1       0.46614944  p_y
    1   2   1   0       0.47739332  p_z
    1   2   1   1       0.46515503  p_x
    1   3   2  -2       0.18931646  d_xy
    1   3   2  -1       0.13739849  d_yz
    1   3   2   0       0.19794617  d_z2
    1   3   2   1       0.12649926  d_xz
    1   3   2   2       0.14293767  d_x2-y2
    2   1   0   0       0.89082308  s
    2   2   1  -1       0.46587331  p_y
    2   2   1   0       0.47796491  p_z
    2   2   1   1       0.46479115  p_x
    2   3   2  -2       0.18962240  d_xy
    2   3   2  -1       0.13695324  d_yz
    2   3   2   0       0.19794384  d_z2
    2   3   2   1       0.12684871  d_xz
    2   3   2   2       0.14268096  d_x2-y2
    3   1   0   0       0.89084619  s
    3   2   1  -1       0.46585654  p_y
    3   2   1   0       0.47795923  p_z
    3   2   1   1       0.46481646  p_x
    3   3   2  -2       0.18961527  d_xy
    3   3   2  -1       0.13694162  d_yz
    3   3   2   0       0.19797381  d_z2
    3   3   2   1       0.12681475  d_xz
    3   3   2   2       0.14269540  d_x2-y2
    4   1   0   0       0.89083045  s
    4   2   1  -1       0.46611901  p_y
    4   2   1   0       0.47740194  p_z
    4   2   1   1       0.46517431  p_x
    4   3   2  -2       0.18931618  d_xy
    4   3   2  -1       0.13741636  d_yz
    4   3   2   0       0.19792174  d_z2
    4   3   2   1       0.12651187  d_xz
    4   3   2   2       0.14294881  d_x2-y2
    5   1   0   0       0.89070708  s
    5   2   1  -1       0.46621342  p_y
    5   2   1   0       0.47736368  p_z
    5   2   1   1       0.46509389  p_x
    5   3   2  -2       0.18933929  d_xy
    5   3   2  -1       0.13742376  d_yz
    5   3   2   0       0.19803632  d_z2
    5   3   2   1       0.12649604  d_xz
    5   3   2   2       0.14291764  d_x2-y2
    6   1   0   0       0.89068241  s
    6   2   1  -1       0.46590711  p_y
    6   2   1   0       0.47790473  p_z
    6   2   1   1       0.46477097  p_x
    6   3   2  -2       0.18964631  d_xy
    6   3   2  -1       0.13700439  d_yz
    6   3   2   0       0.19801350  d_z2
    6   3   2   1       0.12682896  d_xz
    6   3   2   2       0.14267655  d_x2-y2
    7   1   0   0       0.89078183  s
    7   2   1  -1       0.46587193  p_y
    7   2   1   0       0.47792628  p_z
    7   2   1   1       0.46481197  p_x
    7   3   2  -2       0.18963051  d_xy
    7   3   2  -1       0.13696703  d_yz
    7   3   2   0       0.19801001  d_z2
    7   3   2   1       0.12681441  d_xz
    7   3   2   2       0.14266218  d_x2-y2
    8   1   0   0       0.89077121  s
    8   2   1  -1       0.46621598  p_y
    8   2   1   0       0.47733081  p_z
    8   2   1   1       0.46515582  p_x
    8   3   2  -2       0.18928030  d_xy
    8   3   2  -1       0.13746136  d_yz
    8   3   2   0       0.19796912  d_z2
    8   3   2   1       0.12650796  d_xz
    8   3   2   2       0.14293323  d_x2-y2
    9   1   0   0       0.90967467  s
    9   2   1  -1       0.48309483  p_y
    9   2   1   0       0.48122197  p_z
    9   2   1   1       0.46796131  p_x
    9   3   2  -2       0.16633472  d_xy
    9   3   2  -1       0.16826508  d_yz
    9   3   2   0       0.14214730  d_z2
    9   3   2   1       0.16863681  d_xz
    9   3   2   2       0.14112082  d_x2-y2
   10   1   0   0       0.90947942  s
   10   2   1  -1       0.48300558  p_y
   10   2   1   0       0.48130939  p_z
   10   2   1   1       0.46792017  p_x
   10   3   2  -2       0.16637561  d_xy
   10   3   2  -1       0.16837546  d_yz
   10   3   2   0       0.14215257  d_z2
   10   3   2   1       0.16860939  d_xz
   10   3   2   2       0.14138209  d_x2-y2
   11   1   0   0       0.90948240  s
   11   2   1  -1       0.48301051  p_y
   11   2   1   0       0.48132627  p_z
   11   2   1   1       0.46790558  p_x
   11   3   2  -2       0.16640191  d_xy
   11   3   2  -1       0.16835260  d_yz
   11   3   2   0       0.14220629  d_z2
   11   3   2   1       0.16858274  d_xz
   11   3   2   2       0.14133822  d_x2-y2
   12   1   0   0       0.90971201  s
   12   2   1  -1       0.48308617  p_y
   12   2   1   0       0.48125246  p_z
   12   2   1   1       0.46795016  p_x
   12   3   2  -2       0.16632343  d_xy
   12   3   2  -1       0.16825339  d_yz
   12   3   2   0       0.14211932  d_z2
   12   3   2   1       0.16863895  d_xz
   12   3   2   2       0.14114045  d_x2-y2
   13   1   0   0       0.90969191  s
   13   2   1  -1       0.48309274  p_y
   13   2   1   0       0.48127318  p_z
   13   2   1   1       0.46795805  p_x
   13   3   2  -2       0.16631738  d_xy
   13   3   2  -1       0.16822701  d_yz
   13   3   2   0       0.14216431  d_z2
   13   3   2   1       0.16865043  d_xz
   13   3   2   2       0.14116965  d_x2-y2
   14   1   0   0       0.90944800  s
   14   2   1  -1       0.48297492  p_y
   14   2   1   0       0.48132438  p_z
   14   2   1   1       0.46793161  p_x
   14   3   2  -2       0.16640187  d_xy
   14   3   2  -1       0.16839324  d_yz
   14   3   2   0       0.14222377  d_z2
   14   3   2   1       0.16853638  d_xz
   14   3   2   2       0.14138138  d_x2-y2
   15   1   0   0       0.90945079  s
   15   2   1  -1       0.48297861  p_y
   15   2   1   0       0.48132054  p_z
   15   2   1   1       0.46791741  p_x
   15   3   2  -2       0.16640915  d_xy
   15   3   2  -1       0.16837030  d_yz
   15   3   2   0       0.14223905  d_z2
   15   3   2   1       0.16854568  d_xz
   15   3   2   2       0.14136568  d_x2-y2
   16   1   0   0       0.90964419  s
   16   2   1  -1       0.48310251  p_y
   16   2   1   0       0.48126105  p_z
   16   2   1   1       0.46792306  p_x
   16   3   2  -2       0.16635522  d_xy
   16   3   2  -1       0.16822651  d_yz
   16   3   2   0       0.14214862  d_z2
   16   3   2   1       0.16866020  d_xz
   16   3   2   2       0.14115294  d_x2-y2
   17   1   0   0       0.91008683  s
   17   2   1  -1       0.48486993  p_y
   17   2   1   0       0.47913722  p_z
   17   2   1   1       0.47034076  p_x
   17   3   2  -2       0.17145359  d_xy
   17   3   2  -1       0.16437921  d_yz
   17   3   2   0       0.14849604  d_z2
   17   3   2   1       0.16773671  d_xz
   17   3   2   2       0.13606128  d_x2-y2
   18   1   0   0       0.90977422  s
   18   2   1  -1       0.48457818  p_y
   18   2   1   0       0.47908246  p_z
   18   2   1   1       0.47054179  p_x
   18   3   2  -2       0.17149542  d_xy
   18   3   2  -1       0.16453888  d_yz
   18   3   2   0       0.14850744  d_z2
   18   3   2   1       0.16773864  d_xz
   18   3   2   2       0.13626763  d_x2-y2
   19   1   0   0       0.90977053  s
   19   2   1  -1       0.48457170  p_y
   19   2   1   0       0.47910418  p_z
   19   2   1   1       0.47051797  p_x
   19   3   2  -2       0.17148572  d_xy
   19   3   2  -1       0.16451374  d_yz
   19   3   2   0       0.14852328  d_z2
   19   3   2   1       0.16774770  d_xz
   19   3   2   2       0.13628063  d_x2-y2
   20   1   0   0       0.91015786  s
   20   2   1  -1       0.48487140  p_y
   20   2   1   0       0.47913948  p_z
   20   2   1   1       0.47034326  p_x
   20   3   2  -2       0.17142207  d_xy
   20   3   2  -1       0.16434408  d_yz
   20   3   2   0       0.14849804  d_z2
   20   3   2   1       0.16772779  d_xz
   20   3   2   2       0.13607103  d_x2-y2
   21   1   0   0       0.91009094  s
   21   2   1  -1       0.48485822  p_y
   21   2   1   0       0.47917238  p_z
   21   2   1   1       0.47034781  p_x
   21   3   2  -2       0.17142898  d_xy
   21   3   2  -1       0.16432552  d_yz
   21   3   2   0       0.14844418  d_z2
   21   3   2   1       0.16779026  d_xz
   21   3   2   2       0.13611596  d_x2-y2
   22   1   0   0       0.90979050  s
   22   2   1  -1       0.48462468  p_y
   22   2   1   0       0.47909152  p_z
   22   2   1   1       0.47050945  p_x
   22   3   2  -2       0.17148266  d_xy
   22   3   2  -1       0.16445846  d_yz
   22   3   2   0       0.14851214  d_z2
   22   3   2   1       0.16779139  d_xz
   22   3   2   2       0.13628459  d_x2-y2
   23   1   0   0       0.90975139  s
   23   2   1  -1       0.48463677  p_y
   23   2   1   0       0.47907851  p_z
   23   2   1   1       0.47048602  p_x
   23   3   2  -2       0.17151252  d_xy
   23   3   2  -1       0.16446099  d_yz
   23   3   2   0       0.14851512  d_z2
   23   3   2   1       0.16781030  d_xz
   23   3   2   2       0.13626625  d_x2-y2
   24   1   0   0       0.91009559  s
   24   2   1  -1       0.48485976  p_y
   24   2   1   0       0.47915413  p_z
   24   2   1   1       0.47036884  p_x
   24   3   2  -2       0.17142756  d_xy
   24   3   2  -1       0.16432231  d_yz
   24   3   2   0       0.14846501  d_z2
   24   3   2   1       0.16777917  d_xz
   24   3   2   2       0.13609537  d_x2-y2
   25   1   0   0       1.84021731  s
   25   2   1  -1       1.67052912  p_y
   25   2   1   0       1.54695104  p_z
   25   2   1   1       1.38074673  p_x
   26   1   0   0       1.84021651  s
   26   2   1  -1       1.67052248  p_y
   26   2   1   0       1.54699189  p_z
   26   2   1   1       1.38072266  p_x
   27   1   0   0       1.84013509  s
   27   2   1  -1       1.67070761  p_y
   27   2   1   0       1.54691693  p_z
   27   2   1   1       1.38072812  p_x
   28   1   0   0       1.84017769  s
   28   2   1  -1       1.67059707  p_y
   28   2   1   0       1.54696425  p_z
   28   2   1   1       1.38074121  p_x
   29   1   0   0       1.84255458  s
   29   2   1  -1       1.47351311  p_y
   29   2   1   0       1.51516664  p_z
   29   2   1   1       1.59140447  p_x
   30   1   0   0       1.84282281  s
   30   2   1  -1       1.47278148  p_y
   30   2   1   0       1.51479341  p_z
   30   2   1   1       1.59240154  p_x
   31   1   0   0       1.84282276  s
   31   2   1  -1       1.47264026  p_y
   31   2   1   0       1.51498398  p_z
   31   2   1   1       1.59232554  p_x
   32   1   0   0       1.84255602  s
   32   2   1  -1       1.47360818  p_y
   32   2   1   0       1.51501590  p_z
   32   2   1   1       1.59143349  p_x
   33   1   0   0       1.84257509  s
   33   2   1  -1       1.47343859  p_y
   33   2   1   0       1.51519308  p_z
   33   2   1   1       1.59137393  p_x
   34   1   0   0       1.84282467  s
   34   2   1  -1       1.47273016  p_y
   34   2   1   0       1.51490079  p_z
   34   2   1   1       1.59231015  p_x
   35   1   0   0       1.84283353  s
   35   2   1  -1       1.47262197  p_y
   35   2   1   0       1.51497874  p_z
   35   2   1   1       1.59236047  p_x
   36   1   0   0       1.84257089  s
   36   2   1  -1       1.47361807  p_y
   36   2   1   0       1.51505853  p_z
   36   2   1   1       1.59133221  p_x
   37   1   0   0       1.84402860  s
   37   2   1  -1       1.42762918  p_y
   37   2   1   0       1.54206973  p_z
   37   2   1   1       1.61377947  p_x
   38   1   0   0       1.84372509  s
   38   2   1  -1       1.42838439  p_y
   38   2   1   0       1.54185015  p_z
   38   2   1   1       1.61348075  p_x
   39   1   0   0       1.84371362  s
   39   2   1  -1       1.42853175  p_y
   39   2   1   0       1.54167410  p_z
   39   2   1   1       1.61352067  p_x
   40   1   0   0       1.84401005  s
   40   2   1  -1       1.42752358  p_y
   40   2   1   0       1.54213630  p_z
   40   2   1   1       1.61383047  p_x
   41   1   0   0       1.84399038  s
   41   2   1  -1       1.42771060  p_y
   41   2   1   0       1.54228260  p_z
   41   2   1   1       1.61349628  p_x
   42   1   0   0       1.84369152  s
   42   2   1  -1       1.42846184  p_y
   42   2   1   0       1.54179372  p_z
   42   2   1   1       1.61350911  p_x
   43   1   0   0       1.84369889  s
   43   2   1  -1       1.42859323  p_y
   43   2   1   0       1.54165483  p_z
   43   2   1   1       1.61348311  p_x
   44   1   0   0       1.84400886  s
   44   2   1  -1       1.42756397  p_y
   44   2   1   0       1.54231490  p_z
   44   2   1   1       1.61358596  p_x
   45   1   0   0       1.83483807  s
   45   2   1  -1       1.69391326  p_y
   45   2   1   0       1.54491868  p_z
   45   2   1   1       1.37032738  p_x
   46   1   0   0       1.83484811  s
   46   2   1  -1       1.69390476  p_y
   46   2   1   0       1.54472269  p_z
   46   2   1   1       1.37051716  p_x
   47   1   0   0       1.83484487  s
   47   2   1  -1       1.69389265  p_y
   47   2   1   0       1.54476861  p_z
   47   2   1   1       1.37049439  p_x
   48   1   0   0       1.83483865  s
   48   2   1  -1       1.69390873  p_y
   48   2   1   0       1.54484020  p_z
   48   2   1   1       1.37040846  p_x
   49   1   0   0       1.84909364  s
   49   2   1  -1       1.68269799  p_y
   49   2   1   0       1.67930389  p_z
   49   2   1   1       1.25302817  p_x
   50   1   0   0       1.84912162  s
   50   2   1  -1       1.68310068  p_y
   50   2   1   0       1.67925992  p_z
   50   2   1   1       1.25290654  p_x
   51   1   0   0       1.84911852  s
   51   2   1  -1       1.68304391  p_y
   51   2   1   0       1.67934232  p_z
   51   2   1   1       1.25287150  p_x
   52   1   0   0       1.84909532  s
   52   2   1  -1       1.68264536  p_y
   52   2   1   0       1.67944252  p_z
   52   2   1   1       1.25297314  p_x
   53   1   0   0       1.84907664  s
   53   2   1  -1       1.68304980  p_y
   53   2   1   0       1.67902299  p_z
   53   2   1   1       1.25298665  p_x
   54   1   0   0       1.84912695  s
   54   2   1  -1       1.68349844  p_y
   54   2   1   0       1.67882016  p_z
   54   2   1   1       1.25290696  p_x
   55   1   0   0       1.84911084  s
   55   2   1  -1       1.68343449  p_y
   55   2   1   0       1.67883075  p_z
   55   2   1   1       1.25293328  p_x
   56   1   0   0       1.84904184  s
   56   2   1  -1       1.68319123  p_y
   56   2   1   0       1.67892947  p_z
   56   2   1   1       1.25297736  p_x
   57   1   0   0       1.84704633  s
   57   2   1  -1       1.67588311  p_y
   57   2   1   0       1.25016999  p_z
   57   2   1   1       1.67533156  p_x
   58   1   0   0       1.84709681  s
   58   2   1  -1       1.67537188  p_y
   58   2   1   0       1.25032527  p_z
   58   2   1   1       1.67555949  p_x
   59   1   0   0       1.84711197  s
   59   2   1  -1       1.67532069  p_y
   59   2   1   0       1.25038944  p_z
   59   2   1   1       1.67546201  p_x
   60   1   0   0       1.84706214  s
   60   2   1  -1       1.67587522  p_y
   60   2   1   0       1.25019347  p_z
   60   2   1   1       1.67528353  p_x
   61   1   0   0       1.84705638  s
   61   2   1  -1       1.67530254  p_y
   61   2   1   0       1.25027197  p_z
   61   2   1   1       1.67579370  p_x
   62   1   0   0       1.84712892  s
   62   2   1  -1       1.67496762  p_y
   62   2   1   0       1.25036386  p_z
   62   2   1   1       1.67589192  p_x
   63   1   0   0       1.84713121  s
   63   2   1  -1       1.67496225  p_y
   63   2   1   0       1.25033243  p_z
   63   2   1   1       1.67596375  p_x
   64   1   0   0       1.84705988  s
   64   2   1  -1       1.67526632  p_y
   64   2   1   0       1.25026662  p_z
   64   2   1   1       1.67583187  p_x
   65   1   0   0       1.84590627  s
   65   2   1  -1       1.24689392  p_y
   65   2   1   0       1.68026460  p_z
   65   2   1   1       1.66896729  p_x
   66   1   0   0       1.84585959  s
   66   2   1  -1       1.24689789  p_y
   66   2   1   0       1.68045440  p_z
   66   2   1   1       1.66879671  p_x
   67   1   0   0       1.84592009  s
   67   2   1  -1       1.24695702  p_y
   67   2   1   0       1.68062115  p_z
   67   2   1   1       1.66849595  p_x
   68   1   0   0       1.84582336  s
   68   2   1  -1       1.24690341  p_y
   68   2   1   0       1.68088393  p_z
   68   2   1   1       1.66840320  p_x
   69   1   0   0       1.84556017  s
   69   2   1  -1       1.24896279  p_y
   69   2   1   0       1.67218028  p_z
   69   2   1   1       1.67379719  p_x
   70   1   0   0       1.84544663  s
   70   2   1  -1       1.24867943  p_y
   70   2   1   0       1.67273546  p_z
   70   2   1   1       1.67397282  p_x
   71   1   0   0       1.84558031  s
   71   2   1  -1       1.24899090  p_y
   71   2   1   0       1.67243482  p_z
   71   2   1   1       1.67348657  p_x
   72   1   0   0       1.84549175  s
   72   2   1  -1       1.24878879  p_y
   72   2   1   0       1.67281626  p_z
   72   2   1   1       1.67364465  p_x

Fermi level:                        -0.1163904853 H           -3.1671 eV
Band energy:                      -168.7985567789 H        -4593.2424 eV
TS:                                  0.0000000000 H            0.0000 eV
Band free energy (E-TS):          -168.7985567789 H        -4593.2424 eV
Extrapolated E(0K):               -168.7985567789 H        -4593.2424 eV
Input / Output electrons (q):    384.0000000000    384.0000000000

Energy H0:                        -195.0033607318 H        -5306.3114 eV
Energy SCC:                          0.7297304622 H           19.8570 eV
Total Electronic energy:          -194.2736302696 H        -5286.4545 eV
Repulsive energy:                    1.9855310431 H           54.0290 eV
Total energy:                     -192.2880992265 H        -5232.4254 eV
Extrapolated to 0:                -192.2880992265 H        -5232.4254 eV
Total Mermin free energy:         -192.2880992265 H        -5232.4254 eV
Force related energy:             -192.2880992265 H        -5232.4254 eV

Non-constrained calculation

SCC converged

Full geometry written in geo_end.{xyz|gen}

Warning: dipole moment is not defined absolutely!
Dipole moment:    0.70620171   25.88237729   29.49880387 au
Dipole moment:    1.79498584   65.78644640   74.97848664 Debye

Geometry converged

