 Fermi distribution function

Geometry optimization step: 196


********************************************************************************
 iSCC Total electronic   Diff electronic      SCC error    
    8   -0.19443053E+03   -0.56843419E-13    0.26116975E-08
********************************************************************************

 Total charge:    -0.00000000

 Atomic gross charges (e)
 Atom           Charge
    1       0.73058264
    2       0.73050835
    3       0.73051146
    4       0.73043593
    5       0.90737078
    6       0.90321505
    7       0.90735772
    8       0.90319150
    9       0.90318122
   10       0.90740114
   11       0.90318420
   12       0.90738164
   13       0.87343198
   14       0.87351148
   15       0.87350638
   16       0.87350523
   17       0.87002220
   18       0.86892771
   19       0.87000374
   20       0.86878619
   21       0.86878257
   22       0.86999377
   23       0.86883725
   24       0.87004121
   25      -0.43676914
   26      -0.43676162
   27      -0.43679820
   28      -0.43680766
   29      -0.42426288
   30      -0.38985618
   31      -0.42427737
   32      -0.38985888
   33      -0.38996421
   34      -0.42422125
   35      -0.38994171
   36      -0.42421083
   37      -0.42492881
   38      -0.42679621
   39      -0.42486810
   40      -0.42675731
   41      -0.42666110
   42      -0.42487360
   43      -0.42670713
   44      -0.42492393
   45      -0.44133568
   46      -0.44129655
   47      -0.44129886
   48      -0.44130153
   49      -0.43575827
   50      -0.46356548
   51      -0.43566443
   52      -0.46356149
   53      -0.46347240
   54      -0.43561952
   55      -0.46353338
   56      -0.43563933
   57      -0.41678001
   58      -0.44548040
   59      -0.41681901
   60      -0.44551177
   61      -0.44568749
   62      -0.41701957
   63      -0.44562746
   64      -0.41700106
   65      -0.40953480
   66      -0.40953342
   67      -0.40941050
   68      -0.40943639
   69      -0.43841537
   70      -0.43842357
   71      -0.43836257
   72      -0.43833492

Nr. of electrons (up):    384.00000000
Atom populations (up)
 Atom       Population
    1       3.26941736
    2       3.26949165
    3       3.26948854
    4       3.26956407
    5       3.09262922
    6       3.09678495
    7       3.09264228
    8       3.09680850
    9       3.09681878
   10       3.09259886
   11       3.09681580
   12       3.09261836
   13       3.12656802
   14       3.12648852
   15       3.12649362
   16       3.12649477
   17       3.12997780
   18       3.13107229
   19       3.12999626
   20       3.13121381
   21       3.13121743
   22       3.13000623
   23       3.13116275
   24       3.12995879
   25       6.43676914
   26       6.43676162
   27       6.43679820
   28       6.43680766
   29       6.42426288
   30       6.38985618
   31       6.42427737
   32       6.38985888
   33       6.38996421
   34       6.42422125
   35       6.38994171
   36       6.42421083
   37       6.42492881
   38       6.42679621
   39       6.42486810
   40       6.42675731
   41       6.42666110
   42       6.42487360
   43       6.42670713
   44       6.42492393
   45       6.44133568
   46       6.44129655
   47       6.44129886
   48       6.44130153
   49       6.43575827
   50       6.46356548
   51       6.43566443
   52       6.46356149
   53       6.46347240
   54       6.43561952
   55       6.46353338
   56       6.43563933
   57       6.41678001
   58       6.44548040
   59       6.41681901
   60       6.44551177
   61       6.44568749
   62       6.41701957
   63       6.44562746
   64       6.41700106
   65       6.40953480
   66       6.40953342
   67       6.40941050
   68       6.40943639
   69       6.43841537
   70       6.43842357
   71       6.43836257
   72       6.43833492

l-shell populations (up)
 Atom Sh.   l       Population
    1   1   0       1.08311227
    1   2   1       1.45528553
    1   3   2       0.73101956
    2   1   0       1.08324569
    2   2   1       1.45532324
    2   3   2       0.73092272
    3   1   0       1.08327914
    3   2   1       1.45539857
    3   3   2       0.73081083
    4   1   0       1.08335972
    4   2   1       1.45539017
    4   3   2       0.73081418
    5   1   0       0.89683246
    5   2   1       1.41175731
    5   3   2       0.78403945
    6   1   0       0.90461163
    6   2   1       1.41527467
    6   3   2       0.77689865
    7   1   0       0.89687142
    7   2   1       1.41179093
    7   3   2       0.78397993
    8   1   0       0.90459775
    8   2   1       1.41529418
    8   3   2       0.77691656
    9   1   0       0.90464044
    9   2   1       1.41533301
    9   3   2       0.77684533
   10   1   0       0.89676250
   10   2   1       1.41175591
   10   3   2       0.78408045
   11   1   0       0.90467374
   11   2   1       1.41532222
   11   3   2       0.77681984
   12   1   0       0.89680378
   12   2   1       1.41174981
   12   3   2       0.78406478
   13   1   0       0.91074230
   13   2   1       1.43094283
   13   3   2       0.78488289
   14   1   0       0.91068295
   14   2   1       1.43090396
   14   3   2       0.78490161
   15   1   0       0.91077813
   15   2   1       1.43092736
   15   3   2       0.78478814
   16   1   0       0.91075508
   16   2   1       1.43090803
   16   3   2       0.78483166
   17   1   0       0.91047565
   17   2   1       1.43214240
   17   3   2       0.78735975
   18   1   0       0.91484336
   18   2   1       1.43495001
   18   3   2       0.78127892
   19   1   0       0.91051645
   19   2   1       1.43216529
   19   3   2       0.78731452
   20   1   0       0.91502539
   20   2   1       1.43505187
   20   3   2       0.78113655
   21   1   0       0.91502117
   21   2   1       1.43509929
   21   3   2       0.78109697
   22   1   0       0.91043133
   22   2   1       1.43214450
   22   3   2       0.78743040
   23   1   0       0.91493866
   23   2   1       1.43505803
   23   3   2       0.78116606
   24   1   0       0.91051164
   24   2   1       1.43209741
   24   3   2       0.78734974
   25   1   0       1.84246489
   25   2   1       4.59430425
   26   1   0       1.84247539
   26   2   1       4.59428623
   27   1   0       1.84249396
   27   2   1       4.59430425
   28   1   0       1.84250976
   28   2   1       4.59429791
   29   1   0       1.84340269
   29   2   1       4.58086019
   30   1   0       1.86244836
   30   2   1       4.52740782
   31   1   0       1.84342600
   31   2   1       4.58085137
   32   1   0       1.86244500
   32   2   1       4.52741388
   33   1   0       1.86240734
   33   2   1       4.52755687
   34   1   0       1.84342868
   34   2   1       4.58079257
   35   1   0       1.86238252
   35   2   1       4.52755919
   36   1   0       1.84342329
   36   2   1       4.58078754
   37   1   0       1.84278550
   37   2   1       4.58214331
   38   1   0       1.84750777
   38   2   1       4.57928843
   39   1   0       1.84285101
   39   2   1       4.58201709
   40   1   0       1.84755200
   40   2   1       4.57920531
   41   1   0       1.84765048
   41   2   1       4.57901062
   42   1   0       1.84271415
   42   2   1       4.58215944
   43   1   0       1.84760284
   43   2   1       4.57910430
   44   1   0       1.84270573
   44   2   1       4.58221820
   45   1   0       1.84030549
   45   2   1       4.60103020
   46   1   0       1.84028315
   46   2   1       4.60101340
   47   1   0       1.84024019
   47   2   1       4.60105867
   48   1   0       1.84024924
   48   2   1       4.60105229
   49   1   0       1.86920899
   49   2   1       4.56654928
   50   1   0       1.84653747
   50   2   1       4.61702801
   51   1   0       1.86930476
   51   2   1       4.56635967
   52   1   0       1.84653908
   52   2   1       4.61702241
   53   1   0       1.84657230
   53   2   1       4.61690011
   54   1   0       1.86926766
   54   2   1       4.56635187
   55   1   0       1.84655502
   55   2   1       4.61697836
   56   1   0       1.86923104
   56   2   1       4.56640829
   57   1   0       1.86768733
   57   2   1       4.54909268
   58   1   0       1.84573460
   58   2   1       4.59974579
   59   1   0       1.86767760
   59   2   1       4.54914141
   60   1   0       1.84573252
   60   2   1       4.59977925
   61   1   0       1.84579715
   61   2   1       4.59989034
   62   1   0       1.86777367
   62   2   1       4.54924590
   63   1   0       1.84581734
   63   2   1       4.59981012
   64   1   0       1.86782656
   64   2   1       4.54917450
   65   1   0       1.86672852
   65   2   1       4.54280628
   66   1   0       1.86673035
   66   2   1       4.54280307
   67   1   0       1.86673068
   67   2   1       4.54267983
   68   1   0       1.86669442
   68   2   1       4.54274197
   69   1   0       1.84520407
   69   2   1       4.59321130
   70   1   0       1.84519279
   70   2   1       4.59323079
   71   1   0       1.84510825
   71   2   1       4.59325433
   72   1   0       1.84511128
   72   2   1       4.59322364

Orbital populations (up)
 Atom Sh.   l   m       Population  Label
    1   1   0   0       1.08311227  s
    1   2   1  -1       0.49199935  p_y
    1   2   1   0       0.48877438  p_z
    1   2   1   1       0.47451180  p_x
    1   3   2  -2       0.16739743  d_xy
    1   3   2  -1       0.16942738  d_yz
    1   3   2   0       0.11389577  d_z2
    1   3   2   1       0.16964774  d_xz
    1   3   2   2       0.11065123  d_x2-y2
    2   1   0   0       1.08324569  s
    2   2   1  -1       0.49202500  p_y
    2   2   1   0       0.48870666  p_z
    2   2   1   1       0.47459157  p_x
    2   3   2  -2       0.16735530  d_xy
    2   3   2  -1       0.16947426  d_yz
    2   3   2   0       0.11390560  d_z2
    2   3   2   1       0.16957894  d_xz
    2   3   2   2       0.11060863  d_x2-y2
    3   1   0   0       1.08327914  s
    3   2   1  -1       0.49128324  p_y
    3   2   1   0       0.48881653  p_z
    3   2   1   1       0.47529880  p_x
    3   3   2  -2       0.16772812  d_xy
    3   3   2  -1       0.17309444  d_yz
    3   3   2   0       0.11445619  d_z2
    3   3   2   1       0.16524125  d_xz
    3   3   2   2       0.11029083  d_x2-y2
    4   1   0   0       1.08335972  s
    4   2   1  -1       0.49122974  p_y
    4   2   1   0       0.48890636  p_z
    4   2   1   1       0.47525406  p_x
    4   3   2  -2       0.16768241  d_xy
    4   3   2  -1       0.17303928  d_yz
    4   3   2   0       0.11454125  d_z2
    4   3   2   1       0.16522796  d_xz
    4   3   2   2       0.11032329  d_x2-y2
    5   1   0   0       0.89683246  s
    5   2   1  -1       0.46747591  p_y
    5   2   1   0       0.47666462  p_z
    5   2   1   1       0.46761677  p_x
    5   3   2  -2       0.18984522  d_xy
    5   3   2  -1       0.13766203  d_yz
    5   3   2   0       0.18698565  d_z2
    5   3   2   1       0.13512178  d_xz
    5   3   2   2       0.13442476  d_x2-y2
    6   1   0   0       0.90461163  s
    6   2   1  -1       0.47247353  p_y
    6   2   1   0       0.47623082  p_z
    6   2   1   1       0.46657033  p_x
    6   3   2  -2       0.18628329  d_xy
    6   3   2  -1       0.13983452  d_yz
    6   3   2   0       0.18745748  d_z2
    6   3   2   1       0.12740330  d_xz
    6   3   2   2       0.13592006  d_x2-y2
    7   1   0   0       0.89687142  s
    7   2   1  -1       0.46756084  p_y
    7   2   1   0       0.47663799  p_z
    7   2   1   1       0.46759210  p_x
    7   3   2  -2       0.18980234  d_xy
    7   3   2  -1       0.13766234  d_yz
    7   3   2   0       0.18700542  d_z2
    7   3   2   1       0.13513669  d_xz
    7   3   2   2       0.13437314  d_x2-y2
    8   1   0   0       0.90459775  s
    8   2   1  -1       0.47251879  p_y
    8   2   1   0       0.47619349  p_z
    8   2   1   1       0.46658191  p_x
    8   3   2  -2       0.18621340  d_xy
    8   3   2  -1       0.13986338  d_yz
    8   3   2   0       0.18751123  d_z2
    8   3   2   1       0.12737081  d_xz
    8   3   2   2       0.13595775  d_x2-y2
    9   1   0   0       0.90464044  s
    9   2   1  -1       0.47485277  p_y
    9   2   1   0       0.47609406  p_z
    9   2   1   1       0.46438619  p_x
    9   3   2  -2       0.18705449  d_xy
    9   3   2  -1       0.13865445  d_yz
    9   3   2   0       0.18741490  d_z2
    9   3   2   1       0.12861467  d_xz
    9   3   2   2       0.13510682  d_x2-y2
   10   1   0   0       0.89676250  s
   10   2   1  -1       0.46589815  p_y
   10   2   1   0       0.47671012  p_z
   10   2   1   1       0.46914763  p_x
   10   3   2  -2       0.18637723  d_xy
   10   3   2  -1       0.13760190  d_yz
   10   3   2   0       0.18706356  d_z2
   10   3   2   1       0.13513197  d_xz
   10   3   2   2       0.13790580  d_x2-y2
   11   1   0   0       0.90467374  s
   11   2   1  -1       0.47479905  p_y
   11   2   1   0       0.47607858  p_z
   11   2   1   1       0.46444459  p_x
   11   3   2  -2       0.18707689  d_xy
   11   3   2  -1       0.13866037  d_yz
   11   3   2   0       0.18735591  d_z2
   11   3   2   1       0.12866345  d_xz
   11   3   2   2       0.13506323  d_x2-y2
   12   1   0   0       0.89680378  s
   12   2   1  -1       0.46584831  p_y
   12   2   1   0       0.47673277  p_z
   12   2   1   1       0.46916873  p_x
   12   3   2  -2       0.18638789  d_xy
   12   3   2  -1       0.13757396  d_yz
   12   3   2   0       0.18703591  d_z2
   12   3   2   1       0.13514446  d_xz
   12   3   2   2       0.13792255  d_x2-y2
   13   1   0   0       0.91074230  s
   13   2   1  -1       0.48875115  p_y
   13   2   1   0       0.47925908  p_z
   13   2   1   1       0.46293260  p_x
   13   3   2  -2       0.16166657  d_xy
   13   3   2  -1       0.16278948  d_yz
   13   3   2   0       0.14208877  d_z2
   13   3   2   1       0.17323025  d_xz
   13   3   2   2       0.14510782  d_x2-y2
   14   1   0   0       0.91068295  s
   14   2   1  -1       0.48872289  p_y
   14   2   1   0       0.47921059  p_z
   14   2   1   1       0.46297049  p_x
   14   3   2  -2       0.16164344  d_xy
   14   3   2  -1       0.16280583  d_yz
   14   3   2   0       0.14203338  d_z2
   14   3   2   1       0.17326888  d_xz
   14   3   2   2       0.14515009  d_x2-y2
   15   1   0   0       0.91077813  s
   15   2   1  -1       0.48882683  p_y
   15   2   1   0       0.47925199  p_z
   15   2   1   1       0.46284854  p_x
   15   3   2  -2       0.16050375  d_xy
   15   3   2  -1       0.16117008  d_yz
   15   3   2   0       0.14185109  d_z2
   15   3   2   1       0.17515409  d_xz
   15   3   2   2       0.14610913  d_x2-y2
   16   1   0   0       0.91075508  s
   16   2   1  -1       0.48884452  p_y
   16   2   1   0       0.47931916  p_z
   16   2   1   1       0.46274435  p_x
   16   3   2  -2       0.16057117  d_xy
   16   3   2  -1       0.16114286  d_yz
   16   3   2   0       0.14193747  d_z2
   16   3   2   1       0.17513220  d_xz
   16   3   2   2       0.14604796  d_x2-y2
   17   1   0   0       0.91047565  s
   17   2   1  -1       0.48248631  p_y
   17   2   1   0       0.48161961  p_z
   17   2   1   1       0.46803648  p_x
   17   3   2  -2       0.17391281  d_xy
   17   3   2  -1       0.16122213  d_yz
   17   3   2   0       0.15104521  d_z2
   17   3   2   1       0.16408155  d_xz
   17   3   2   2       0.13709805  d_x2-y2
   18   1   0   0       0.91484336  s
   18   2   1  -1       0.48391178  p_y
   18   2   1   0       0.47876251  p_z
   18   2   1   1       0.47227571  p_x
   18   3   2  -2       0.16715711  d_xy
   18   3   2  -1       0.16419458  d_yz
   18   3   2   0       0.14895821  d_z2
   18   3   2   1       0.16489603  d_xz
   18   3   2   2       0.13607299  d_x2-y2
   19   1   0   0       0.91051645  s
   19   2   1  -1       0.48249298  p_y
   19   2   1   0       0.48161203  p_z
   19   2   1   1       0.46806028  p_x
   19   3   2  -2       0.17391292  d_xy
   19   3   2  -1       0.16124251  d_yz
   19   3   2   0       0.15106059  d_z2
   19   3   2   1       0.16403741  d_xz
   19   3   2   2       0.13706108  d_x2-y2
   20   1   0   0       0.91502539  s
   20   2   1  -1       0.48389209  p_y
   20   2   1   0       0.47870881  p_z
   20   2   1   1       0.47245098  p_x
   20   3   2  -2       0.16711294  d_xy
   20   3   2  -1       0.16418262  d_yz
   20   3   2   0       0.14903263  d_z2
   20   3   2   1       0.16479732  d_xz
   20   3   2   2       0.13601104  d_x2-y2
   21   1   0   0       0.91502117  s
   21   2   1  -1       0.48454856  p_y
   21   2   1   0       0.47881358  p_z
   21   2   1   1       0.47173715  p_x
   21   3   2  -2       0.16679112  d_xy
   21   3   2  -1       0.16173917  d_yz
   21   3   2   0       0.14906793  d_z2
   21   3   2   1       0.16701203  d_xz
   21   3   2   2       0.13648673  d_x2-y2
   22   1   0   0       0.91043133  s
   22   2   1  -1       0.48171234  p_y
   22   2   1   0       0.48171071  p_z
   22   2   1   1       0.46872145  p_x
   22   3   2  -2       0.17271750  d_xy
   22   3   2  -1       0.16414088  d_yz
   22   3   2   0       0.15102335  d_z2
   22   3   2   1       0.16124716  d_xz
   22   3   2   2       0.13830151  d_x2-y2
   23   1   0   0       0.91493866  s
   23   2   1  -1       0.48453830  p_y
   23   2   1   0       0.47887902  p_z
   23   2   1   1       0.47164070  p_x
   23   3   2  -2       0.16678337  d_xy
   23   3   2  -1       0.16172663  d_yz
   23   3   2   0       0.14905167  d_z2
   23   3   2   1       0.16707516  d_xz
   23   3   2   2       0.13652922  d_x2-y2
   24   1   0   0       0.91051164  s
   24   2   1  -1       0.48170129  p_y
   24   2   1   0       0.48175780  p_z
   24   2   1   1       0.46863832  p_x
   24   3   2  -2       0.17272819  d_xy
   24   3   2  -1       0.16410960  d_yz
   24   3   2   0       0.15096666  d_z2
   24   3   2   1       0.16127391  d_xz
   24   3   2   2       0.13827138  d_x2-y2
   25   1   0   0       1.84246489  s
   25   2   1  -1       1.67830107  p_y
   25   2   1   0       1.53711599  p_z
   25   2   1   1       1.37888719  p_x
   26   1   0   0       1.84247539  s
   26   2   1  -1       1.67811754  p_y
   26   2   1   0       1.53710568  p_z
   26   2   1   1       1.37906302  p_x
   27   1   0   0       1.84249396  s
   27   2   1  -1       1.67664806  p_y
   27   2   1   0       1.53697938  p_z
   27   2   1   1       1.38067681  p_x
   28   1   0   0       1.84250976  s
   28   2   1  -1       1.67673503  p_y
   28   2   1   0       1.53700454  p_z
   28   2   1   1       1.38055834  p_x
   29   1   0   0       1.84340269  s
   29   2   1  -1       1.45581690  p_y
   29   2   1   0       1.50850545  p_z
   29   2   1   1       1.61653783  p_x
   30   1   0   0       1.86244836  s
   30   2   1  -1       1.47039922  p_y
   30   2   1   0       1.51203881  p_z
   30   2   1   1       1.54496980  p_x
   31   1   0   0       1.84342600  s
   31   2   1  -1       1.45603662  p_y
   31   2   1   0       1.50834699  p_z
   31   2   1   1       1.61646777  p_x
   32   1   0   0       1.86244500  s
   32   2   1  -1       1.47056158  p_y
   32   2   1   0       1.51197684  p_z
   32   2   1   1       1.54487547  p_x
   33   1   0   0       1.86240734  s
   33   2   1  -1       1.45977651  p_y
   33   2   1   0       1.51241070  p_z
   33   2   1   1       1.55536966  p_x
   34   1   0   0       1.84342868  s
   34   2   1  -1       1.46525070  p_y
   34   2   1   0       1.50840020  p_z
   34   2   1   1       1.60714167  p_x
   35   1   0   0       1.86238252  s
   35   2   1  -1       1.45965664  p_y
   35   2   1   0       1.51251534  p_z
   35   2   1   1       1.55538720  p_x
   36   1   0   0       1.84342329  s
   36   2   1  -1       1.46514599  p_y
   36   2   1   0       1.50843479  p_z
   36   2   1   1       1.60720677  p_x
   37   1   0   0       1.84278550  s
   37   2   1  -1       1.42886171  p_y
   37   2   1   0       1.53690721  p_z
   37   2   1   1       1.61637439  p_x
   38   1   0   0       1.84750777  s
   38   2   1  -1       1.42310816  p_y
   38   2   1   0       1.54200535  p_z
   38   2   1   1       1.61417492  p_x
   39   1   0   0       1.84285101  s
   39   2   1  -1       1.42881277  p_y
   39   2   1   0       1.53691886  p_z
   39   2   1   1       1.61628545  p_x
   40   1   0   0       1.84755200  s
   40   2   1  -1       1.42319870  p_y
   40   2   1   0       1.54190156  p_z
   40   2   1   1       1.61410505  p_x
   41   1   0   0       1.84765048  s
   41   2   1  -1       1.41688620  p_y
   41   2   1   0       1.54138809  p_z
   41   2   1   1       1.62073634  p_x
   42   1   0   0       1.84271415  s
   42   2   1  -1       1.43983725  p_y
   42   2   1   0       1.53736106  p_z
   42   2   1   1       1.60496113  p_x
   43   1   0   0       1.84760284  s
   43   2   1  -1       1.41683109  p_y
   43   2   1   0       1.54136802  p_z
   43   2   1   1       1.62090519  p_x
   44   1   0   0       1.84270573  s
   44   2   1  -1       1.43993089  p_y
   44   2   1   0       1.53724930  p_z
   44   2   1   1       1.60503801  p_x
   45   1   0   0       1.84030549  s
   45   2   1  -1       1.69632808  p_y
   45   2   1   0       1.53417099  p_z
   45   2   1   1       1.37053112  p_x
   46   1   0   0       1.84028315  s
   46   2   1  -1       1.69454635  p_y
   46   2   1   0       1.53430451  p_z
   46   2   1   1       1.37216254  p_x
   47   1   0   0       1.84024019  s
   47   2   1  -1       1.69625864  p_y
   47   2   1   0       1.53427796  p_z
   47   2   1   1       1.37052208  p_x
   48   1   0   0       1.84024924  s
   48   2   1  -1       1.69453119  p_y
   48   2   1   0       1.53426017  p_z
   48   2   1   1       1.37226093  p_x
   49   1   0   0       1.86920899  s
   49   2   1  -1       1.66908027  p_y
   49   2   1   0       1.66419021  p_z
   49   2   1   1       1.23327880  p_x
   50   1   0   0       1.84653747  s
   50   2   1  -1       1.68575550  p_y
   50   2   1   0       1.68297263  p_z
   50   2   1   1       1.24829988  p_x
   51   1   0   0       1.86930476  s
   51   2   1  -1       1.66911821  p_y
   51   2   1   0       1.66380441  p_z
   51   2   1   1       1.23343705  p_x
   52   1   0   0       1.84653908  s
   52   2   1  -1       1.68580488  p_y
   52   2   1   0       1.68284983  p_z
   52   2   1   1       1.24836770  p_x
   53   1   0   0       1.84657230  s
   53   2   1  -1       1.68432188  p_y
   53   2   1   0       1.68122556  p_z
   53   2   1   1       1.25135266  p_x
   54   1   0   0       1.86926766  s
   54   2   1  -1       1.66908494  p_y
   54   2   1   0       1.66117569  p_z
   54   2   1   1       1.23609124  p_x
   55   1   0   0       1.84655502  s
   55   2   1  -1       1.68438466  p_y
   55   2   1   0       1.68147426  p_z
   55   2   1   1       1.25111944  p_x
   56   1   0   0       1.86923104  s
   56   2   1  -1       1.66865677  p_y
   56   2   1   0       1.66172527  p_z
   56   2   1   1       1.23602625  p_x
   57   1   0   0       1.86768733  s
   57   2   1  -1       1.66295248  p_y
   57   2   1   0       1.23071761  p_z
   57   2   1   1       1.65542259  p_x
   58   1   0   0       1.84573460  s
   58   2   1  -1       1.67768708  p_y
   58   2   1   0       1.24710865  p_z
   58   2   1   1       1.67495006  p_x
   59   1   0   0       1.86767760  s
   59   2   1  -1       1.66303759  p_y
   59   2   1   0       1.23056841  p_z
   59   2   1   1       1.65553540  p_x
   60   1   0   0       1.84573252  s
   60   2   1  -1       1.67755592  p_y
   60   2   1   0       1.24705878  p_z
   60   2   1   1       1.67516456  p_x
   61   1   0   0       1.84579715  s
   61   2   1  -1       1.67318708  p_y
   61   2   1   0       1.24724872  p_z
   61   2   1   1       1.67945454  p_x
   62   1   0   0       1.86777367  s
   62   2   1  -1       1.66441194  p_y
   62   2   1   0       1.23087422  p_z
   62   2   1   1       1.65395974  p_x
   63   1   0   0       1.84581734  s
   63   2   1  -1       1.67332614  p_y
   63   2   1   0       1.24733162  p_z
   63   2   1   1       1.67915236  p_x
   64   1   0   0       1.86782656  s
   64   2   1  -1       1.66445244  p_y
   64   2   1   0       1.23093255  p_z
   64   2   1   1       1.65378951  p_x
   65   1   0   0       1.86672852  s
   65   2   1  -1       1.23052217  p_y
   65   2   1   0       1.66433511  p_z
   65   2   1   1       1.64794899  p_x
   66   1   0   0       1.86673035  s
   66   2   1  -1       1.23053554  p_y
   66   2   1   0       1.66431823  p_z
   66   2   1   1       1.64794930  p_x
   67   1   0   0       1.86673068  s
   67   2   1  -1       1.23186798  p_y
   67   2   1   0       1.66679053  p_z
   67   2   1   1       1.64402132  p_x
   68   1   0   0       1.86669442  s
   68   2   1  -1       1.23188804  p_y
   68   2   1   0       1.66685761  p_z
   68   2   1   1       1.64399632  p_x
   69   1   0   0       1.84520407  s
   69   2   1  -1       1.24710217  p_y
   69   2   1   0       1.67227260  p_z
   69   2   1   1       1.67383653  p_x
   70   1   0   0       1.84519279  s
   70   2   1  -1       1.24709915  p_y
   70   2   1   0       1.67226224  p_z
   70   2   1   1       1.67386939  p_x
   71   1   0   0       1.84510825  s
   71   2   1  -1       1.24883376  p_y
   71   2   1   0       1.67426235  p_z
   71   2   1   1       1.67015821  p_x
   72   1   0   0       1.84511128  s
   72   2   1  -1       1.24886426  p_y
   72   2   1   0       1.67418223  p_z
   72   2   1   1       1.67017715  p_x

Fermi level:                        -0.1338719568 H           -3.6428 eV
Band energy:                      -169.8330592888 H        -4621.3927 eV
TS:                                  0.0000000000 H            0.0000 eV
Band free energy (E-TS):          -169.8330592888 H        -4621.3927 eV
Extrapolated E(0K):               -169.8330592888 H        -4621.3927 eV
Input / Output electrons (q):    384.0000000000    384.0000000000

Energy H0:                        -195.1466188363 H        -5310.2097 eV
Energy SCC:                          0.7160843385 H           19.4856 eV
Total Electronic energy:          -194.4305344978 H        -5290.7240 eV
Repulsive energy:                    1.9558750014 H           53.2221 eV
Total energy:                     -192.4746594963 H        -5237.5020 eV
Extrapolated to 0:                -192.4746594963 H        -5237.5020 eV
Total Mermin free energy:         -192.4746594963 H        -5237.5020 eV
Force related energy:             -192.4746594963 H        -5237.5020 eV

Non-constrained calculation

SCC converged

Full geometry written in geo_end.{xyz|gen}

Warning: dipole moment is not defined absolutely!
Dipole moment:    0.05570161   25.15606416   29.42939586 au
Dipole moment:    0.14157939   63.94034242   74.80206908 Debye

Geometry converged

