 Fermi distribution function

Geometry optimization step: 222


********************************************************************************
 iSCC Total electronic   Diff electronic      SCC error    
    7   -0.19434797E+03   -0.28421709E-13    0.68348198E-08
********************************************************************************

 Total charge:    -0.00000000

 Atomic gross charges (e)
 Atom           Charge
    1       0.72648039
    2       0.72648871
    3       0.90198184
    4       0.90796557
    5       0.90636529
    6       0.90498954
    7       0.90496971
    8       0.90636953
    9       0.90797511
   10       0.90203536
   11       0.87100774
   12       0.87055326
   13       0.87260740
   14       0.87377923
   15       0.87377229
   16       0.87264878
   17       0.87056687
   18       0.87086935
   19       0.87223695
   20       0.87093307
   21       0.86667374
   22       0.86668269
   23       0.87094436
   24       0.87215324
   25      -0.43678014
   26      -0.43914988
   27      -0.43916316
   28      -0.43679317
   29      -0.41821619
   30      -0.42268237
   31      -0.42413675
   32      -0.42156825
   33      -0.42156431
   34      -0.42415029
   35      -0.42276137
   36      -0.41822744
   37      -0.39860307
   38      -0.42680932
   39      -0.42785956
   40      -0.42726565
   41      -0.42725499
   42      -0.42795976
   43      -0.42677342
   44      -0.39861593
   45      -0.44095631
   46      -0.44095601
   47      -0.44326602
   48      -0.44325835
   49      -0.46430493
   50      -0.43484483
   51      -0.46447879
   52      -0.46449624
   53      -0.46455150
   54      -0.46456801
   55      -0.43486409
   56      -0.46424507
   57      -0.41697750
   58      -0.44503461
   59      -0.44742822
   60      -0.44750228
   61      -0.44737894
   62      -0.44731606
   63      -0.44501986
   64      -0.41687478
   65      -0.43862303
   66      -0.44327311
   67      -0.43874244
   68      -0.44337777
   69      -0.40924618
   70      -0.44190592
   71      -0.40931571
   72      -0.44190845

Nr. of electrons (up):    384.00000000
Atom populations (up)
 Atom       Population
    1       3.27351961
    2       3.27351129
    3       3.09801816
    4       3.09203443
    5       3.09363471
    6       3.09501046
    7       3.09503029
    8       3.09363047
    9       3.09202489
   10       3.09796464
   11       3.12899226
   12       3.12944674
   13       3.12739260
   14       3.12622077
   15       3.12622771
   16       3.12735122
   17       3.12943313
   18       3.12913065
   19       3.12776305
   20       3.12906693
   21       3.13332626
   22       3.13331731
   23       3.12905564
   24       3.12784676
   25       6.43678014
   26       6.43914988
   27       6.43916316
   28       6.43679317
   29       6.41821619
   30       6.42268237
   31       6.42413675
   32       6.42156825
   33       6.42156431
   34       6.42415029
   35       6.42276137
   36       6.41822744
   37       6.39860307
   38       6.42680932
   39       6.42785956
   40       6.42726565
   41       6.42725499
   42       6.42795976
   43       6.42677342
   44       6.39861593
   45       6.44095631
   46       6.44095601
   47       6.44326602
   48       6.44325835
   49       6.46430493
   50       6.43484483
   51       6.46447879
   52       6.46449624
   53       6.46455150
   54       6.46456801
   55       6.43486409
   56       6.46424507
   57       6.41697750
   58       6.44503461
   59       6.44742822
   60       6.44750228
   61       6.44737894
   62       6.44731606
   63       6.44501986
   64       6.41687478
   65       6.43862303
   66       6.44327311
   67       6.43874244
   68       6.44337777
   69       6.40924618
   70       6.44190592
   71       6.40931571
   72       6.44190845

l-shell populations (up)
 Atom Sh.   l       Population
    1   1   0       1.08725149
    1   2   1       1.46187725
    1   3   2       0.72439086
    2   1   0       1.08731423
    2   2   1       1.46186714
    2   3   2       0.72432991
    3   1   0       0.90542219
    3   2   1       1.41705935
    3   3   2       0.77553661
    4   1   0       0.89526894
    4   2   1       1.41017770
    4   3   2       0.78658780
    5   1   0       0.89463685
    5   2   1       1.41023026
    5   3   2       0.78876760
    6   1   0       0.89520009
    6   2   1       1.41176049
    6   3   2       0.78804988
    7   1   0       0.89526606
    7   2   1       1.41177216
    7   3   2       0.78799207
    8   1   0       0.89467553
    8   2   1       1.41024204
    8   3   2       0.78871290
    9   1   0       0.89529275
    9   2   1       1.41019583
    9   3   2       0.78653631
   10   1   0       0.90544421
   10   2   1       1.41704743
   10   3   2       0.77547300
   11   1   0       0.91345091
   11   2   1       1.43331942
   11   3   2       0.78222192
   12   1   0       0.91231955
   12   2   1       1.43332608
   12   3   2       0.78380110
   13   1   0       0.90752361
   13   2   1       1.43036407
   13   3   2       0.78950492
   14   1   0       0.90962341
   14   2   1       1.43104136
   14   3   2       0.78555600
   15   1   0       0.90958469
   15   2   1       1.43104012
   15   3   2       0.78560290
   16   1   0       0.90751031
   16   2   1       1.43030924
   16   3   2       0.78953167
   17   1   0       0.91238350
   17   2   1       1.43329130
   17   3   2       0.78375833
   18   1   0       0.91342659
   18   2   1       1.43340428
   18   3   2       0.78229979
   19   1   0       0.90478568
   19   2   1       1.42957849
   19   3   2       0.79339888
   20   1   0       0.90791533
   20   2   1       1.43121889
   20   3   2       0.78993271
   21   1   0       0.91479695
   21   2   1       1.43549761
   21   3   2       0.78303170
   22   1   0       0.91479168
   22   2   1       1.43548229
   22   3   2       0.78304334
   23   1   0       0.90795519
   23   2   1       1.43122347
   23   3   2       0.78987698
   24   1   0       0.90484566
   24   2   1       1.42967755
   24   3   2       0.79332355
   25   1   0       1.84156073
   25   2   1       4.59521941
   26   1   0       1.84118153
   26   2   1       4.59796835
   27   1   0       1.84118984
   27   2   1       4.59797332
   28   1   0       1.84155005
   28   2   1       4.59524312
   29   1   0       1.84294750
   29   2   1       4.57526869
   30   1   0       1.84438322
   30   2   1       4.57829915
   31   1   0       1.84415664
   31   2   1       4.57998011
   32   1   0       1.84134829
   32   2   1       4.58021995
   33   1   0       1.84138437
   33   2   1       4.58017994
   34   1   0       1.84414857
   34   2   1       4.58000172
   35   1   0       1.84437127
   35   2   1       4.57839009
   36   1   0       1.84296460
   36   2   1       4.57526284
   37   1   0       1.86831735
   37   2   1       4.53028573
   38   1   0       1.83980124
   38   2   1       4.58700807
   39   1   0       1.84166473
   39   2   1       4.58619483
   40   1   0       1.84533694
   40   2   1       4.58192871
   41   1   0       1.84538616
   41   2   1       4.58186883
   42   1   0       1.84165356
   42   2   1       4.58630620
   43   1   0       1.83989590
   43   2   1       4.58687751
   44   1   0       1.86834121
   44   2   1       4.53027472
   45   1   0       1.84091943
   45   2   1       4.60003688
   46   1   0       1.84093335
   46   2   1       4.60002266
   47   1   0       1.83878650
   47   2   1       4.60447952
   48   1   0       1.83882497
   48   2   1       4.60443338
   49   1   0       1.84686558
   49   2   1       4.61743936
   50   1   0       1.86956166
   50   2   1       4.56528317
   51   1   0       1.84886261
   51   2   1       4.61561619
   52   1   0       1.84751950
   52   2   1       4.61697675
   53   1   0       1.84750585
   53   2   1       4.61704565
   54   1   0       1.84878334
   54   2   1       4.61578467
   55   1   0       1.86958080
   55   2   1       4.56528329
   56   1   0       1.84688817
   56   2   1       4.61735690
   57   1   0       1.86737599
   57   2   1       4.54960150
   58   1   0       1.84748258
   58   2   1       4.59755203
   59   1   0       1.84826815
   59   2   1       4.59916007
   60   1   0       1.84629129
   60   2   1       4.60121098
   61   1   0       1.84639184
   61   2   1       4.60098710
   62   1   0       1.84837383
   62   2   1       4.59894222
   63   1   0       1.84753235
   63   2   1       4.59748751
   64   1   0       1.86746853
   64   2   1       4.54940625
   65   1   0       1.84672507
   65   2   1       4.59189796
   66   1   0       1.84406713
   66   2   1       4.59920599
   67   1   0       1.84661244
   67   2   1       4.59213001
   68   1   0       1.84402407
   68   2   1       4.59935371
   69   1   0       1.86629965
   69   2   1       4.54294653
   70   1   0       1.84578723
   70   2   1       4.59611870
   71   1   0       1.86623807
   71   2   1       4.54307763
   72   1   0       1.84573860
   72   2   1       4.59616985

Orbital populations (up)
 Atom Sh.   l   m       Population  Label
    1   1   0   0       1.08725149  s
    1   2   1  -1       0.49377565  p_y
    1   2   1   0       0.49007636  p_z
    1   2   1   1       0.47802523  p_x
    1   3   2  -2       0.17484736  d_xy
    1   3   2  -1       0.15752655  d_yz
    1   3   2   0       0.12273113  d_z2
    1   3   2   1       0.16914692  d_xz
    1   3   2   2       0.10013890  d_x2-y2
    2   1   0   0       1.08731423  s
    2   2   1  -1       0.49363890  p_y
    2   2   1   0       0.49019164  p_z
    2   2   1   1       0.47803660  p_x
    2   3   2  -2       0.17483966  d_xy
    2   3   2  -1       0.15764358  d_yz
    2   3   2   0       0.12262623  d_z2
    2   3   2   1       0.16906847  d_xz
    2   3   2   2       0.10015196  d_x2-y2
    3   1   0   0       0.90542219  s
    3   2   1  -1       0.47655828  p_y
    3   2   1   0       0.47599847  p_z
    3   2   1   1       0.46450261  p_x
    3   3   2  -2       0.18514772  d_xy
    3   3   2  -1       0.13991568  d_yz
    3   3   2   0       0.18410131  d_z2
    3   3   2   1       0.13028907  d_xz
    3   3   2   2       0.13608284  d_x2-y2
    4   1   0   0       0.89526894  s
    4   2   1  -1       0.46395838  p_y
    4   2   1   0       0.47713697  p_z
    4   2   1   1       0.46908235  p_x
    4   3   2  -2       0.19016842  d_xy
    4   3   2  -1       0.13779887  d_yz
    4   3   2   0       0.18939943  d_z2
    4   3   2   1       0.13057346  d_xz
    4   3   2   2       0.13864762  d_x2-y2
    5   1   0   0       0.89463685  s
    5   2   1  -1       0.46630857  p_y
    5   2   1   0       0.47781940  p_z
    5   2   1   1       0.46610228  p_x
    5   3   2  -2       0.19025939  d_xy
    5   3   2  -1       0.13682826  d_yz
    5   3   2   0       0.19352149  d_z2
    5   3   2   1       0.13070668  d_xz
    5   3   2   2       0.13745177  d_x2-y2
    6   1   0   0       0.89520009  s
    6   2   1  -1       0.46962079  p_y
    6   2   1   0       0.47439053  p_z
    6   2   1   1       0.46774917  p_x
    6   3   2  -2       0.18738256  d_xy
    6   3   2  -1       0.13923729  d_yz
    6   3   2   0       0.19254952  d_z2
    6   3   2   1       0.13075669  d_xz
    6   3   2   2       0.13812382  d_x2-y2
    7   1   0   0       0.89526606  s
    7   2   1  -1       0.46974290  p_y
    7   2   1   0       0.47439574  p_z
    7   2   1   1       0.46763352  p_x
    7   3   2  -2       0.18739925  d_xy
    7   3   2  -1       0.13925033  d_yz
    7   3   2   0       0.19255923  d_z2
    7   3   2   1       0.13068977  d_xz
    7   3   2   2       0.13809348  d_x2-y2
    8   1   0   0       0.89467553  s
    8   2   1  -1       0.46633446  p_y
    8   2   1   0       0.47782629  p_z
    8   2   1   1       0.46608129  p_x
    8   3   2  -2       0.19020378  d_xy
    8   3   2  -1       0.13675378  d_yz
    8   3   2   0       0.19350383  d_z2
    8   3   2   1       0.13080278  d_xz
    8   3   2   2       0.13744873  d_x2-y2
    9   1   0   0       0.89529275  s
    9   2   1  -1       0.46414508  p_y
    9   2   1   0       0.47714166  p_z
    9   2   1   1       0.46890908  p_x
    9   3   2  -2       0.19034100  d_xy
    9   3   2  -1       0.13776589  d_yz
    9   3   2   0       0.18936638  d_z2
    9   3   2   1       0.13066334  d_xz
    9   3   2   2       0.13839970  d_x2-y2
   10   1   0   0       0.90544421  s
   10   2   1  -1       0.47658269  p_y
   10   2   1   0       0.47606421  p_z
   10   2   1   1       0.46440053  p_x
   10   3   2  -2       0.18510126  d_xy
   10   3   2  -1       0.13980698  d_yz
   10   3   2   0       0.18422935  d_z2
   10   3   2   1       0.13022557  d_xz
   10   3   2   2       0.13610984  d_x2-y2
   11   1   0   0       0.91345091  s
   11   2   1  -1       0.48445099  p_y
   11   2   1   0       0.48562740  p_z
   11   2   1   1       0.46324103  p_x
   11   3   2  -2       0.16906643  d_xy
   11   3   2  -1       0.16252090  d_yz
   11   3   2   0       0.14637447  d_z2
   11   3   2   1       0.16529536  d_xz
   11   3   2   2       0.13896476  d_x2-y2
   12   1   0   0       0.91231955  s
   12   2   1  -1       0.47912262  p_y
   12   2   1   0       0.48117904  p_z
   12   2   1   1       0.47302441  p_x
   12   3   2  -2       0.16462737  d_xy
   12   3   2  -1       0.17042836  d_yz
   12   3   2   0       0.14363980  d_z2
   12   3   2   1       0.16406367  d_xz
   12   3   2   2       0.14104189  d_x2-y2
   13   1   0   0       0.90752361  s
   13   2   1  -1       0.48034919  p_y
   13   2   1   0       0.48206243  p_z
   13   2   1   1       0.46795245  p_x
   13   3   2  -2       0.16859600  d_xy
   13   3   2  -1       0.16872685  d_yz
   13   3   2   0       0.14421943  d_z2
   13   3   2   1       0.16721664  d_xz
   13   3   2   2       0.14074600  d_x2-y2
   14   1   0   0       0.90962341  s
   14   2   1  -1       0.48540227  p_y
   14   2   1   0       0.48014817  p_z
   14   2   1   1       0.46549092  p_x
   14   3   2  -2       0.16614759  d_xy
   14   3   2  -1       0.16697106  d_yz
   14   3   2   0       0.14258107  d_z2
   14   3   2   1       0.16986472  d_xz
   14   3   2   2       0.13999156  d_x2-y2
   15   1   0   0       0.90958469  s
   15   2   1  -1       0.48526734  p_y
   15   2   1   0       0.48032785  p_z
   15   2   1   1       0.46544493  p_x
   15   3   2  -2       0.16626606  d_xy
   15   3   2  -1       0.16689745  d_yz
   15   3   2   0       0.14261541  d_z2
   15   3   2   1       0.16986776  d_xz
   15   3   2   2       0.13995623  d_x2-y2
   16   1   0   0       0.90751031  s
   16   2   1  -1       0.48026639  p_y
   16   2   1   0       0.48219370  p_z
   16   2   1   1       0.46784915  p_x
   16   3   2  -2       0.16875570  d_xy
   16   3   2  -1       0.16875077  d_yz
   16   3   2   0       0.14430858  d_z2
   16   3   2   1       0.16705561  d_xz
   16   3   2   2       0.14066102  d_x2-y2
   17   1   0   0       0.91238350  s
   17   2   1  -1       0.47906050  p_y
   17   2   1   0       0.48119594  p_z
   17   2   1   1       0.47303487  p_x
   17   3   2  -2       0.16465556  d_xy
   17   3   2  -1       0.17036558  d_yz
   17   3   2   0       0.14365803  d_z2
   17   3   2   1       0.16404034  d_xz
   17   3   2   2       0.14103882  d_x2-y2
   18   1   0   0       0.91342659  s
   18   2   1  -1       0.48428892  p_y
   18   2   1   0       0.48573443  p_z
   18   2   1   1       0.46338093  p_x
   18   3   2  -2       0.16922397  d_xy
   18   3   2  -1       0.16252483  d_yz
   18   3   2   0       0.14652691  d_z2
   18   3   2   1       0.16510512  d_xz
   18   3   2   2       0.13891895  d_x2-y2
   19   1   0   0       0.90478568  s
   19   2   1  -1       0.48360736  p_y
   19   2   1   0       0.47861406  p_z
   19   2   1   1       0.46735706  p_x
   19   3   2  -2       0.17244369  d_xy
   19   3   2  -1       0.16386523  d_yz
   19   3   2   0       0.14883440  d_z2
   19   3   2   1       0.16903631  d_xz
   19   3   2   2       0.13921926  d_x2-y2
   20   1   0   0       0.90791533  s
   20   2   1  -1       0.48386311  p_y
   20   2   1   0       0.47890106  p_z
   20   2   1   1       0.46845472  p_x
   20   3   2  -2       0.17254490  d_xy
   20   3   2  -1       0.16404664  d_yz
   20   3   2   0       0.14798317  d_z2
   20   3   2   1       0.16849544  d_xz
   20   3   2   2       0.13686256  d_x2-y2
   21   1   0   0       0.91479695  s
   21   2   1  -1       0.49059462  p_y
   21   2   1   0       0.47798592  p_z
   21   2   1   1       0.46691707  p_x
   21   3   2  -2       0.16758965  d_xy
   21   3   2  -1       0.15891375  d_yz
   21   3   2   0       0.14963222  d_z2
   21   3   2   1       0.16974698  d_xz
   21   3   2   2       0.13714910  d_x2-y2
   22   1   0   0       0.91479168  s
   22   2   1  -1       0.49050999  p_y
   22   2   1   0       0.47817219  p_z
   22   2   1   1       0.46680011  p_x
   22   3   2  -2       0.16770241  d_xy
   22   3   2  -1       0.15883684  d_yz
   22   3   2   0       0.14964929  d_z2
   22   3   2   1       0.16976675  d_xz
   22   3   2   2       0.13708805  d_x2-y2
   23   1   0   0       0.90795519  s
   23   2   1  -1       0.48375010  p_y
   23   2   1   0       0.47903725  p_z
   23   2   1   1       0.46843611  p_x
   23   3   2  -2       0.17252380  d_xy
   23   3   2  -1       0.16408941  d_yz
   23   3   2   0       0.14797058  d_z2
   23   3   2   1       0.16840032  d_xz
   23   3   2   2       0.13689287  d_x2-y2
   24   1   0   0       0.90484566  s
   24   2   1  -1       0.48354134  p_y
   24   2   1   0       0.47867885  p_z
   24   2   1   1       0.46745736  p_x
   24   3   2  -2       0.17246355  d_xy
   24   3   2  -1       0.16384130  d_yz
   24   3   2   0       0.14884792  d_z2
   24   3   2   1       0.16903841  d_xz
   24   3   2   2       0.13913237  d_x2-y2
   25   1   0   0       1.84156073  s
   25   2   1  -1       1.68637889  p_y
   25   2   1   0       1.54100004  p_z
   25   2   1   1       1.36784048  p_x
   26   1   0   0       1.84118153  s
   26   2   1  -1       1.68026522  p_y
   26   2   1   0       1.54142134  p_z
   26   2   1   1       1.37628179  p_x
   27   1   0   0       1.84118984  s
   27   2   1  -1       1.68018913  p_y
   27   2   1   0       1.54115562  p_z
   27   2   1   1       1.37662856  p_x
   28   1   0   0       1.84155005  s
   28   2   1  -1       1.68642134  p_y
   28   2   1   0       1.54080127  p_z
   28   2   1   1       1.36802051  p_x
   29   1   0   0       1.84294750  s
   29   2   1  -1       1.47832990  p_y
   29   2   1   0       1.51413529  p_z
   29   2   1   1       1.58280350  p_x
   30   1   0   0       1.84438322  s
   30   2   1  -1       1.44573023  p_y
   30   2   1   0       1.52719661  p_z
   30   2   1   1       1.60537231  p_x
   31   1   0   0       1.84415664  s
   31   2   1  -1       1.45852543  p_y
   31   2   1   0       1.52085975  p_z
   31   2   1   1       1.60059493  p_x
   32   1   0   0       1.84134829  s
   32   2   1  -1       1.47847773  p_y
   32   2   1   0       1.51687093  p_z
   32   2   1   1       1.58487130  p_x
   33   1   0   0       1.84138437  s
   33   2   1  -1       1.47841390  p_y
   33   2   1   0       1.51699530  p_z
   33   2   1   1       1.58477074  p_x
   34   1   0   0       1.84414857  s
   34   2   1  -1       1.45872222  p_y
   34   2   1   0       1.52090863  p_z
   34   2   1   1       1.60037087  p_x
   35   1   0   0       1.84437127  s
   35   2   1  -1       1.44578472  p_y
   35   2   1   0       1.52699865  p_z
   35   2   1   1       1.60560672  p_x
   36   1   0   0       1.84296460  s
   36   2   1  -1       1.47835193  p_y
   36   2   1   0       1.51445253  p_z
   36   2   1   1       1.58245838  p_x
   37   1   0   0       1.86831735  s
   37   2   1  -1       1.41581451  p_y
   37   2   1   0       1.53008667  p_z
   37   2   1   1       1.58438455  p_x
   38   1   0   0       1.83980124  s
   38   2   1  -1       1.43988982  p_y
   38   2   1   0       1.53132928  p_z
   38   2   1   1       1.61578897  p_x
   39   1   0   0       1.84166473  s
   39   2   1  -1       1.43639816  p_y
   39   2   1   0       1.53309049  p_z
   39   2   1   1       1.61670618  p_x
   40   1   0   0       1.84533694  s
   40   2   1  -1       1.43135160  p_y
   40   2   1   0       1.53621828  p_z
   40   2   1   1       1.61435884  p_x
   41   1   0   0       1.84538616  s
   41   2   1  -1       1.43088167  p_y
   41   2   1   0       1.53609265  p_z
   41   2   1   1       1.61489451  p_x
   42   1   0   0       1.84165356  s
   42   2   1  -1       1.43669221  p_y
   42   2   1   0       1.53284792  p_z
   42   2   1   1       1.61676607  p_x
   43   1   0   0       1.83989590  s
   43   2   1  -1       1.43944361  p_y
   43   2   1   0       1.53143563  p_z
   43   2   1   1       1.61599828  p_x
   44   1   0   0       1.86834121  s
   44   2   1  -1       1.41631644  p_y
   44   2   1   0       1.52964226  p_z
   44   2   1   1       1.58431603  p_x
   45   1   0   0       1.84091943  s
   45   2   1  -1       1.69335721  p_y
   45   2   1   0       1.52775261  p_z
   45   2   1   1       1.37892706  p_x
   46   1   0   0       1.84093335  s
   46   2   1  -1       1.69300489  p_y
   46   2   1   0       1.52793540  p_z
   46   2   1   1       1.37908236  p_x
   47   1   0   0       1.83878650  s
   47   2   1  -1       1.69454877  p_y
   47   2   1   0       1.52745519  p_z
   47   2   1   1       1.38247557  p_x
   48   1   0   0       1.83882497  s
   48   2   1  -1       1.69451157  p_y
   48   2   1   0       1.52747308  p_z
   48   2   1   1       1.38244873  p_x
   49   1   0   0       1.84686558  s
   49   2   1  -1       1.68416752  p_y
   49   2   1   0       1.68546661  p_z
   49   2   1   1       1.24780523  p_x
   50   1   0   0       1.86956166  s
   50   2   1  -1       1.66248129  p_y
   50   2   1   0       1.66925229  p_z
   50   2   1   1       1.23354959  p_x
   51   1   0   0       1.84886261  s
   51   2   1  -1       1.68050096  p_y
   51   2   1   0       1.68443526  p_z
   51   2   1   1       1.25067997  p_x
   52   1   0   0       1.84751950  s
   52   2   1  -1       1.68405971  p_y
   52   2   1   0       1.68320199  p_z
   52   2   1   1       1.24971504  p_x
   53   1   0   0       1.84750585  s
   53   2   1  -1       1.68396669  p_y
   53   2   1   0       1.68342753  p_z
   53   2   1   1       1.24965143  p_x
   54   1   0   0       1.84878334  s
   54   2   1  -1       1.68063439  p_y
   54   2   1   0       1.68462243  p_z
   54   2   1   1       1.25052785  p_x
   55   1   0   0       1.86958080  s
   55   2   1  -1       1.66268520  p_y
   55   2   1   0       1.66904275  p_z
   55   2   1   1       1.23355533  p_x
   56   1   0   0       1.84688817  s
   56   2   1  -1       1.68413022  p_y
   56   2   1   0       1.68525944  p_z
   56   2   1   1       1.24796723  p_x
   57   1   0   0       1.86737599  s
   57   2   1  -1       1.66684175  p_y
   57   2   1   0       1.23402192  p_z
   57   2   1   1       1.64873783  p_x
   58   1   0   0       1.84748258  s
   58   2   1  -1       1.67471255  p_y
   58   2   1   0       1.25104773  p_z
   58   2   1   1       1.67179175  p_x
   59   1   0   0       1.84826815  s
   59   2   1  -1       1.67461411  p_y
   59   2   1   0       1.25062237  p_z
   59   2   1   1       1.67392359  p_x
   60   1   0   0       1.84629129  s
   60   2   1  -1       1.68212205  p_y
   60   2   1   0       1.24791010  p_z
   60   2   1   1       1.67117884  p_x
   61   1   0   0       1.84639184  s
   61   2   1  -1       1.68177697  p_y
   61   2   1   0       1.24810343  p_z
   61   2   1   1       1.67110671  p_x
   62   1   0   0       1.84837383  s
   62   2   1  -1       1.67452953  p_y
   62   2   1   0       1.25078800  p_z
   62   2   1   1       1.67362469  p_x
   63   1   0   0       1.84753235  s
   63   2   1  -1       1.67435507  p_y
   63   2   1   0       1.25106353  p_z
   63   2   1   1       1.67206892  p_x
   64   1   0   0       1.86746853  s
   64   2   1  -1       1.66633634  p_y
   64   2   1   0       1.23413177  p_z
   64   2   1   1       1.64893813  p_x
   65   1   0   0       1.84672507  s
   65   2   1  -1       1.24799632  p_y
   65   2   1   0       1.67591956  p_z
   65   2   1   1       1.66798208  p_x
   66   1   0   0       1.84406713  s
   66   2   1  -1       1.24415476  p_y
   66   2   1   0       1.67986957  p_z
   66   2   1   1       1.67518166  p_x
   67   1   0   0       1.84661244  s
   67   2   1  -1       1.24778958  p_y
   67   2   1   0       1.67615923  p_z
   67   2   1   1       1.66818120  p_x
   68   1   0   0       1.84402407  s
   68   2   1  -1       1.24396991  p_y
   68   2   1   0       1.68016848  p_z
   68   2   1   1       1.67521532  p_x
   69   1   0   0       1.86629965  s
   69   2   1  -1       1.23365925  p_y
   69   2   1   0       1.64599308  p_z
   69   2   1   1       1.66329420  p_x
   70   1   0   0       1.84578723  s
   70   2   1  -1       1.24796590  p_y
   70   2   1   0       1.67414161  p_z
   70   2   1   1       1.67401118  p_x
   71   1   0   0       1.86623807  s
   71   2   1  -1       1.23343358  p_y
   71   2   1   0       1.64665547  p_z
   71   2   1   1       1.66298859  p_x
   72   1   0   0       1.84573860  s
   72   2   1  -1       1.24788561  p_y
   72   2   1   0       1.67435809  p_z
   72   2   1   1       1.67392615  p_x

Fermi level:                        -0.1296596506 H           -3.5282 eV
Band energy:                      -169.2951954712 H        -4606.7567 eV
TS:                                  0.0000000000 H            0.0000 eV
Band free energy (E-TS):          -169.2951954712 H        -4606.7567 eV
Extrapolated E(0K):               -169.2951954712 H        -4606.7567 eV
Input / Output electrons (q):    384.0000000000    384.0000000000

Energy H0:                        -195.0714711761 H        -5308.1648 eV
Energy SCC:                          0.7235020769 H           19.6875 eV
Total Electronic energy:          -194.3479690993 H        -5288.4773 eV
Repulsive energy:                    1.9673467207 H           53.5342 eV
Total energy:                     -192.3806223786 H        -5234.9431 eV
Extrapolated to 0:                -192.3806223786 H        -5234.9431 eV
Total Mermin free energy:         -192.3806223786 H        -5234.9431 eV
Force related energy:             -192.3806223786 H        -5234.9431 eV

Non-constrained calculation

SCC converged

Full geometry written in geo_end.{xyz|gen}

Warning: dipole moment is not defined absolutely!
Dipole moment:    0.15958632   26.20755438   29.16656618 au
Dipole moment:    0.40562801   66.61296421   74.13402260 Debye

Geometry converged

